2019-11-24 09:30:05,351 INFO org.springframework.boot.StartupInfoLogger [main] Starting SmbErpApplication on Burhani152 with PID 20948 (D:\Projects\SmbErp\target\classes started by Burhani152 in D:\Projects\SmbErp)
2019-11-24 09:30:05,383 INFO org.springframework.boot.SpringApplication [main] No active profile set, falling back to default profiles: default
2019-11-24 09:30:05,789 INFO org.springframework.data.repository.config.RepositoryConfigurationDelegate [main] Bootstrapping Spring Data repositories in DEFAULT mode.
2019-11-24 09:30:05,820 INFO org.springframework.data.repository.config.RepositoryConfigurationDelegate [main] Finished Spring Data repository scanning in 16ms. Found 0 repository interfaces.
2019-11-24 09:30:06,367 INFO org.springframework.context.support.PostProcessorRegistrationDelegate$BeanPostProcessorChecker [main] Bean 'org.springframework.transaction.annotation.ProxyTransactionManagementConfiguration' of type [org.springframework.transaction.annotation.ProxyTransactionManagementConfiguration$$EnhancerBySpringCGLIB$$a3fd1d3e] is not eligible for getting processed by all BeanPostProcessors (for example: not eligible for auto-proxying)
2019-11-24 09:30:06,398 INFO org.springframework.context.support.PostProcessorRegistrationDelegate$BeanPostProcessorChecker [main] Bean 'org.joinfaces.autoconfigure.javaxfaces.JsfBeansAutoConfiguration$Jsf2_3AutoConfiguration' of type [org.joinfaces.autoconfigure.javaxfaces.JsfBeansAutoConfiguration$Jsf2_3AutoConfiguration$$EnhancerBySpringCGLIB$$b41866f3] is not eligible for getting processed by all BeanPostProcessors (for example: not eligible for auto-proxying)
2019-11-24 09:30:06,398 INFO org.springframework.context.support.PostProcessorRegistrationDelegate$BeanPostProcessorChecker [main] Bean 'org.joinfaces.autoconfigure.javaxfaces.JsfBeansAutoConfiguration' of type [org.joinfaces.autoconfigure.javaxfaces.JsfBeansAutoConfiguration$$EnhancerBySpringCGLIB$$6846ebf9] is not eligible for getting processed by all BeanPostProcessors (for example: not eligible for auto-proxying)
2019-11-24 09:30:06,742 INFO org.springframework.boot.web.embedded.tomcat.TomcatWebServer [main] Tomcat initialized with port(s): 8080 (http)
2019-11-24 09:30:06,757 INFO org.apache.juli.logging.DirectJDKLog [main] Initializing ProtocolHandler ["http-nio-8080"]
2019-11-24 09:30:06,757 INFO org.apache.juli.logging.DirectJDKLog [main] Starting service [Tomcat]
2019-11-24 09:30:06,773 INFO org.apache.juli.logging.DirectJDKLog [main] Starting Servlet engine: [Apache Tomcat/9.0.24]
2019-11-24 09:30:06,975 INFO org.apache.juli.logging.DirectJDKLog [main] At least one JAR was scanned for TLDs yet contained no TLDs. Enable debug logging for this logger for a complete list of JARs that were scanned but no TLDs were found in them. Skipping unneeded JARs during scanning can improve startup time and JSP compilation time.
2019-11-24 09:30:06,991 INFO org.apache.juli.logging.DirectJDKLog [main] Initializing Spring embedded WebApplicationContext
2019-11-24 09:30:07,006 INFO org.springframework.boot.web.servlet.context.ServletWebServerApplicationContext [main] Root WebApplicationContext: initialization completed in 1577 ms
2019-11-24 09:30:08,504 INFO org.joinfaces.autoconfigure.servlet.initializer.ServletContainerInitializerRegistrationBean [main] Resolving classes for com.sun.faces.config.FacesInitializer took 1.185s
2019-11-24 09:30:08,551 INFO com.sun.faces.config.ConfigureListener [main] Initializing Mojarra 2.3.8 ( 20181116-0037 55af8b79ca53ec2df566f9c08a430259d30f9ba5) for context ''
2019-11-24 09:30:08,739 INFO com.sun.faces.spi.InjectionProviderFactory [main] JSF1048: PostConstruct/PreDestroy annotations present.  ManagedBeans methods marked with these annotations will have said annotations processed.
2019-11-24 09:30:09,192 INFO org.primefaces.webapp.PostConstructApplicationEventListener [main] Running on PrimeFaces 7.0
2019-11-24 09:30:09,192 INFO org.primefaces.extensions.application.PostConstructApplicationEventListener [main] Running on PrimeFaces Extensions 6.2.10
2019-11-24 09:30:09,285 INFO com.zaxxer.hikari.HikariDataSource [main] HikariPool-1 - Starting...
2019-11-24 09:30:09,301 INFO com.zaxxer.hikari.HikariDataSource [main] HikariPool-1 - Start completed.
2019-11-24 09:30:09,364 INFO org.hibernate.jpa.internal.util.LogHelper [main] HHH000204: Processing PersistenceUnitInfo [
	name: default
	...]
2019-11-24 09:30:09,426 INFO org.hibernate.Version [main] HHH000412: Hibernate Core {5.3.11.Final}
2019-11-24 09:30:09,442 INFO org.hibernate.cfg.Environment [main] HHH000206: hibernate.properties not found
2019-11-24 09:30:09,582 INFO org.hibernate.annotations.common.reflection.java.JavaReflectionManager [main] HCANN000001: Hibernate Commons Annotations {5.0.4.Final}
2019-11-24 09:30:09,739 INFO org.hibernate.dialect.Dialect [main] HHH000400: Using dialect: org.hibernate.dialect.MySQL5Dialect
2019-11-24 09:30:11,066 INFO org.hibernate.hql.internal.QueryTranslatorFactoryInitiator [main] HHH000397: Using ASTQueryTranslatorFactory
2019-11-24 09:30:11,176 INFO org.springframework.orm.jpa.AbstractEntityManagerFactoryBean [main] Initialized JPA EntityManagerFactory for persistence unit 'default'
2019-11-24 09:30:11,176 WARN org.springframework.context.support.AbstractApplicationContext [main] Exception encountered during context initialization - cancelling refresh attempt: org.springframework.beans.factory.UnsatisfiedDependencyException: Error creating bean with name 'productCategoryController': Unsatisfied dependency expressed through field 'pdrepo'; nested exception is org.springframework.beans.factory.NoSuchBeanDefinitionException: No qualifying bean of type 'com.smb.erp.repo.ProductCategoryRepository' available: expected at least 1 bean which qualifies as autowire candidate. Dependency annotations: {@org.springframework.beans.factory.annotation.Autowired(required=true)}
2019-11-24 09:30:11,191 INFO org.springframework.orm.jpa.AbstractEntityManagerFactoryBean [main] Closing JPA EntityManagerFactory for persistence unit 'default'
2019-11-24 09:30:11,191 INFO com.zaxxer.hikari.HikariDataSource [main] HikariPool-1 - Shutdown initiated...
2019-11-24 09:30:11,191 INFO com.zaxxer.hikari.HikariDataSource [main] HikariPool-1 - Shutdown completed.
2019-11-24 09:30:11,207 INFO org.apache.juli.logging.DirectJDKLog [main] Stopping service [Tomcat]
2019-11-24 09:30:11,254 INFO org.springframework.boot.autoconfigure.logging.ConditionEvaluationReportLoggingListener [main] 

Error starting ApplicationContext. To display the conditions report re-run your application with 'debug' enabled.
2019-11-24 09:30:11,332 ERROR org.springframework.boot.diagnostics.LoggingFailureAnalysisReporter [main] 

***************************
APPLICATION FAILED TO START
***************************

Description:

Field pdrepo in com.smb.erp.repo.ProductCategoryController required a bean of type 'com.smb.erp.repo.ProductCategoryRepository' that could not be found.

The injection point has the following annotations:
	- @org.springframework.beans.factory.annotation.Autowired(required=true)


Action:

Consider defining a bean of type 'com.smb.erp.repo.ProductCategoryRepository' in your configuration.

2019-11-24 09:34:22,434 INFO org.springframework.boot.StartupInfoLogger [main] Starting SmbErpApplication on Burhani152 with PID 12068 (D:\Projects\SmbErp\target\classes started by Burhani152 in D:\Projects\SmbErp)
2019-11-24 09:34:22,465 INFO org.springframework.boot.SpringApplication [main] No active profile set, falling back to default profiles: default
2019-11-24 09:34:22,871 INFO org.springframework.data.repository.config.RepositoryConfigurationDelegate [main] Bootstrapping Spring Data repositories in DEFAULT mode.
2019-11-24 09:34:22,887 INFO org.springframework.data.repository.config.RepositoryConfigurationDelegate [main] Finished Spring Data repository scanning in 0ms. Found 0 repository interfaces.
2019-11-24 09:34:23,449 INFO org.springframework.context.support.PostProcessorRegistrationDelegate$BeanPostProcessorChecker [main] Bean 'org.springframework.transaction.annotation.ProxyTransactionManagementConfiguration' of type [org.springframework.transaction.annotation.ProxyTransactionManagementConfiguration$$EnhancerBySpringCGLIB$$5831001e] is not eligible for getting processed by all BeanPostProcessors (for example: not eligible for auto-proxying)
2019-11-24 09:34:23,480 INFO org.springframework.context.support.PostProcessorRegistrationDelegate$BeanPostProcessorChecker [main] Bean 'org.joinfaces.autoconfigure.javaxfaces.JsfBeansAutoConfiguration$Jsf2_3AutoConfiguration' of type [org.joinfaces.autoconfigure.javaxfaces.JsfBeansAutoConfiguration$Jsf2_3AutoConfiguration$$EnhancerBySpringCGLIB$$684c49d3] is not eligible for getting processed by all BeanPostProcessors (for example: not eligible for auto-proxying)
2019-11-24 09:34:23,480 INFO org.springframework.context.support.PostProcessorRegistrationDelegate$BeanPostProcessorChecker [main] Bean 'org.joinfaces.autoconfigure.javaxfaces.JsfBeansAutoConfiguration' of type [org.joinfaces.autoconfigure.javaxfaces.JsfBeansAutoConfiguration$$EnhancerBySpringCGLIB$$1c7aced9] is not eligible for getting processed by all BeanPostProcessors (for example: not eligible for auto-proxying)
2019-11-24 09:34:23,808 INFO org.springframework.boot.web.embedded.tomcat.TomcatWebServer [main] Tomcat initialized with port(s): 8080 (http)
2019-11-24 09:34:23,824 INFO org.apache.juli.logging.DirectJDKLog [main] Initializing ProtocolHandler ["http-nio-8080"]
2019-11-24 09:34:23,840 INFO org.apache.juli.logging.DirectJDKLog [main] Starting service [Tomcat]
2019-11-24 09:34:23,840 INFO org.apache.juli.logging.DirectJDKLog [main] Starting Servlet engine: [Apache Tomcat/9.0.24]
2019-11-24 09:34:24,058 INFO org.apache.juli.logging.DirectJDKLog [main] At least one JAR was scanned for TLDs yet contained no TLDs. Enable debug logging for this logger for a complete list of JARs that were scanned but no TLDs were found in them. Skipping unneeded JARs during scanning can improve startup time and JSP compilation time.
2019-11-24 09:34:24,074 INFO org.apache.juli.logging.DirectJDKLog [main] Initializing Spring embedded WebApplicationContext
2019-11-24 09:34:24,089 INFO org.springframework.boot.web.servlet.context.ServletWebServerApplicationContext [main] Root WebApplicationContext: initialization completed in 1593 ms
2019-11-24 09:34:25,563 INFO org.joinfaces.autoconfigure.servlet.initializer.ServletContainerInitializerRegistrationBean [main] Resolving classes for com.sun.faces.config.FacesInitializer took 1.177s
2019-11-24 09:34:25,610 INFO com.sun.faces.config.ConfigureListener [main] Initializing Mojarra 2.3.8 ( 20181116-0037 55af8b79ca53ec2df566f9c08a430259d30f9ba5) for context ''
2019-11-24 09:34:25,784 INFO com.sun.faces.spi.InjectionProviderFactory [main] JSF1048: PostConstruct/PreDestroy annotations present.  ManagedBeans methods marked with these annotations will have said annotations processed.
2019-11-24 09:34:26,253 INFO org.primefaces.webapp.PostConstructApplicationEventListener [main] Running on PrimeFaces 7.0
2019-11-24 09:34:26,253 INFO org.primefaces.extensions.application.PostConstructApplicationEventListener [main] Running on PrimeFaces Extensions 6.2.10
2019-11-24 09:34:26,347 INFO com.zaxxer.hikari.HikariDataSource [main] HikariPool-1 - Starting...
2019-11-24 09:34:26,378 INFO com.zaxxer.hikari.HikariDataSource [main] HikariPool-1 - Start completed.
2019-11-24 09:34:26,425 INFO org.hibernate.jpa.internal.util.LogHelper [main] HHH000204: Processing PersistenceUnitInfo [
	name: default
	...]
2019-11-24 09:34:26,503 INFO org.hibernate.Version [main] HHH000412: Hibernate Core {5.3.11.Final}
2019-11-24 09:34:26,518 INFO org.hibernate.cfg.Environment [main] HHH000206: hibernate.properties not found
2019-11-24 09:34:26,643 INFO org.hibernate.annotations.common.reflection.java.JavaReflectionManager [main] HCANN000001: Hibernate Commons Annotations {5.0.4.Final}
2019-11-24 09:34:26,815 INFO org.hibernate.dialect.Dialect [main] HHH000400: Using dialect: org.hibernate.dialect.MySQL5Dialect
2019-11-24 09:34:27,987 INFO org.hibernate.hql.internal.QueryTranslatorFactoryInitiator [main] HHH000397: Using ASTQueryTranslatorFactory
2019-11-24 09:34:28,081 INFO org.springframework.orm.jpa.AbstractEntityManagerFactoryBean [main] Initialized JPA EntityManagerFactory for persistence unit 'default'
2019-11-24 09:34:28,096 WARN org.springframework.context.support.AbstractApplicationContext [main] Exception encountered during context initialization - cancelling refresh attempt: org.springframework.beans.factory.UnsatisfiedDependencyException: Error creating bean with name 'productCategoryController': Unsatisfied dependency expressed through field 'pdrepo'; nested exception is org.springframework.beans.factory.NoSuchBeanDefinitionException: No qualifying bean of type 'com.smb.erp.repo.ProductCategoryRepository' available: expected at least 1 bean which qualifies as autowire candidate. Dependency annotations: {@org.springframework.beans.factory.annotation.Autowired(required=true)}
2019-11-24 09:34:28,096 INFO org.springframework.orm.jpa.AbstractEntityManagerFactoryBean [main] Closing JPA EntityManagerFactory for persistence unit 'default'
2019-11-24 09:34:28,112 INFO com.zaxxer.hikari.HikariDataSource [main] HikariPool-1 - Shutdown initiated...
2019-11-24 09:34:28,112 INFO com.zaxxer.hikari.HikariDataSource [main] HikariPool-1 - Shutdown completed.
2019-11-24 09:34:28,127 INFO org.apache.juli.logging.DirectJDKLog [main] Stopping service [Tomcat]
2019-11-24 09:34:28,159 INFO org.springframework.boot.autoconfigure.logging.ConditionEvaluationReportLoggingListener [main] 

Error starting ApplicationContext. To display the conditions report re-run your application with 'debug' enabled.
2019-11-24 09:34:28,252 ERROR org.springframework.boot.diagnostics.LoggingFailureAnalysisReporter [main] 

***************************
APPLICATION FAILED TO START
***************************

Description:

Field pdrepo in com.smb.erp.controller.ProductCategoryController required a bean of type 'com.smb.erp.repo.ProductCategoryRepository' that could not be found.

The injection point has the following annotations:
	- @org.springframework.beans.factory.annotation.Autowired(required=true)


Action:

Consider defining a bean of type 'com.smb.erp.repo.ProductCategoryRepository' in your configuration.

2019-11-24 09:37:02,907 INFO org.springframework.boot.StartupInfoLogger [main] Starting SmbErpApplication on Burhani152 with PID 13192 (D:\Projects\SmbErp\target\classes started by Burhani152 in D:\Projects\SmbErp)
2019-11-24 09:37:02,938 INFO org.springframework.boot.SpringApplication [main] No active profile set, falling back to default profiles: default
2019-11-24 09:37:03,375 INFO org.springframework.data.repository.config.RepositoryConfigurationDelegate [main] Bootstrapping Spring Data repositories in DEFAULT mode.
2019-11-24 09:37:03,438 INFO org.springframework.data.repository.config.RepositoryConfigurationDelegate [main] Finished Spring Data repository scanning in 47ms. Found 2 repository interfaces.
2019-11-24 09:37:03,967 INFO org.springframework.context.support.PostProcessorRegistrationDelegate$BeanPostProcessorChecker [main] Bean 'org.springframework.transaction.annotation.ProxyTransactionManagementConfiguration' of type [org.springframework.transaction.annotation.ProxyTransactionManagementConfiguration$$EnhancerBySpringCGLIB$$cc490b7a] is not eligible for getting processed by all BeanPostProcessors (for example: not eligible for auto-proxying)
2019-11-24 09:37:03,983 INFO org.springframework.context.support.PostProcessorRegistrationDelegate$BeanPostProcessorChecker [main] Bean 'org.joinfaces.autoconfigure.javaxfaces.JsfBeansAutoConfiguration$Jsf2_3AutoConfiguration' of type [org.joinfaces.autoconfigure.javaxfaces.JsfBeansAutoConfiguration$Jsf2_3AutoConfiguration$$EnhancerBySpringCGLIB$$dc64552f] is not eligible for getting processed by all BeanPostProcessors (for example: not eligible for auto-proxying)
2019-11-24 09:37:03,999 INFO org.springframework.context.support.PostProcessorRegistrationDelegate$BeanPostProcessorChecker [main] Bean 'org.joinfaces.autoconfigure.javaxfaces.JsfBeansAutoConfiguration' of type [org.joinfaces.autoconfigure.javaxfaces.JsfBeansAutoConfiguration$$EnhancerBySpringCGLIB$$9092da35] is not eligible for getting processed by all BeanPostProcessors (for example: not eligible for auto-proxying)
2019-11-24 09:37:04,342 INFO org.springframework.boot.web.embedded.tomcat.TomcatWebServer [main] Tomcat initialized with port(s): 8080 (http)
2019-11-24 09:37:04,358 INFO org.apache.juli.logging.DirectJDKLog [main] Initializing ProtocolHandler ["http-nio-8080"]
2019-11-24 09:37:04,374 INFO org.apache.juli.logging.DirectJDKLog [main] Starting service [Tomcat]
2019-11-24 09:37:04,374 INFO org.apache.juli.logging.DirectJDKLog [main] Starting Servlet engine: [Apache Tomcat/9.0.24]
2019-11-24 09:37:04,592 INFO org.apache.juli.logging.DirectJDKLog [main] At least one JAR was scanned for TLDs yet contained no TLDs. Enable debug logging for this logger for a complete list of JARs that were scanned but no TLDs were found in them. Skipping unneeded JARs during scanning can improve startup time and JSP compilation time.
2019-11-24 09:37:04,608 INFO org.apache.juli.logging.DirectJDKLog [main] Initializing Spring embedded WebApplicationContext
2019-11-24 09:37:04,608 INFO org.springframework.boot.web.servlet.context.ServletWebServerApplicationContext [main] Root WebApplicationContext: initialization completed in 1639 ms
2019-11-24 09:37:06,080 INFO org.joinfaces.autoconfigure.servlet.initializer.ServletContainerInitializerRegistrationBean [main] Resolving classes for com.sun.faces.config.FacesInitializer took 1.363s
2019-11-24 09:37:06,127 INFO com.sun.faces.config.ConfigureListener [main] Initializing Mojarra 2.3.8 ( 20181116-0037 55af8b79ca53ec2df566f9c08a430259d30f9ba5) for context ''
2019-11-24 09:37:06,314 INFO com.sun.faces.spi.InjectionProviderFactory [main] JSF1048: PostConstruct/PreDestroy annotations present.  ManagedBeans methods marked with these annotations will have said annotations processed.
2019-11-24 09:37:06,814 INFO org.primefaces.webapp.PostConstructApplicationEventListener [main] Running on PrimeFaces 7.0
2019-11-24 09:37:06,814 INFO org.primefaces.extensions.application.PostConstructApplicationEventListener [main] Running on PrimeFaces Extensions 6.2.10
2019-11-24 09:37:06,921 INFO com.zaxxer.hikari.HikariDataSource [main] HikariPool-1 - Starting...
2019-11-24 09:37:06,937 INFO com.zaxxer.hikari.HikariDataSource [main] HikariPool-1 - Start completed.
2019-11-24 09:37:06,983 INFO org.hibernate.jpa.internal.util.LogHelper [main] HHH000204: Processing PersistenceUnitInfo [
	name: default
	...]
2019-11-24 09:37:07,077 INFO org.hibernate.Version [main] HHH000412: Hibernate Core {5.3.11.Final}
2019-11-24 09:37:07,077 INFO org.hibernate.cfg.Environment [main] HHH000206: hibernate.properties not found
2019-11-24 09:37:07,218 INFO org.hibernate.annotations.common.reflection.java.JavaReflectionManager [main] HCANN000001: Hibernate Commons Annotations {5.0.4.Final}
2019-11-24 09:37:07,390 INFO org.hibernate.dialect.Dialect [main] HHH000400: Using dialect: org.hibernate.dialect.MySQL5Dialect
2019-11-24 09:37:08,592 INFO org.hibernate.hql.internal.QueryTranslatorFactoryInitiator [main] HHH000397: Using ASTQueryTranslatorFactory
2019-11-24 09:37:08,702 INFO org.springframework.orm.jpa.AbstractEntityManagerFactoryBean [main] Initialized JPA EntityManagerFactory for persistence unit 'default'
2019-11-24 09:37:09,280 INFO org.springframework.scheduling.concurrent.ExecutorConfigurationSupport [main] Initializing ExecutorService 'applicationTaskExecutor'
2019-11-24 09:37:09,623 INFO org.apache.juli.logging.DirectJDKLog [main] Starting ProtocolHandler ["http-nio-8080"]
2019-11-24 09:37:09,655 INFO org.springframework.boot.web.embedded.tomcat.TomcatWebServer [main] Tomcat started on port(s): 8080 (http) with context path ''
2019-11-24 09:37:09,655 INFO org.springframework.boot.StartupInfoLogger [main] Started SmbErpApplication in 7.311 seconds (JVM running for 10.463)
2019-11-24 17:54:38,102 INFO org.springframework.boot.StartupInfoLogger [main] Starting SmbErpApplication on Burhani152 with PID 12808 (D:\Projects\SmbErp\target\classes started by Burhani152 in D:\Projects\SmbErp)
2019-11-24 17:54:38,148 INFO org.springframework.boot.SpringApplication [main] No active profile set, falling back to default profiles: default
2019-11-24 17:54:38,618 INFO org.springframework.data.repository.config.RepositoryConfigurationDelegate [main] Bootstrapping Spring Data repositories in DEFAULT mode.
2019-11-24 17:54:38,703 INFO org.springframework.data.repository.config.RepositoryConfigurationDelegate [main] Finished Spring Data repository scanning in 69ms. Found 5 repository interfaces.
2019-11-24 17:54:39,249 INFO org.springframework.context.support.PostProcessorRegistrationDelegate$BeanPostProcessorChecker [main] Bean 'org.springframework.transaction.annotation.ProxyTransactionManagementConfiguration' of type [org.springframework.transaction.annotation.ProxyTransactionManagementConfiguration$$EnhancerBySpringCGLIB$$574be3f8] is not eligible for getting processed by all BeanPostProcessors (for example: not eligible for auto-proxying)
2019-11-24 17:54:39,275 INFO org.springframework.context.support.PostProcessorRegistrationDelegate$BeanPostProcessorChecker [main] Bean 'org.joinfaces.autoconfigure.javaxfaces.JsfBeansAutoConfiguration$Jsf2_3AutoConfiguration' of type [org.joinfaces.autoconfigure.javaxfaces.JsfBeansAutoConfiguration$Jsf2_3AutoConfiguration$$EnhancerBySpringCGLIB$$67672dad] is not eligible for getting processed by all BeanPostProcessors (for example: not eligible for auto-proxying)
2019-11-24 17:54:39,275 INFO org.springframework.context.support.PostProcessorRegistrationDelegate$BeanPostProcessorChecker [main] Bean 'org.joinfaces.autoconfigure.javaxfaces.JsfBeansAutoConfiguration' of type [org.joinfaces.autoconfigure.javaxfaces.JsfBeansAutoConfiguration$$EnhancerBySpringCGLIB$$1b95b2b3] is not eligible for getting processed by all BeanPostProcessors (for example: not eligible for auto-proxying)
2019-11-24 17:54:39,676 INFO org.springframework.boot.web.embedded.tomcat.TomcatWebServer [main] Tomcat initialized with port(s): 8080 (http)
2019-11-24 17:54:39,691 INFO org.apache.juli.logging.DirectJDKLog [main] Initializing ProtocolHandler ["http-nio-8080"]
2019-11-24 17:54:39,707 INFO org.apache.juli.logging.DirectJDKLog [main] Starting service [Tomcat]
2019-11-24 17:54:39,707 INFO org.apache.juli.logging.DirectJDKLog [main] Starting Servlet engine: [Apache Tomcat/9.0.24]
2019-11-24 17:54:40,192 INFO org.apache.juli.logging.DirectJDKLog [main] At least one JAR was scanned for TLDs yet contained no TLDs. Enable debug logging for this logger for a complete list of JARs that were scanned but no TLDs were found in them. Skipping unneeded JARs during scanning can improve startup time and JSP compilation time.
2019-11-24 17:54:40,208 INFO org.apache.juli.logging.DirectJDKLog [main] Initializing Spring embedded WebApplicationContext
2019-11-24 17:54:40,208 INFO org.springframework.boot.web.servlet.context.ServletWebServerApplicationContext [main] Root WebApplicationContext: initialization completed in 2022 ms
2019-11-24 17:54:41,557 INFO org.joinfaces.autoconfigure.servlet.initializer.ServletContainerInitializerRegistrationBean [main] Resolving classes for com.sun.faces.config.FacesInitializer took 1.249s
2019-11-24 17:54:41,610 INFO com.sun.faces.config.ConfigureListener [main] Initializing Mojarra 2.3.8 ( 20181116-0037 55af8b79ca53ec2df566f9c08a430259d30f9ba5) for context ''
2019-11-24 17:54:41,829 INFO com.sun.faces.spi.InjectionProviderFactory [main] JSF1048: PostConstruct/PreDestroy annotations present.  ManagedBeans methods marked with these annotations will have said annotations processed.
2019-11-24 17:54:42,348 INFO org.primefaces.webapp.PostConstructApplicationEventListener [main] Running on PrimeFaces 7.0
2019-11-24 17:54:42,363 INFO org.primefaces.extensions.application.PostConstructApplicationEventListener [main] Running on PrimeFaces Extensions 6.2.10
2019-11-24 17:54:42,463 INFO com.zaxxer.hikari.HikariDataSource [main] HikariPool-1 - Starting...
2019-11-24 17:54:42,479 INFO com.zaxxer.hikari.HikariDataSource [main] HikariPool-1 - Start completed.
2019-11-24 17:54:42,532 INFO org.hibernate.jpa.internal.util.LogHelper [main] HHH000204: Processing PersistenceUnitInfo [
	name: default
	...]
2019-11-24 17:54:42,633 INFO org.hibernate.Version [main] HHH000412: Hibernate Core {5.3.11.Final}
2019-11-24 17:54:42,633 INFO org.hibernate.cfg.Environment [main] HHH000206: hibernate.properties not found
2019-11-24 17:54:42,764 INFO org.hibernate.annotations.common.reflection.java.JavaReflectionManager [main] HCANN000001: Hibernate Commons Annotations {5.0.4.Final}
2019-11-24 17:54:42,949 INFO org.hibernate.dialect.Dialect [main] HHH000400: Using dialect: org.hibernate.dialect.MySQL5Dialect
2019-11-24 17:54:44,110 INFO org.hibernate.hql.internal.QueryTranslatorFactoryInitiator [main] HHH000397: Using ASTQueryTranslatorFactory
2019-11-24 17:54:44,210 INFO org.springframework.orm.jpa.AbstractEntityManagerFactoryBean [main] Initialized JPA EntityManagerFactory for persistence unit 'default'
2019-11-24 17:54:44,902 INFO org.springframework.scheduling.concurrent.ExecutorConfigurationSupport [main] Initializing ExecutorService 'applicationTaskExecutor'
2019-11-24 17:54:45,256 INFO org.apache.juli.logging.DirectJDKLog [main] Starting ProtocolHandler ["http-nio-8080"]
2019-11-24 17:54:45,286 INFO org.springframework.boot.web.embedded.tomcat.TomcatWebServer [main] Tomcat started on port(s): 8080 (http) with context path ''
2019-11-24 17:54:45,296 INFO org.springframework.boot.StartupInfoLogger [main] Started SmbErpApplication in 7.896 seconds (JVM running for 17.616)
2019-11-24 17:55:16,073 INFO org.apache.juli.logging.DirectJDKLog [http-nio-8080-exec-8] Initializing Spring DispatcherServlet 'dispatcherServlet'
2019-11-24 17:55:16,078 INFO org.springframework.web.servlet.FrameworkServlet [http-nio-8080-exec-8] Initializing Servlet 'dispatcherServlet'
2019-11-24 17:55:16,091 INFO org.springframework.web.servlet.FrameworkServlet [http-nio-8080-exec-8] Completed initialization in 10 ms
2019-11-24 18:20:39,546 INFO org.springframework.boot.StartupInfoLogger [main] Starting SmbErpApplication on Burhani152 with PID 2276 (D:\Projects\SmbErp\target\classes started by Burhani152 in D:\Projects\SmbErp)
2019-11-24 18:20:39,577 INFO org.springframework.boot.SpringApplication [main] No active profile set, falling back to default profiles: default
2019-11-24 18:20:40,127 INFO org.springframework.data.repository.config.RepositoryConfigurationDelegate [main] Bootstrapping Spring Data repositories in DEFAULT mode.
2019-11-24 18:20:40,236 INFO org.springframework.data.repository.config.RepositoryConfigurationDelegate [main] Finished Spring Data repository scanning in 78ms. Found 5 repository interfaces.
2019-11-24 18:20:40,893 INFO org.springframework.context.support.PostProcessorRegistrationDelegate$BeanPostProcessorChecker [main] Bean 'org.springframework.transaction.annotation.ProxyTransactionManagementConfiguration' of type [org.springframework.transaction.annotation.ProxyTransactionManagementConfiguration$$EnhancerBySpringCGLIB$$5a0c566c] is not eligible for getting processed by all BeanPostProcessors (for example: not eligible for auto-proxying)
2019-11-24 18:20:40,924 INFO org.springframework.context.support.PostProcessorRegistrationDelegate$BeanPostProcessorChecker [main] Bean 'org.joinfaces.autoconfigure.javaxfaces.JsfBeansAutoConfiguration$Jsf2_3AutoConfiguration' of type [org.joinfaces.autoconfigure.javaxfaces.JsfBeansAutoConfiguration$Jsf2_3AutoConfiguration$$EnhancerBySpringCGLIB$$6a27a021] is not eligible for getting processed by all BeanPostProcessors (for example: not eligible for auto-proxying)
2019-11-24 18:20:40,939 INFO org.springframework.context.support.PostProcessorRegistrationDelegate$BeanPostProcessorChecker [main] Bean 'org.joinfaces.autoconfigure.javaxfaces.JsfBeansAutoConfiguration' of type [org.joinfaces.autoconfigure.javaxfaces.JsfBeansAutoConfiguration$$EnhancerBySpringCGLIB$$1e562527] is not eligible for getting processed by all BeanPostProcessors (for example: not eligible for auto-proxying)
2019-11-24 18:20:41,314 INFO org.springframework.boot.web.embedded.tomcat.TomcatWebServer [main] Tomcat initialized with port(s): 8080 (http)
2019-11-24 18:20:41,330 INFO org.apache.juli.logging.DirectJDKLog [main] Initializing ProtocolHandler ["http-nio-8080"]
2019-11-24 18:20:41,346 INFO org.apache.juli.logging.DirectJDKLog [main] Starting service [Tomcat]
2019-11-24 18:20:41,346 INFO org.apache.juli.logging.DirectJDKLog [main] Starting Servlet engine: [Apache Tomcat/9.0.24]
2019-11-24 18:20:41,689 INFO org.apache.juli.logging.DirectJDKLog [main] At least one JAR was scanned for TLDs yet contained no TLDs. Enable debug logging for this logger for a complete list of JARs that were scanned but no TLDs were found in them. Skipping unneeded JARs during scanning can improve startup time and JSP compilation time.
2019-11-24 18:20:41,752 INFO org.apache.juli.logging.DirectJDKLog [main] Initializing Spring embedded WebApplicationContext
2019-11-24 18:20:41,752 INFO org.springframework.boot.web.servlet.context.ServletWebServerApplicationContext [main] Root WebApplicationContext: initialization completed in 2128 ms
2019-11-24 18:20:43,540 INFO org.joinfaces.autoconfigure.servlet.initializer.ServletContainerInitializerRegistrationBean [main] Resolving classes for com.sun.faces.config.FacesInitializer took 1.648s
2019-11-24 18:20:43,587 INFO com.sun.faces.config.ConfigureListener [main] Initializing Mojarra 2.3.8 ( 20181116-0037 55af8b79ca53ec2df566f9c08a430259d30f9ba5) for context ''
2019-11-24 18:20:43,790 INFO com.sun.faces.spi.InjectionProviderFactory [main] JSF1048: PostConstruct/PreDestroy annotations present.  ManagedBeans methods marked with these annotations will have said annotations processed.
2019-11-24 18:20:44,305 INFO org.primefaces.webapp.PostConstructApplicationEventListener [main] Running on PrimeFaces 7.0
2019-11-24 18:20:44,305 INFO org.primefaces.extensions.application.PostConstructApplicationEventListener [main] Running on PrimeFaces Extensions 6.2.10
2019-11-24 18:20:44,399 INFO com.zaxxer.hikari.HikariDataSource [main] HikariPool-1 - Starting...
2019-11-24 18:20:44,430 INFO com.zaxxer.hikari.HikariDataSource [main] HikariPool-1 - Start completed.
2019-11-24 18:20:44,477 INFO org.hibernate.jpa.internal.util.LogHelper [main] HHH000204: Processing PersistenceUnitInfo [
	name: default
	...]
2019-11-24 18:20:44,555 INFO org.hibernate.Version [main] HHH000412: Hibernate Core {5.3.11.Final}
2019-11-24 18:20:44,555 INFO org.hibernate.cfg.Environment [main] HHH000206: hibernate.properties not found
2019-11-24 18:20:44,680 INFO org.hibernate.annotations.common.reflection.java.JavaReflectionManager [main] HCANN000001: Hibernate Commons Annotations {5.0.4.Final}
2019-11-24 18:20:44,884 INFO org.hibernate.dialect.Dialect [main] HHH000400: Using dialect: org.hibernate.dialect.MySQL5Dialect
2019-11-24 18:20:46,197 INFO org.hibernate.hql.internal.QueryTranslatorFactoryInitiator [main] HHH000397: Using ASTQueryTranslatorFactory
2019-11-24 18:20:46,306 INFO org.springframework.orm.jpa.AbstractEntityManagerFactoryBean [main] Initialized JPA EntityManagerFactory for persistence unit 'default'
2019-11-24 18:20:47,072 INFO org.springframework.scheduling.concurrent.ExecutorConfigurationSupport [main] Initializing ExecutorService 'applicationTaskExecutor'
2019-11-24 18:20:47,462 INFO org.apache.juli.logging.DirectJDKLog [main] Starting ProtocolHandler ["http-nio-8080"]
2019-11-24 18:20:47,509 INFO org.springframework.boot.web.embedded.tomcat.TomcatWebServer [main] Tomcat started on port(s): 8080 (http) with context path ''
2019-11-24 18:20:47,509 INFO org.springframework.boot.StartupInfoLogger [main] Started SmbErpApplication in 8.666 seconds (JVM running for 12.459)
