2020-07-18 16:13:47,879 INFO org.springframework.boot.StartupInfoLogger [main] Starting SmbErpApplication on FatemaLaptop with PID 15688 (D:\Projects\SmbErp\target\classes started by FatemaLaptop in D:\Projects\SmbErp)
2020-07-18 16:13:47,946 INFO org.springframework.boot.SpringApplication [main] No active profile set, falling back to default profiles: default
2020-07-18 16:13:48,659 INFO org.springframework.data.repository.config.RepositoryConfigurationDelegate [main] Bootstrapping Spring Data JPA repositories in DEFAULT mode.
2020-07-18 16:13:48,970 INFO org.springframework.data.repository.config.RepositoryConfigurationDelegate [main] Finished Spring Data repository scanning in 256ms. Found 24 JPA repository interfaces.
2020-07-18 16:13:49,969 INFO org.springframework.context.support.PostProcessorRegistrationDelegate$BeanPostProcessorChecker [main] Bean 'org.springframework.transaction.annotation.ProxyTransactionManagementConfiguration' of type [org.springframework.transaction.annotation.ProxyTransactionManagementConfiguration] is not eligible for getting processed by all BeanPostProcessors (for example: not eligible for auto-proxying)
2020-07-18 16:13:50,051 INFO org.springframework.context.support.PostProcessorRegistrationDelegate$BeanPostProcessorChecker [main] Bean 'org.joinfaces.autoconfigure.javaxfaces.JsfBeansAutoConfiguration$Jsf2_3AutoConfiguration' of type [org.joinfaces.autoconfigure.javaxfaces.JsfBeansAutoConfiguration$Jsf2_3AutoConfiguration] is not eligible for getting processed by all BeanPostProcessors (for example: not eligible for auto-proxying)
2020-07-18 16:13:50,105 INFO org.springframework.context.support.PostProcessorRegistrationDelegate$BeanPostProcessorChecker [main] Bean 'org.joinfaces.autoconfigure.javaxfaces.JsfBeansAutoConfiguration' of type [org.joinfaces.autoconfigure.javaxfaces.JsfBeansAutoConfiguration] is not eligible for getting processed by all BeanPostProcessors (for example: not eligible for auto-proxying)
2020-07-18 16:13:50,650 INFO org.springframework.boot.web.embedded.tomcat.TomcatWebServer [main] Tomcat initialized with port(s): 8008 (http)
2020-07-18 16:13:50,814 INFO org.apache.juli.logging.DirectJDKLog [main] Initializing ProtocolHandler ["http-nio-8008"]
2020-07-18 16:13:50,865 INFO org.apache.juli.logging.DirectJDKLog [main] Starting service [Tomcat]
2020-07-18 16:13:50,906 INFO org.apache.juli.logging.DirectJDKLog [main] Starting Servlet engine: [Apache Tomcat/9.0.30]
2020-07-18 16:13:51,434 INFO org.apache.juli.logging.DirectJDKLog [main] At least one JAR was scanned for TLDs yet contained no TLDs. Enable debug logging for this logger for a complete list of JARs that were scanned but no TLDs were found in them. Skipping unneeded JARs during scanning can improve startup time and JSP compilation time.
2020-07-18 16:13:51,490 INFO org.apache.juli.logging.DirectJDKLog [main] Initializing Spring embedded WebApplicationContext
2020-07-18 16:13:51,532 INFO org.springframework.boot.web.servlet.context.ServletWebServerApplicationContext [main] Root WebApplicationContext: initialization completed in 3513 ms
2020-07-18 16:13:54,040 INFO org.joinfaces.autoconfigure.servlet.initializer.ServletContainerInitializerRegistrationBean [main] Resolving classes for com.sun.faces.config.FacesInitializer took 2.2718852s
2020-07-18 16:13:54,165 INFO com.sun.faces.config.ConfigureListener [main] Initializing Mojarra |version.string| for context ''
2020-07-18 16:13:54,650 INFO com.sun.faces.spi.InjectionProviderFactory [main] JSF1048: PostConstruct/PreDestroy annotations present.  ManagedBeans methods marked with these annotations will have said annotations processed.
2020-07-18 16:13:55,708 INFO org.primefaces.webapp.PostConstructApplicationEventListener [main] Running on PrimeFaces 7.0
2020-07-18 16:13:55,757 INFO org.primefaces.extensions.application.PostConstructApplicationEventListener [main] Running on PrimeFaces Extensions 7.0.3
2020-07-18 16:13:56,206 INFO org.hibernate.jpa.internal.util.LogHelper [main] HHH000204: Processing PersistenceUnitInfo [name: default]
2020-07-18 16:13:56,437 INFO org.hibernate.Version [main] HHH000412: Hibernate Core {5.4.10.Final}
2020-07-18 16:13:56,709 INFO org.hibernate.annotations.common.reflection.java.JavaReflectionManager [main] HCANN000001: Hibernate Commons Annotations {5.1.0.Final}
2020-07-18 16:13:56,919 INFO com.zaxxer.hikari.HikariDataSource [main] HikariPool-1 - Starting...
2020-07-18 16:13:57,017 INFO com.zaxxer.hikari.HikariDataSource [main] HikariPool-1 - Start completed.
2020-07-18 16:13:57,087 INFO org.hibernate.dialect.Dialect [main] HHH000400: Using dialect: org.hibernate.dialect.MySQL57Dialect
2020-07-18 16:13:59,930 INFO org.hibernate.engine.transaction.jta.platform.internal.JtaPlatformInitiator [main] HHH000490: Using JtaPlatform implementation: [org.hibernate.engine.transaction.jta.platform.internal.NoJtaPlatform]
2020-07-18 16:14:00,135 INFO org.springframework.orm.jpa.AbstractEntityManagerFactoryBean [main] Initialized JPA EntityManagerFactory for persistence unit 'default'
2020-07-18 16:14:00,879 WARN org.hibernate.dialect.function.TemplateRenderer [main] HHH000174: Function template anticipated 4 arguments, but 1 arguments encountered
2020-07-18 16:14:02,158 INFO org.springframework.scheduling.concurrent.ExecutorConfigurationSupport [main] Initializing ExecutorService 'applicationTaskExecutor'
2020-07-18 16:14:02,557 INFO org.apache.juli.logging.DirectJDKLog [main] Starting ProtocolHandler ["http-nio-8008"]
2020-07-18 16:14:02,624 INFO org.springframework.boot.web.embedded.tomcat.TomcatWebServer [main] Tomcat started on port(s): 8008 (http) with context path ''
2020-07-18 16:14:02,658 INFO org.springframework.boot.StartupInfoLogger [main] Started SmbErpApplication in 16.039 seconds (JVM running for 16.537)
2020-07-18 16:24:09,309 INFO org.apache.juli.logging.DirectJDKLog [http-nio-8008-exec-1] Initializing Spring DispatcherServlet 'dispatcherServlet'
2020-07-18 16:24:09,350 INFO org.springframework.web.servlet.FrameworkServlet [http-nio-8008-exec-1] Initializing Servlet 'dispatcherServlet'
2020-07-18 16:24:09,437 INFO org.springframework.web.servlet.FrameworkServlet [http-nio-8008-exec-1] Completed initialization in 15 ms
2020-07-18 16:38:37,892 INFO org.springframework.boot.StartupInfoLogger [main] Starting SmbErpApplication on FatemaLaptop with PID 15060 (D:\Projects\SmbErp\target\classes started by FatemaLaptop in D:\Projects\SmbErp)
2020-07-18 16:38:37,951 INFO org.springframework.boot.SpringApplication [main] No active profile set, falling back to default profiles: default
2020-07-18 16:38:38,655 INFO org.springframework.data.repository.config.RepositoryConfigurationDelegate [main] Bootstrapping Spring Data JPA repositories in DEFAULT mode.
2020-07-18 16:38:38,980 INFO org.springframework.data.repository.config.RepositoryConfigurationDelegate [main] Finished Spring Data repository scanning in 260ms. Found 24 JPA repository interfaces.
2020-07-18 16:38:39,690 INFO org.springframework.context.support.PostProcessorRegistrationDelegate$BeanPostProcessorChecker [main] Bean 'org.springframework.transaction.annotation.ProxyTransactionManagementConfiguration' of type [org.springframework.transaction.annotation.ProxyTransactionManagementConfiguration] is not eligible for getting processed by all BeanPostProcessors (for example: not eligible for auto-proxying)
2020-07-18 16:38:39,745 INFO org.springframework.context.support.PostProcessorRegistrationDelegate$BeanPostProcessorChecker [main] Bean 'org.joinfaces.autoconfigure.javaxfaces.JsfBeansAutoConfiguration$Jsf2_3AutoConfiguration' of type [org.joinfaces.autoconfigure.javaxfaces.JsfBeansAutoConfiguration$Jsf2_3AutoConfiguration] is not eligible for getting processed by all BeanPostProcessors (for example: not eligible for auto-proxying)
2020-07-18 16:38:39,783 INFO org.springframework.context.support.PostProcessorRegistrationDelegate$BeanPostProcessorChecker [main] Bean 'org.joinfaces.autoconfigure.javaxfaces.JsfBeansAutoConfiguration' of type [org.joinfaces.autoconfigure.javaxfaces.JsfBeansAutoConfiguration] is not eligible for getting processed by all BeanPostProcessors (for example: not eligible for auto-proxying)
2020-07-18 16:38:40,071 INFO org.springframework.boot.web.embedded.tomcat.TomcatWebServer [main] Tomcat initialized with port(s): 8008 (http)
2020-07-18 16:38:40,192 INFO org.apache.juli.logging.DirectJDKLog [main] Initializing ProtocolHandler ["http-nio-8008"]
2020-07-18 16:38:40,226 INFO org.apache.juli.logging.DirectJDKLog [main] Starting service [Tomcat]
2020-07-18 16:38:40,259 INFO org.apache.juli.logging.DirectJDKLog [main] Starting Servlet engine: [Apache Tomcat/9.0.30]
2020-07-18 16:38:40,590 INFO org.apache.juli.logging.DirectJDKLog [main] At least one JAR was scanned for TLDs yet contained no TLDs. Enable debug logging for this logger for a complete list of JARs that were scanned but no TLDs were found in them. Skipping unneeded JARs during scanning can improve startup time and JSP compilation time.
2020-07-18 16:38:40,634 INFO org.apache.juli.logging.DirectJDKLog [main] Initializing Spring embedded WebApplicationContext
2020-07-18 16:38:40,665 INFO org.springframework.boot.web.servlet.context.ServletWebServerApplicationContext [main] Root WebApplicationContext: initialization completed in 2613 ms
2020-07-18 16:38:42,038 INFO org.joinfaces.autoconfigure.servlet.initializer.ServletContainerInitializerRegistrationBean [main] Resolving classes for com.sun.faces.config.FacesInitializer took 1.2611433s
2020-07-18 16:38:42,123 INFO com.sun.faces.config.ConfigureListener [main] Initializing Mojarra |version.string| for context ''
2020-07-18 16:38:42,406 INFO com.sun.faces.spi.InjectionProviderFactory [main] JSF1048: PostConstruct/PreDestroy annotations present.  ManagedBeans methods marked with these annotations will have said annotations processed.
2020-07-18 16:38:42,930 INFO org.primefaces.webapp.PostConstructApplicationEventListener [main] Running on PrimeFaces 7.0
2020-07-18 16:38:42,988 INFO org.primefaces.extensions.application.PostConstructApplicationEventListener [main] Running on PrimeFaces Extensions 7.0.3
2020-07-18 16:38:43,200 INFO org.hibernate.jpa.internal.util.LogHelper [main] HHH000204: Processing PersistenceUnitInfo [name: default]
2020-07-18 16:38:43,332 INFO org.hibernate.Version [main] HHH000412: Hibernate Core {5.4.10.Final}
2020-07-18 16:38:43,586 INFO org.hibernate.annotations.common.reflection.java.JavaReflectionManager [main] HCANN000001: Hibernate Commons Annotations {5.1.0.Final}
2020-07-18 16:38:43,808 INFO com.zaxxer.hikari.HikariDataSource [main] HikariPool-1 - Starting...
2020-07-18 16:38:43,890 INFO com.zaxxer.hikari.HikariDataSource [main] HikariPool-1 - Start completed.
2020-07-18 16:38:43,951 INFO org.hibernate.dialect.Dialect [main] HHH000400: Using dialect: org.hibernate.dialect.MySQL57Dialect
2020-07-18 16:38:46,860 INFO org.hibernate.engine.transaction.jta.platform.internal.JtaPlatformInitiator [main] HHH000490: Using JtaPlatform implementation: [org.hibernate.engine.transaction.jta.platform.internal.NoJtaPlatform]
2020-07-18 16:38:47,092 INFO org.springframework.orm.jpa.AbstractEntityManagerFactoryBean [main] Initialized JPA EntityManagerFactory for persistence unit 'default'
2020-07-18 16:38:47,881 WARN org.hibernate.dialect.function.TemplateRenderer [main] HHH000174: Function template anticipated 4 arguments, but 1 arguments encountered
2020-07-18 16:38:49,063 INFO org.springframework.scheduling.concurrent.ExecutorConfigurationSupport [main] Initializing ExecutorService 'applicationTaskExecutor'
2020-07-18 16:38:49,515 INFO org.apache.juli.logging.DirectJDKLog [main] Starting ProtocolHandler ["http-nio-8008"]
2020-07-18 16:38:49,597 INFO org.springframework.boot.web.embedded.tomcat.TomcatWebServer [main] Tomcat started on port(s): 8008 (http) with context path ''
2020-07-18 16:38:49,652 INFO org.springframework.boot.StartupInfoLogger [main] Started SmbErpApplication in 13.426 seconds (JVM running for 13.942)
2020-07-18 16:39:40,238 INFO org.apache.juli.logging.DirectJDKLog [http-nio-8008-exec-9] Initializing Spring DispatcherServlet 'dispatcherServlet'
2020-07-18 16:39:40,271 INFO org.springframework.web.servlet.FrameworkServlet [http-nio-8008-exec-9] Initializing Servlet 'dispatcherServlet'
2020-07-18 16:39:40,314 INFO org.springframework.web.servlet.FrameworkServlet [http-nio-8008-exec-9] Completed initialization in 8 ms
2020-07-18 16:40:13,871 ERROR com.sun.faces.application.view.FaceletViewHandlingStrategy [http-nio-8008-exec-4] Error Rendering View[/busdoc/editbusdoc.xhtml]
org.primefaces.expression.ComponentNotFoundException: Cannot find component for expression ":historyform:historypanel" referenced from "mainform:transtable".
	at org.primefaces.expression.SearchExpressionFacade.cannotFindComponent(SearchExpressionFacade.java:720)
	at org.primefaces.expression.SearchExpressionFacade.resolveClientIds(SearchExpressionFacade.java:259)
	at org.primefaces.util.AjaxRequestBuilder.addExpressions(AjaxRequestBuilder.java:136)
	at org.primefaces.util.AjaxRequestBuilder.update(AjaxRequestBuilder.java:129)
	at org.primefaces.behavior.ajax.AjaxBehaviorRenderer.getScript(AjaxBehaviorRenderer.java:106)
	at javax.faces.component.behavior.ClientBehaviorBase.getScript(ClientBehaviorBase.java:80)
	at org.primefaces.renderkit.CoreRenderer.encodeClientBehaviors(CoreRenderer.java:571)
	at org.primefaces.component.datatable.DataTableRenderer.encodeScript(DataTableRenderer.java:310)
	at org.primefaces.component.datatable.DataTableRenderer.encodeEnd(DataTableRenderer.java:96)
	at javax.faces.component.UIComponentBase.encodeEnd(UIComponentBase.java:595)
	at javax.faces.component.UIComponent.encodeAll(UIComponent.java:1654)
	at javax.faces.render.Renderer.encodeChildren(Renderer.java:152)
	at javax.faces.component.UIComponentBase.encodeChildren(UIComponentBase.java:566)
	at org.primefaces.renderkit.CoreRenderer.renderChild(CoreRenderer.java:82)
	at org.primefaces.renderkit.CoreRenderer.renderChildren(CoreRenderer.java:69)
	at org.primefaces.extensions.component.layout.LayoutPaneRenderer.encodeEnd(LayoutPaneRenderer.java:160)
	at javax.faces.component.UIComponentBase.encodeEnd(UIComponentBase.java:595)
	at javax.faces.component.UIComponent.encodeAll(UIComponent.java:1654)
	at javax.faces.component.UIComponent.encodeAll(UIComponent.java:1650)
	at javax.faces.component.UIComponent.encodeAll(UIComponent.java:1650)
	at javax.faces.component.UIComponent.encodeAll(UIComponent.java:1650)
	at com.sun.faces.application.view.FaceletViewHandlingStrategy.renderView(FaceletViewHandlingStrategy.java:468)
	at com.sun.faces.application.view.MultiViewHandler.renderView(MultiViewHandler.java:170)
	at com.sun.faces.lifecycle.RenderResponsePhase.execute(RenderResponsePhase.java:102)
	at com.sun.faces.lifecycle.Phase.doPhase(Phase.java:76)
	at com.sun.faces.lifecycle.LifecycleImpl.render(LifecycleImpl.java:199)
	at javax.faces.webapp.FacesServlet.executeLifecyle(FacesServlet.java:708)
	at javax.faces.webapp.FacesServlet.service(FacesServlet.java:451)
	at org.apache.catalina.core.ApplicationFilterChain.internalDoFilter(ApplicationFilterChain.java:231)
	at org.apache.catalina.core.ApplicationFilterChain.doFilter(ApplicationFilterChain.java:166)
	at org.apache.tomcat.websocket.server.WsFilter.doFilter(WsFilter.java:53)
	at org.apache.catalina.core.ApplicationFilterChain.internalDoFilter(ApplicationFilterChain.java:193)
	at org.apache.catalina.core.ApplicationFilterChain.doFilter(ApplicationFilterChain.java:166)
	at org.springframework.orm.jpa.support.OpenEntityManagerInViewFilter.doFilterInternal(OpenEntityManagerInViewFilter.java:186)
	at org.springframework.web.filter.OncePerRequestFilter.doFilter(OncePerRequestFilter.java:119)
	at org.apache.catalina.core.ApplicationFilterChain.internalDoFilter(ApplicationFilterChain.java:193)
	at org.apache.catalina.core.ApplicationFilterChain.doFilter(ApplicationFilterChain.java:166)
	at org.springframework.web.filter.RequestContextFilter.doFilterInternal(RequestContextFilter.java:100)
	at org.springframework.web.filter.OncePerRequestFilter.doFilter(OncePerRequestFilter.java:119)
	at org.apache.catalina.core.ApplicationFilterChain.internalDoFilter(ApplicationFilterChain.java:193)
	at org.apache.catalina.core.ApplicationFilterChain.doFilter(ApplicationFilterChain.java:166)
	at org.springframework.web.filter.FormContentFilter.doFilterInternal(FormContentFilter.java:93)
	at org.springframework.web.filter.OncePerRequestFilter.doFilter(OncePerRequestFilter.java:119)
	at org.apache.catalina.core.ApplicationFilterChain.internalDoFilter(ApplicationFilterChain.java:193)
	at org.apache.catalina.core.ApplicationFilterChain.doFilter(ApplicationFilterChain.java:166)
	at org.springframework.web.filter.CharacterEncodingFilter.doFilterInternal(CharacterEncodingFilter.java:201)
	at org.springframework.web.filter.OncePerRequestFilter.doFilter(OncePerRequestFilter.java:119)
	at org.apache.catalina.core.ApplicationFilterChain.internalDoFilter(ApplicationFilterChain.java:193)
	at org.apache.catalina.core.ApplicationFilterChain.doFilter(ApplicationFilterChain.java:166)
	at org.apache.catalina.core.StandardWrapperValve.invoke(StandardWrapperValve.java:202)
	at org.apache.catalina.core.StandardContextValve.invoke(StandardContextValve.java:96)
	at org.apache.catalina.authenticator.AuthenticatorBase.invoke(AuthenticatorBase.java:541)
	at org.apache.catalina.core.StandardHostValve.invoke(StandardHostValve.java:139)
	at org.apache.catalina.valves.ErrorReportValve.invoke(ErrorReportValve.java:92)
	at org.apache.catalina.core.StandardEngineValve.invoke(StandardEngineValve.java:74)
	at org.apache.catalina.connector.CoyoteAdapter.service(CoyoteAdapter.java:343)
	at org.apache.coyote.http11.Http11Processor.service(Http11Processor.java:367)
	at org.apache.coyote.AbstractProcessorLight.process(AbstractProcessorLight.java:65)
	at org.apache.coyote.AbstractProtocol$ConnectionHandler.process(AbstractProtocol.java:860)
	at org.apache.tomcat.util.net.NioEndpoint$SocketProcessor.doRun(NioEndpoint.java:1598)
	at org.apache.tomcat.util.net.SocketProcessorBase.run(SocketProcessorBase.java:49)
	at java.util.concurrent.ThreadPoolExecutor.runWorker(ThreadPoolExecutor.java:1149)
	at java.util.concurrent.ThreadPoolExecutor$Worker.run(ThreadPoolExecutor.java:624)
	at org.apache.tomcat.util.threads.TaskThread$WrappingRunnable.run(TaskThread.java:61)
	at java.lang.Thread.run(Thread.java:748)
2020-07-18 16:40:14,073 ERROR com.sun.faces.context.ExceptionHandlerImpl [http-nio-8008-exec-4] JSF1073: org.primefaces.expression.ComponentNotFoundException caught during processing of RENDER_RESPONSE 6 : UIComponent-ClientId=, Message=Cannot find component for expression ":historyform:historypanel" referenced from "mainform:transtable".
2020-07-18 16:40:14,178 ERROR com.sun.faces.context.ExceptionHandlerImpl [http-nio-8008-exec-4] Cannot find component for expression ":historyform:historypanel" referenced from "mainform:transtable".
org.primefaces.expression.ComponentNotFoundException: Cannot find component for expression ":historyform:historypanel" referenced from "mainform:transtable".
	at org.primefaces.expression.SearchExpressionFacade.cannotFindComponent(SearchExpressionFacade.java:720)
	at org.primefaces.expression.SearchExpressionFacade.resolveClientIds(SearchExpressionFacade.java:259)
	at org.primefaces.util.AjaxRequestBuilder.addExpressions(AjaxRequestBuilder.java:136)
	at org.primefaces.util.AjaxRequestBuilder.update(AjaxRequestBuilder.java:129)
	at org.primefaces.behavior.ajax.AjaxBehaviorRenderer.getScript(AjaxBehaviorRenderer.java:106)
	at javax.faces.component.behavior.ClientBehaviorBase.getScript(ClientBehaviorBase.java:80)
	at org.primefaces.renderkit.CoreRenderer.encodeClientBehaviors(CoreRenderer.java:571)
	at org.primefaces.component.datatable.DataTableRenderer.encodeScript(DataTableRenderer.java:310)
	at org.primefaces.component.datatable.DataTableRenderer.encodeEnd(DataTableRenderer.java:96)
	at javax.faces.component.UIComponentBase.encodeEnd(UIComponentBase.java:595)
	at javax.faces.component.UIComponent.encodeAll(UIComponent.java:1654)
	at javax.faces.render.Renderer.encodeChildren(Renderer.java:152)
	at javax.faces.component.UIComponentBase.encodeChildren(UIComponentBase.java:566)
	at org.primefaces.renderkit.CoreRenderer.renderChild(CoreRenderer.java:82)
	at org.primefaces.renderkit.CoreRenderer.renderChildren(CoreRenderer.java:69)
	at org.primefaces.extensions.component.layout.LayoutPaneRenderer.encodeEnd(LayoutPaneRenderer.java:160)
	at javax.faces.component.UIComponentBase.encodeEnd(UIComponentBase.java:595)
	at javax.faces.component.UIComponent.encodeAll(UIComponent.java:1654)
	at javax.faces.component.UIComponent.encodeAll(UIComponent.java:1650)
	at javax.faces.component.UIComponent.encodeAll(UIComponent.java:1650)
	at javax.faces.component.UIComponent.encodeAll(UIComponent.java:1650)
	at com.sun.faces.application.view.FaceletViewHandlingStrategy.renderView(FaceletViewHandlingStrategy.java:468)
	at com.sun.faces.application.view.MultiViewHandler.renderView(MultiViewHandler.java:170)
	at com.sun.faces.lifecycle.RenderResponsePhase.execute(RenderResponsePhase.java:102)
	at com.sun.faces.lifecycle.Phase.doPhase(Phase.java:76)
	at com.sun.faces.lifecycle.LifecycleImpl.render(LifecycleImpl.java:199)
	at javax.faces.webapp.FacesServlet.executeLifecyle(FacesServlet.java:708)
	at javax.faces.webapp.FacesServlet.service(FacesServlet.java:451)
	at org.apache.catalina.core.ApplicationFilterChain.internalDoFilter(ApplicationFilterChain.java:231)
	at org.apache.catalina.core.ApplicationFilterChain.doFilter(ApplicationFilterChain.java:166)
	at org.apache.tomcat.websocket.server.WsFilter.doFilter(WsFilter.java:53)
	at org.apache.catalina.core.ApplicationFilterChain.internalDoFilter(ApplicationFilterChain.java:193)
	at org.apache.catalina.core.ApplicationFilterChain.doFilter(ApplicationFilterChain.java:166)
	at org.springframework.orm.jpa.support.OpenEntityManagerInViewFilter.doFilterInternal(OpenEntityManagerInViewFilter.java:186)
	at org.springframework.web.filter.OncePerRequestFilter.doFilter(OncePerRequestFilter.java:119)
	at org.apache.catalina.core.ApplicationFilterChain.internalDoFilter(ApplicationFilterChain.java:193)
	at org.apache.catalina.core.ApplicationFilterChain.doFilter(ApplicationFilterChain.java:166)
	at org.springframework.web.filter.RequestContextFilter.doFilterInternal(RequestContextFilter.java:100)
	at org.springframework.web.filter.OncePerRequestFilter.doFilter(OncePerRequestFilter.java:119)
	at org.apache.catalina.core.ApplicationFilterChain.internalDoFilter(ApplicationFilterChain.java:193)
	at org.apache.catalina.core.ApplicationFilterChain.doFilter(ApplicationFilterChain.java:166)
	at org.springframework.web.filter.FormContentFilter.doFilterInternal(FormContentFilter.java:93)
	at org.springframework.web.filter.OncePerRequestFilter.doFilter(OncePerRequestFilter.java:119)
	at org.apache.catalina.core.ApplicationFilterChain.internalDoFilter(ApplicationFilterChain.java:193)
	at org.apache.catalina.core.ApplicationFilterChain.doFilter(ApplicationFilterChain.java:166)
	at org.springframework.web.filter.CharacterEncodingFilter.doFilterInternal(CharacterEncodingFilter.java:201)
	at org.springframework.web.filter.OncePerRequestFilter.doFilter(OncePerRequestFilter.java:119)
	at org.apache.catalina.core.ApplicationFilterChain.internalDoFilter(ApplicationFilterChain.java:193)
	at org.apache.catalina.core.ApplicationFilterChain.doFilter(ApplicationFilterChain.java:166)
	at org.apache.catalina.core.StandardWrapperValve.invoke(StandardWrapperValve.java:202)
	at org.apache.catalina.core.StandardContextValve.invoke(StandardContextValve.java:96)
	at org.apache.catalina.authenticator.AuthenticatorBase.invoke(AuthenticatorBase.java:541)
	at org.apache.catalina.core.StandardHostValve.invoke(StandardHostValve.java:139)
	at org.apache.catalina.valves.ErrorReportValve.invoke(ErrorReportValve.java:92)
	at org.apache.catalina.core.StandardEngineValve.invoke(StandardEngineValve.java:74)
	at org.apache.catalina.connector.CoyoteAdapter.service(CoyoteAdapter.java:343)
	at org.apache.coyote.http11.Http11Processor.service(Http11Processor.java:367)
	at org.apache.coyote.AbstractProcessorLight.process(AbstractProcessorLight.java:65)
	at org.apache.coyote.AbstractProtocol$ConnectionHandler.process(AbstractProtocol.java:860)
	at org.apache.tomcat.util.net.NioEndpoint$SocketProcessor.doRun(NioEndpoint.java:1598)
	at org.apache.tomcat.util.net.SocketProcessorBase.run(SocketProcessorBase.java:49)
	at java.util.concurrent.ThreadPoolExecutor.runWorker(ThreadPoolExecutor.java:1149)
	at java.util.concurrent.ThreadPoolExecutor$Worker.run(ThreadPoolExecutor.java:624)
	at org.apache.tomcat.util.threads.TaskThread$WrappingRunnable.run(TaskThread.java:61)
	at java.lang.Thread.run(Thread.java:748)
2020-07-18 16:41:05,761 INFO org.springframework.boot.StartupInfoLogger [main] Starting SmbErpApplication on FatemaLaptop with PID 5516 (D:\Projects\SmbErp\target\classes started by FatemaLaptop in D:\Projects\SmbErp)
2020-07-18 16:41:05,835 INFO org.springframework.boot.SpringApplication [main] No active profile set, falling back to default profiles: default
2020-07-18 16:41:06,513 INFO org.springframework.data.repository.config.RepositoryConfigurationDelegate [main] Bootstrapping Spring Data JPA repositories in DEFAULT mode.
2020-07-18 16:41:06,771 INFO org.springframework.data.repository.config.RepositoryConfigurationDelegate [main] Finished Spring Data repository scanning in 215ms. Found 24 JPA repository interfaces.
2020-07-18 16:41:07,345 INFO org.springframework.context.support.PostProcessorRegistrationDelegate$BeanPostProcessorChecker [main] Bean 'org.springframework.transaction.annotation.ProxyTransactionManagementConfiguration' of type [org.springframework.transaction.annotation.ProxyTransactionManagementConfiguration] is not eligible for getting processed by all BeanPostProcessors (for example: not eligible for auto-proxying)
2020-07-18 16:41:07,393 INFO org.springframework.context.support.PostProcessorRegistrationDelegate$BeanPostProcessorChecker [main] Bean 'org.joinfaces.autoconfigure.javaxfaces.JsfBeansAutoConfiguration$Jsf2_3AutoConfiguration' of type [org.joinfaces.autoconfigure.javaxfaces.JsfBeansAutoConfiguration$Jsf2_3AutoConfiguration] is not eligible for getting processed by all BeanPostProcessors (for example: not eligible for auto-proxying)
2020-07-18 16:41:07,431 INFO org.springframework.context.support.PostProcessorRegistrationDelegate$BeanPostProcessorChecker [main] Bean 'org.joinfaces.autoconfigure.javaxfaces.JsfBeansAutoConfiguration' of type [org.joinfaces.autoconfigure.javaxfaces.JsfBeansAutoConfiguration] is not eligible for getting processed by all BeanPostProcessors (for example: not eligible for auto-proxying)
2020-07-18 16:41:07,744 INFO org.springframework.boot.web.embedded.tomcat.TomcatWebServer [main] Tomcat initialized with port(s): 8008 (http)
2020-07-18 16:41:07,868 INFO org.apache.juli.logging.DirectJDKLog [main] Initializing ProtocolHandler ["http-nio-8008"]
2020-07-18 16:41:07,903 INFO org.apache.juli.logging.DirectJDKLog [main] Starting service [Tomcat]
2020-07-18 16:41:07,938 INFO org.apache.juli.logging.DirectJDKLog [main] Starting Servlet engine: [Apache Tomcat/9.0.30]
2020-07-18 16:41:08,356 INFO org.apache.juli.logging.DirectJDKLog [main] At least one JAR was scanned for TLDs yet contained no TLDs. Enable debug logging for this logger for a complete list of JARs that were scanned but no TLDs were found in them. Skipping unneeded JARs during scanning can improve startup time and JSP compilation time.
2020-07-18 16:41:08,416 INFO org.apache.juli.logging.DirectJDKLog [main] Initializing Spring embedded WebApplicationContext
2020-07-18 16:41:08,447 INFO org.springframework.boot.web.servlet.context.ServletWebServerApplicationContext [main] Root WebApplicationContext: initialization completed in 2525 ms
2020-07-18 16:41:09,721 INFO org.joinfaces.autoconfigure.servlet.initializer.ServletContainerInitializerRegistrationBean [main] Resolving classes for com.sun.faces.config.FacesInitializer took 1.1642091s
2020-07-18 16:41:09,800 INFO com.sun.faces.config.ConfigureListener [main] Initializing Mojarra |version.string| for context ''
2020-07-18 16:41:10,089 INFO com.sun.faces.spi.InjectionProviderFactory [main] JSF1048: PostConstruct/PreDestroy annotations present.  ManagedBeans methods marked with these annotations will have said annotations processed.
2020-07-18 16:41:10,592 INFO org.primefaces.webapp.PostConstructApplicationEventListener [main] Running on PrimeFaces 7.0
2020-07-18 16:41:10,624 INFO org.primefaces.extensions.application.PostConstructApplicationEventListener [main] Running on PrimeFaces Extensions 7.0.3
2020-07-18 16:41:10,828 INFO org.hibernate.jpa.internal.util.LogHelper [main] HHH000204: Processing PersistenceUnitInfo [name: default]
2020-07-18 16:41:10,968 INFO org.hibernate.Version [main] HHH000412: Hibernate Core {5.4.10.Final}
2020-07-18 16:41:11,113 INFO org.hibernate.annotations.common.reflection.java.JavaReflectionManager [main] HCANN000001: Hibernate Commons Annotations {5.1.0.Final}
2020-07-18 16:41:11,232 INFO com.zaxxer.hikari.HikariDataSource [main] HikariPool-1 - Starting...
2020-07-18 16:41:11,318 INFO com.zaxxer.hikari.HikariDataSource [main] HikariPool-1 - Start completed.
2020-07-18 16:41:11,393 INFO org.hibernate.dialect.Dialect [main] HHH000400: Using dialect: org.hibernate.dialect.MySQL57Dialect
2020-07-18 16:41:13,147 INFO org.hibernate.engine.transaction.jta.platform.internal.JtaPlatformInitiator [main] HHH000490: Using JtaPlatform implementation: [org.hibernate.engine.transaction.jta.platform.internal.NoJtaPlatform]
2020-07-18 16:41:13,284 INFO org.springframework.orm.jpa.AbstractEntityManagerFactoryBean [main] Initialized JPA EntityManagerFactory for persistence unit 'default'
2020-07-18 16:41:13,751 WARN org.hibernate.dialect.function.TemplateRenderer [main] HHH000174: Function template anticipated 4 arguments, but 1 arguments encountered
2020-07-18 16:41:14,462 INFO org.springframework.scheduling.concurrent.ExecutorConfigurationSupport [main] Initializing ExecutorService 'applicationTaskExecutor'
2020-07-18 16:41:14,782 INFO org.apache.juli.logging.DirectJDKLog [main] Starting ProtocolHandler ["http-nio-8008"]
2020-07-18 16:41:14,841 INFO org.springframework.boot.web.embedded.tomcat.TomcatWebServer [main] Tomcat started on port(s): 8008 (http) with context path ''
2020-07-18 16:41:14,901 INFO org.springframework.boot.StartupInfoLogger [main] Started SmbErpApplication in 10.713 seconds (JVM running for 11.187)
2020-07-18 17:15:49,988 INFO org.springframework.boot.StartupInfoLogger [main] Starting SmbErpApplication on FatemaLaptop with PID 4836 (D:\Projects\SmbErp\target\classes started by FatemaLaptop in D:\Projects\SmbErp)
2020-07-18 17:15:50,079 INFO org.springframework.boot.SpringApplication [main] No active profile set, falling back to default profiles: default
2020-07-18 17:15:51,138 INFO org.springframework.data.repository.config.RepositoryConfigurationDelegate [main] Bootstrapping Spring Data JPA repositories in DEFAULT mode.
2020-07-18 17:15:51,476 INFO org.springframework.data.repository.config.RepositoryConfigurationDelegate [main] Finished Spring Data repository scanning in 280ms. Found 24 JPA repository interfaces.
2020-07-18 17:15:52,357 INFO org.springframework.context.support.PostProcessorRegistrationDelegate$BeanPostProcessorChecker [main] Bean 'org.springframework.transaction.annotation.ProxyTransactionManagementConfiguration' of type [org.springframework.transaction.annotation.ProxyTransactionManagementConfiguration] is not eligible for getting processed by all BeanPostProcessors (for example: not eligible for auto-proxying)
2020-07-18 17:15:52,501 INFO org.springframework.context.support.PostProcessorRegistrationDelegate$BeanPostProcessorChecker [main] Bean 'org.joinfaces.autoconfigure.javaxfaces.JsfBeansAutoConfiguration$Jsf2_3AutoConfiguration' of type [org.joinfaces.autoconfigure.javaxfaces.JsfBeansAutoConfiguration$Jsf2_3AutoConfiguration] is not eligible for getting processed by all BeanPostProcessors (for example: not eligible for auto-proxying)
2020-07-18 17:15:52,578 INFO org.springframework.context.support.PostProcessorRegistrationDelegate$BeanPostProcessorChecker [main] Bean 'org.joinfaces.autoconfigure.javaxfaces.JsfBeansAutoConfiguration' of type [org.joinfaces.autoconfigure.javaxfaces.JsfBeansAutoConfiguration] is not eligible for getting processed by all BeanPostProcessors (for example: not eligible for auto-proxying)
2020-07-18 17:15:53,042 INFO org.springframework.boot.web.embedded.tomcat.TomcatWebServer [main] Tomcat initialized with port(s): 8008 (http)
2020-07-18 17:15:53,092 INFO org.apache.juli.logging.DirectJDKLog [main] Initializing ProtocolHandler ["http-nio-8008"]
2020-07-18 17:15:53,140 INFO org.apache.juli.logging.DirectJDKLog [main] Starting service [Tomcat]
2020-07-18 17:15:53,179 INFO org.apache.juli.logging.DirectJDKLog [main] Starting Servlet engine: [Apache Tomcat/9.0.30]
2020-07-18 17:15:53,801 INFO org.apache.juli.logging.DirectJDKLog [main] At least one JAR was scanned for TLDs yet contained no TLDs. Enable debug logging for this logger for a complete list of JARs that were scanned but no TLDs were found in them. Skipping unneeded JARs during scanning can improve startup time and JSP compilation time.
2020-07-18 17:15:53,908 INFO org.apache.juli.logging.DirectJDKLog [main] Initializing Spring embedded WebApplicationContext
2020-07-18 17:15:53,967 INFO org.springframework.boot.web.servlet.context.ServletWebServerApplicationContext [main] Root WebApplicationContext: initialization completed in 3786 ms
2020-07-18 17:15:56,088 INFO org.joinfaces.autoconfigure.servlet.initializer.ServletContainerInitializerRegistrationBean [main] Resolving classes for com.sun.faces.config.FacesInitializer took 1.89672s
2020-07-18 17:15:56,207 INFO com.sun.faces.config.ConfigureListener [main] Initializing Mojarra |version.string| for context ''
2020-07-18 17:15:56,678 INFO com.sun.faces.spi.InjectionProviderFactory [main] JSF1048: PostConstruct/PreDestroy annotations present.  ManagedBeans methods marked with these annotations will have said annotations processed.
2020-07-18 17:15:57,702 INFO org.primefaces.webapp.PostConstructApplicationEventListener [main] Running on PrimeFaces 7.0
2020-07-18 17:15:57,776 INFO org.primefaces.extensions.application.PostConstructApplicationEventListener [main] Running on PrimeFaces Extensions 7.0.3
2020-07-18 17:15:58,099 INFO org.hibernate.jpa.internal.util.LogHelper [main] HHH000204: Processing PersistenceUnitInfo [name: default]
2020-07-18 17:15:58,235 INFO org.hibernate.Version [main] HHH000412: Hibernate Core {5.4.10.Final}
2020-07-18 17:15:58,508 INFO org.hibernate.annotations.common.reflection.java.JavaReflectionManager [main] HCANN000001: Hibernate Commons Annotations {5.1.0.Final}
2020-07-18 17:15:58,738 INFO com.zaxxer.hikari.HikariDataSource [main] HikariPool-1 - Starting...
2020-07-18 17:15:58,829 INFO com.zaxxer.hikari.HikariDataSource [main] HikariPool-1 - Start completed.
2020-07-18 17:15:58,939 INFO org.hibernate.dialect.Dialect [main] HHH000400: Using dialect: org.hibernate.dialect.MySQL57Dialect
2020-07-18 17:16:01,660 INFO org.hibernate.engine.transaction.jta.platform.internal.JtaPlatformInitiator [main] HHH000490: Using JtaPlatform implementation: [org.hibernate.engine.transaction.jta.platform.internal.NoJtaPlatform]
2020-07-18 17:16:01,863 INFO org.springframework.orm.jpa.AbstractEntityManagerFactoryBean [main] Initialized JPA EntityManagerFactory for persistence unit 'default'
2020-07-18 17:16:02,680 WARN org.hibernate.dialect.function.TemplateRenderer [main] HHH000174: Function template anticipated 4 arguments, but 1 arguments encountered
2020-07-18 17:16:03,265 INFO org.springframework.scheduling.concurrent.ExecutorConfigurationSupport [main] Initializing ExecutorService 'applicationTaskExecutor'
2020-07-18 17:16:03,520 INFO org.apache.juli.logging.DirectJDKLog [main] Starting ProtocolHandler ["http-nio-8008"]
2020-07-18 17:16:03,583 INFO org.springframework.boot.web.embedded.tomcat.TomcatWebServer [main] Tomcat started on port(s): 8008 (http) with context path ''
2020-07-18 17:16:03,646 INFO org.springframework.boot.StartupInfoLogger [main] Started SmbErpApplication in 15.872 seconds (JVM running for 16.579)
2020-07-18 17:16:20,056 INFO org.apache.juli.logging.DirectJDKLog [http-nio-8008-exec-7] Initializing Spring DispatcherServlet 'dispatcherServlet'
2020-07-18 17:16:20,127 INFO org.springframework.web.servlet.FrameworkServlet [http-nio-8008-exec-7] Initializing Servlet 'dispatcherServlet'
2020-07-18 17:16:20,195 INFO org.springframework.web.servlet.FrameworkServlet [http-nio-8008-exec-7] Completed initialization in 13 ms
2020-07-18 17:30:34,134 INFO org.springframework.boot.StartupInfoLogger [main] Starting SmbErpApplication on FatemaLaptop with PID 284 (D:\Projects\SmbErp\target\classes started by FatemaLaptop in D:\Projects\SmbErp)
2020-07-18 17:30:34,230 INFO org.springframework.boot.SpringApplication [main] No active profile set, falling back to default profiles: default
2020-07-18 17:30:35,041 INFO org.springframework.data.repository.config.RepositoryConfigurationDelegate [main] Bootstrapping Spring Data JPA repositories in DEFAULT mode.
2020-07-18 17:30:35,238 INFO org.springframework.data.repository.config.RepositoryConfigurationDelegate [main] Finished Spring Data repository scanning in 155ms. Found 24 JPA repository interfaces.
2020-07-18 17:30:35,832 INFO org.springframework.context.support.PostProcessorRegistrationDelegate$BeanPostProcessorChecker [main] Bean 'org.springframework.transaction.annotation.ProxyTransactionManagementConfiguration' of type [org.springframework.transaction.annotation.ProxyTransactionManagementConfiguration] is not eligible for getting processed by all BeanPostProcessors (for example: not eligible for auto-proxying)
2020-07-18 17:30:35,883 INFO org.springframework.context.support.PostProcessorRegistrationDelegate$BeanPostProcessorChecker [main] Bean 'org.joinfaces.autoconfigure.javaxfaces.JsfBeansAutoConfiguration$Jsf2_3AutoConfiguration' of type [org.joinfaces.autoconfigure.javaxfaces.JsfBeansAutoConfiguration$Jsf2_3AutoConfiguration] is not eligible for getting processed by all BeanPostProcessors (for example: not eligible for auto-proxying)
2020-07-18 17:30:35,916 INFO org.springframework.context.support.PostProcessorRegistrationDelegate$BeanPostProcessorChecker [main] Bean 'org.joinfaces.autoconfigure.javaxfaces.JsfBeansAutoConfiguration' of type [org.joinfaces.autoconfigure.javaxfaces.JsfBeansAutoConfiguration] is not eligible for getting processed by all BeanPostProcessors (for example: not eligible for auto-proxying)
2020-07-18 17:30:36,164 INFO org.springframework.boot.web.embedded.tomcat.TomcatWebServer [main] Tomcat initialized with port(s): 8008 (http)
2020-07-18 17:30:36,283 INFO org.apache.juli.logging.DirectJDKLog [main] Initializing ProtocolHandler ["http-nio-8008"]
2020-07-18 17:30:36,319 INFO org.apache.juli.logging.DirectJDKLog [main] Starting service [Tomcat]
2020-07-18 17:30:36,390 INFO org.apache.juli.logging.DirectJDKLog [main] Starting Servlet engine: [Apache Tomcat/9.0.30]
2020-07-18 17:30:36,711 INFO org.apache.juli.logging.DirectJDKLog [main] At least one JAR was scanned for TLDs yet contained no TLDs. Enable debug logging for this logger for a complete list of JARs that were scanned but no TLDs were found in them. Skipping unneeded JARs during scanning can improve startup time and JSP compilation time.
2020-07-18 17:30:36,755 INFO org.apache.juli.logging.DirectJDKLog [main] Initializing Spring embedded WebApplicationContext
2020-07-18 17:30:36,787 INFO org.springframework.boot.web.servlet.context.ServletWebServerApplicationContext [main] Root WebApplicationContext: initialization completed in 2449 ms
2020-07-18 17:30:38,085 INFO org.joinfaces.autoconfigure.servlet.initializer.ServletContainerInitializerRegistrationBean [main] Resolving classes for com.sun.faces.config.FacesInitializer took 1.1874543s
2020-07-18 17:30:38,153 INFO com.sun.faces.config.ConfigureListener [main] Initializing Mojarra |version.string| for context ''
2020-07-18 17:30:38,389 INFO com.sun.faces.spi.InjectionProviderFactory [main] JSF1048: PostConstruct/PreDestroy annotations present.  ManagedBeans methods marked with these annotations will have said annotations processed.
2020-07-18 17:30:38,959 INFO org.primefaces.webapp.PostConstructApplicationEventListener [main] Running on PrimeFaces 7.0
2020-07-18 17:30:38,990 INFO org.primefaces.extensions.application.PostConstructApplicationEventListener [main] Running on PrimeFaces Extensions 7.0.3
2020-07-18 17:30:39,185 INFO org.hibernate.jpa.internal.util.LogHelper [main] HHH000204: Processing PersistenceUnitInfo [name: default]
2020-07-18 17:30:39,278 INFO org.hibernate.Version [main] HHH000412: Hibernate Core {5.4.10.Final}
2020-07-18 17:30:39,436 INFO org.hibernate.annotations.common.reflection.java.JavaReflectionManager [main] HCANN000001: Hibernate Commons Annotations {5.1.0.Final}
2020-07-18 17:30:39,631 INFO com.zaxxer.hikari.HikariDataSource [main] HikariPool-1 - Starting...
2020-07-18 17:30:39,758 INFO com.zaxxer.hikari.HikariDataSource [main] HikariPool-1 - Start completed.
2020-07-18 17:30:39,805 INFO org.hibernate.dialect.Dialect [main] HHH000400: Using dialect: org.hibernate.dialect.MySQL57Dialect
2020-07-18 17:30:41,718 INFO org.hibernate.engine.transaction.jta.platform.internal.JtaPlatformInitiator [main] HHH000490: Using JtaPlatform implementation: [org.hibernate.engine.transaction.jta.platform.internal.NoJtaPlatform]
2020-07-18 17:30:41,952 INFO org.springframework.orm.jpa.AbstractEntityManagerFactoryBean [main] Initialized JPA EntityManagerFactory for persistence unit 'default'
2020-07-18 17:30:42,610 WARN org.hibernate.dialect.function.TemplateRenderer [main] HHH000174: Function template anticipated 4 arguments, but 1 arguments encountered
2020-07-18 17:30:43,359 INFO org.springframework.scheduling.concurrent.ExecutorConfigurationSupport [main] Initializing ExecutorService 'applicationTaskExecutor'
2020-07-18 17:30:43,753 INFO org.apache.juli.logging.DirectJDKLog [main] Starting ProtocolHandler ["http-nio-8008"]
2020-07-18 17:30:43,808 INFO org.springframework.boot.web.embedded.tomcat.TomcatWebServer [main] Tomcat started on port(s): 8008 (http) with context path ''
2020-07-18 17:30:43,859 INFO org.springframework.boot.StartupInfoLogger [main] Started SmbErpApplication in 11.424 seconds (JVM running for 11.937)
2020-07-18 17:35:27,907 INFO org.springframework.boot.StartupInfoLogger [main] Starting SmbErpApplication on FatemaLaptop with PID 11728 (D:\Projects\SmbErp\target\classes started by FatemaLaptop in D:\Projects\SmbErp)
2020-07-18 17:35:27,964 INFO org.springframework.boot.SpringApplication [main] No active profile set, falling back to default profiles: default
2020-07-18 17:35:28,811 INFO org.springframework.data.repository.config.RepositoryConfigurationDelegate [main] Bootstrapping Spring Data JPA repositories in DEFAULT mode.
2020-07-18 17:35:28,985 INFO org.springframework.data.repository.config.RepositoryConfigurationDelegate [main] Finished Spring Data repository scanning in 133ms. Found 24 JPA repository interfaces.
2020-07-18 17:35:29,566 INFO org.springframework.context.support.PostProcessorRegistrationDelegate$BeanPostProcessorChecker [main] Bean 'org.springframework.transaction.annotation.ProxyTransactionManagementConfiguration' of type [org.springframework.transaction.annotation.ProxyTransactionManagementConfiguration] is not eligible for getting processed by all BeanPostProcessors (for example: not eligible for auto-proxying)
2020-07-18 17:35:29,633 INFO org.springframework.context.support.PostProcessorRegistrationDelegate$BeanPostProcessorChecker [main] Bean 'org.joinfaces.autoconfigure.javaxfaces.JsfBeansAutoConfiguration$Jsf2_3AutoConfiguration' of type [org.joinfaces.autoconfigure.javaxfaces.JsfBeansAutoConfiguration$Jsf2_3AutoConfiguration] is not eligible for getting processed by all BeanPostProcessors (for example: not eligible for auto-proxying)
2020-07-18 17:35:29,705 INFO org.springframework.context.support.PostProcessorRegistrationDelegate$BeanPostProcessorChecker [main] Bean 'org.joinfaces.autoconfigure.javaxfaces.JsfBeansAutoConfiguration' of type [org.joinfaces.autoconfigure.javaxfaces.JsfBeansAutoConfiguration] is not eligible for getting processed by all BeanPostProcessors (for example: not eligible for auto-proxying)
2020-07-18 17:35:30,046 INFO org.springframework.boot.web.embedded.tomcat.TomcatWebServer [main] Tomcat initialized with port(s): 8008 (http)
2020-07-18 17:35:30,158 INFO org.apache.juli.logging.DirectJDKLog [main] Initializing ProtocolHandler ["http-nio-8008"]
2020-07-18 17:35:30,193 INFO org.apache.juli.logging.DirectJDKLog [main] Starting service [Tomcat]
2020-07-18 17:35:30,224 INFO org.apache.juli.logging.DirectJDKLog [main] Starting Servlet engine: [Apache Tomcat/9.0.30]
2020-07-18 17:35:30,555 INFO org.apache.juli.logging.DirectJDKLog [main] At least one JAR was scanned for TLDs yet contained no TLDs. Enable debug logging for this logger for a complete list of JARs that were scanned but no TLDs were found in them. Skipping unneeded JARs during scanning can improve startup time and JSP compilation time.
2020-07-18 17:35:30,597 INFO org.apache.juli.logging.DirectJDKLog [main] Initializing Spring embedded WebApplicationContext
2020-07-18 17:35:30,631 INFO org.springframework.boot.web.servlet.context.ServletWebServerApplicationContext [main] Root WebApplicationContext: initialization completed in 2567 ms
2020-07-18 17:35:31,964 INFO org.joinfaces.autoconfigure.servlet.initializer.ServletContainerInitializerRegistrationBean [main] Resolving classes for com.sun.faces.config.FacesInitializer took 1.1867574s
2020-07-18 17:35:32,028 INFO com.sun.faces.config.ConfigureListener [main] Initializing Mojarra |version.string| for context ''
2020-07-18 17:35:32,319 INFO com.sun.faces.spi.InjectionProviderFactory [main] JSF1048: PostConstruct/PreDestroy annotations present.  ManagedBeans methods marked with these annotations will have said annotations processed.
2020-07-18 17:35:32,853 INFO org.primefaces.webapp.PostConstructApplicationEventListener [main] Running on PrimeFaces 7.0
2020-07-18 17:35:32,884 INFO org.primefaces.extensions.application.PostConstructApplicationEventListener [main] Running on PrimeFaces Extensions 7.0.3
2020-07-18 17:35:33,063 INFO org.hibernate.jpa.internal.util.LogHelper [main] HHH000204: Processing PersistenceUnitInfo [name: default]
2020-07-18 17:35:33,154 INFO org.hibernate.Version [main] HHH000412: Hibernate Core {5.4.10.Final}
2020-07-18 17:35:33,291 INFO org.hibernate.annotations.common.reflection.java.JavaReflectionManager [main] HCANN000001: Hibernate Commons Annotations {5.1.0.Final}
2020-07-18 17:35:33,430 INFO com.zaxxer.hikari.HikariDataSource [main] HikariPool-1 - Starting...
2020-07-18 17:35:33,560 INFO com.zaxxer.hikari.HikariDataSource [main] HikariPool-1 - Start completed.
2020-07-18 17:35:33,634 INFO org.hibernate.dialect.Dialect [main] HHH000400: Using dialect: org.hibernate.dialect.MySQL57Dialect
2020-07-18 17:35:35,348 INFO org.hibernate.engine.transaction.jta.platform.internal.JtaPlatformInitiator [main] HHH000490: Using JtaPlatform implementation: [org.hibernate.engine.transaction.jta.platform.internal.NoJtaPlatform]
2020-07-18 17:35:35,477 INFO org.springframework.orm.jpa.AbstractEntityManagerFactoryBean [main] Initialized JPA EntityManagerFactory for persistence unit 'default'
2020-07-18 17:35:36,108 WARN org.hibernate.dialect.function.TemplateRenderer [main] HHH000174: Function template anticipated 4 arguments, but 1 arguments encountered
2020-07-18 17:35:36,820 INFO org.springframework.scheduling.concurrent.ExecutorConfigurationSupport [main] Initializing ExecutorService 'applicationTaskExecutor'
2020-07-18 17:35:37,123 INFO org.apache.juli.logging.DirectJDKLog [main] Starting ProtocolHandler ["http-nio-8008"]
2020-07-18 17:35:37,237 INFO org.springframework.boot.web.embedded.tomcat.TomcatWebServer [main] Tomcat started on port(s): 8008 (http) with context path ''
2020-07-18 17:35:37,312 INFO org.springframework.boot.StartupInfoLogger [main] Started SmbErpApplication in 10.913 seconds (JVM running for 11.401)
2020-07-18 17:38:58,000 INFO org.springframework.boot.StartupInfoLogger [main] Starting SmbErpApplication on FatemaLaptop with PID 16188 (D:\Projects\SmbErp\target\classes started by FatemaLaptop in D:\Projects\SmbErp)
2020-07-18 17:38:58,088 INFO org.springframework.boot.SpringApplication [main] No active profile set, falling back to default profiles: default
2020-07-18 17:38:59,064 INFO org.springframework.data.repository.config.RepositoryConfigurationDelegate [main] Bootstrapping Spring Data JPA repositories in DEFAULT mode.
2020-07-18 17:38:59,300 INFO org.springframework.data.repository.config.RepositoryConfigurationDelegate [main] Finished Spring Data repository scanning in 200ms. Found 24 JPA repository interfaces.
2020-07-18 17:38:59,914 INFO org.springframework.context.support.PostProcessorRegistrationDelegate$BeanPostProcessorChecker [main] Bean 'org.springframework.transaction.annotation.ProxyTransactionManagementConfiguration' of type [org.springframework.transaction.annotation.ProxyTransactionManagementConfiguration] is not eligible for getting processed by all BeanPostProcessors (for example: not eligible for auto-proxying)
2020-07-18 17:38:59,971 INFO org.springframework.context.support.PostProcessorRegistrationDelegate$BeanPostProcessorChecker [main] Bean 'org.joinfaces.autoconfigure.javaxfaces.JsfBeansAutoConfiguration$Jsf2_3AutoConfiguration' of type [org.joinfaces.autoconfigure.javaxfaces.JsfBeansAutoConfiguration$Jsf2_3AutoConfiguration] is not eligible for getting processed by all BeanPostProcessors (for example: not eligible for auto-proxying)
2020-07-18 17:39:00,023 INFO org.springframework.context.support.PostProcessorRegistrationDelegate$BeanPostProcessorChecker [main] Bean 'org.joinfaces.autoconfigure.javaxfaces.JsfBeansAutoConfiguration' of type [org.joinfaces.autoconfigure.javaxfaces.JsfBeansAutoConfiguration] is not eligible for getting processed by all BeanPostProcessors (for example: not eligible for auto-proxying)
2020-07-18 17:39:00,335 INFO org.springframework.boot.web.embedded.tomcat.TomcatWebServer [main] Tomcat initialized with port(s): 8008 (http)
2020-07-18 17:39:00,436 INFO org.apache.juli.logging.DirectJDKLog [main] Initializing ProtocolHandler ["http-nio-8008"]
2020-07-18 17:39:00,465 INFO org.apache.juli.logging.DirectJDKLog [main] Starting service [Tomcat]
2020-07-18 17:39:00,515 INFO org.apache.juli.logging.DirectJDKLog [main] Starting Servlet engine: [Apache Tomcat/9.0.30]
2020-07-18 17:39:00,848 INFO org.apache.juli.logging.DirectJDKLog [main] At least one JAR was scanned for TLDs yet contained no TLDs. Enable debug logging for this logger for a complete list of JARs that were scanned but no TLDs were found in them. Skipping unneeded JARs during scanning can improve startup time and JSP compilation time.
2020-07-18 17:39:00,905 INFO org.apache.juli.logging.DirectJDKLog [main] Initializing Spring embedded WebApplicationContext
2020-07-18 17:39:00,943 INFO org.springframework.boot.web.servlet.context.ServletWebServerApplicationContext [main] Root WebApplicationContext: initialization completed in 2776 ms
2020-07-18 17:39:02,197 INFO org.joinfaces.autoconfigure.servlet.initializer.ServletContainerInitializerRegistrationBean [main] Resolving classes for com.sun.faces.config.FacesInitializer took 1.1231816s
2020-07-18 17:39:02,315 INFO com.sun.faces.config.ConfigureListener [main] Initializing Mojarra |version.string| for context ''
2020-07-18 17:39:02,663 INFO com.sun.faces.spi.InjectionProviderFactory [main] JSF1048: PostConstruct/PreDestroy annotations present.  ManagedBeans methods marked with these annotations will have said annotations processed.
2020-07-18 17:39:03,200 INFO org.primefaces.webapp.PostConstructApplicationEventListener [main] Running on PrimeFaces 7.0
2020-07-18 17:39:03,230 INFO org.primefaces.extensions.application.PostConstructApplicationEventListener [main] Running on PrimeFaces Extensions 7.0.3
2020-07-18 17:39:03,466 INFO org.hibernate.jpa.internal.util.LogHelper [main] HHH000204: Processing PersistenceUnitInfo [name: default]
2020-07-18 17:39:03,568 INFO org.hibernate.Version [main] HHH000412: Hibernate Core {5.4.10.Final}
2020-07-18 17:39:03,708 INFO org.hibernate.annotations.common.reflection.java.JavaReflectionManager [main] HCANN000001: Hibernate Commons Annotations {5.1.0.Final}
2020-07-18 17:39:03,841 INFO com.zaxxer.hikari.HikariDataSource [main] HikariPool-1 - Starting...
2020-07-18 17:39:03,911 INFO com.zaxxer.hikari.HikariDataSource [main] HikariPool-1 - Start completed.
2020-07-18 17:39:03,977 INFO org.hibernate.dialect.Dialect [main] HHH000400: Using dialect: org.hibernate.dialect.MySQL57Dialect
2020-07-18 17:39:05,815 INFO org.hibernate.engine.transaction.jta.platform.internal.JtaPlatformInitiator [main] HHH000490: Using JtaPlatform implementation: [org.hibernate.engine.transaction.jta.platform.internal.NoJtaPlatform]
2020-07-18 17:39:06,005 INFO org.springframework.orm.jpa.AbstractEntityManagerFactoryBean [main] Initialized JPA EntityManagerFactory for persistence unit 'default'
2020-07-18 17:39:06,584 WARN org.hibernate.dialect.function.TemplateRenderer [main] HHH000174: Function template anticipated 4 arguments, but 1 arguments encountered
2020-07-18 17:39:07,938 INFO org.springframework.scheduling.concurrent.ExecutorConfigurationSupport [main] Initializing ExecutorService 'applicationTaskExecutor'
2020-07-18 17:39:08,523 INFO org.apache.juli.logging.DirectJDKLog [main] Starting ProtocolHandler ["http-nio-8008"]
2020-07-18 17:39:08,664 INFO org.springframework.boot.web.embedded.tomcat.TomcatWebServer [main] Tomcat started on port(s): 8008 (http) with context path ''
2020-07-18 17:39:08,714 INFO org.springframework.boot.StartupInfoLogger [main] Started SmbErpApplication in 12.413 seconds (JVM running for 12.888)
2020-07-18 17:55:57,068 ERROR com.sun.faces.context.ExceptionHandlerImpl [http-nio-8008-exec-9] JSF1073: javax.faces.view.facelets.FaceletException caught during processing of RESTORE_VIEW 1 : UIComponent-ClientId=, Message=Error Parsing //D:/Projects/SmbErp/target/classes/META-INF/resources/busdoc/editbusdoc.xhtml: Error Traced[line: 318] Attribute "style" was already specified for element "p:column".
2020-07-18 17:55:57,110 ERROR com.sun.faces.context.ExceptionHandlerImpl [http-nio-8008-exec-9] Error Parsing //D:/Projects/SmbErp/target/classes/META-INF/resources/busdoc/editbusdoc.xhtml: Error Traced[line: 318] Attribute "style" was already specified for element "p:column".
javax.faces.view.facelets.FaceletException: Error Parsing //D:/Projects/SmbErp/target/classes/META-INF/resources/busdoc/editbusdoc.xhtml: Error Traced[line: 318] Attribute "style" was already specified for element "p:column".
	at com.sun.faces.facelets.compiler.SAXCompiler.doCompile(SAXCompiler.java:445)
	at com.sun.faces.facelets.compiler.SAXCompiler.doMetadataCompile(SAXCompiler.java:428)
	at com.sun.faces.facelets.compiler.Compiler.metadataCompile(Compiler.java:88)
	at com.sun.faces.facelets.impl.DefaultFaceletFactory.createMetadataFacelet(DefaultFaceletFactory.java:455)
	at com.sun.faces.facelets.impl.DefaultFaceletFactory.access$200(DefaultFaceletFactory.java:65)
	at com.sun.faces.facelets.impl.DefaultFaceletFactory$2.newInstance(DefaultFaceletFactory.java:166)
	at com.sun.faces.facelets.impl.DefaultFaceletFactory$2.newInstance(DefaultFaceletFactory.java:163)
	at com.sun.faces.facelets.impl.DefaultFaceletCache$2.newInstance(DefaultFaceletCache.java:76)
	at com.sun.faces.facelets.impl.DefaultFaceletCache$2.newInstance(DefaultFaceletCache.java:69)
	at com.sun.faces.util.ExpiringConcurrentCache$1.call(ExpiringConcurrentCache.java:76)
	at java.util.concurrent.FutureTask.run(FutureTask.java:266)
	at com.sun.faces.util.ExpiringConcurrentCache.get(ExpiringConcurrentCache.java:91)
	at com.sun.faces.facelets.impl.DefaultFaceletCache.getViewMetadataFacelet(DefaultFaceletCache.java:124)
	at com.sun.faces.facelets.impl.DefaultFaceletCache.getViewMetadataFacelet(DefaultFaceletCache.java:39)
	at com.sun.faces.facelets.impl.DefaultFaceletFactory.getMetadataFacelet(DefaultFaceletFactory.java:268)
	at com.sun.faces.facelets.impl.DefaultFaceletFactory.getMetadataFacelet(DefaultFaceletFactory.java:198)
	at com.sun.faces.application.view.ViewMetadataImpl.createMetadataView(ViewMetadataImpl.java:122)
	at com.sun.faces.lifecycle.RestoreViewPhase.execute(RestoreViewPhase.java:224)
	at com.sun.faces.lifecycle.Phase.doPhase(Phase.java:76)
	at com.sun.faces.lifecycle.RestoreViewPhase.doPhase(RestoreViewPhase.java:110)
	at com.sun.faces.lifecycle.LifecycleImpl.execute(LifecycleImpl.java:177)
	at javax.faces.webapp.FacesServlet.executeLifecyle(FacesServlet.java:707)
	at javax.faces.webapp.FacesServlet.service(FacesServlet.java:451)
	at org.apache.catalina.core.ApplicationFilterChain.internalDoFilter(ApplicationFilterChain.java:231)
	at org.apache.catalina.core.ApplicationFilterChain.doFilter(ApplicationFilterChain.java:166)
	at org.apache.tomcat.websocket.server.WsFilter.doFilter(WsFilter.java:53)
	at org.apache.catalina.core.ApplicationFilterChain.internalDoFilter(ApplicationFilterChain.java:193)
	at org.apache.catalina.core.ApplicationFilterChain.doFilter(ApplicationFilterChain.java:166)
	at org.springframework.orm.jpa.support.OpenEntityManagerInViewFilter.doFilterInternal(OpenEntityManagerInViewFilter.java:186)
	at org.springframework.web.filter.OncePerRequestFilter.doFilter(OncePerRequestFilter.java:119)
	at org.apache.catalina.core.ApplicationFilterChain.internalDoFilter(ApplicationFilterChain.java:193)
	at org.apache.catalina.core.ApplicationFilterChain.doFilter(ApplicationFilterChain.java:166)
	at org.springframework.web.filter.RequestContextFilter.doFilterInternal(RequestContextFilter.java:100)
	at org.springframework.web.filter.OncePerRequestFilter.doFilter(OncePerRequestFilter.java:119)
	at org.apache.catalina.core.ApplicationFilterChain.internalDoFilter(ApplicationFilterChain.java:193)
	at org.apache.catalina.core.ApplicationFilterChain.doFilter(ApplicationFilterChain.java:166)
	at org.springframework.web.filter.FormContentFilter.doFilterInternal(FormContentFilter.java:93)
	at org.springframework.web.filter.OncePerRequestFilter.doFilter(OncePerRequestFilter.java:119)
	at org.apache.catalina.core.ApplicationFilterChain.internalDoFilter(ApplicationFilterChain.java:193)
	at org.apache.catalina.core.ApplicationFilterChain.doFilter(ApplicationFilterChain.java:166)
	at org.springframework.web.filter.CharacterEncodingFilter.doFilterInternal(CharacterEncodingFilter.java:201)
	at org.springframework.web.filter.OncePerRequestFilter.doFilter(OncePerRequestFilter.java:119)
	at org.apache.catalina.core.ApplicationFilterChain.internalDoFilter(ApplicationFilterChain.java:193)
	at org.apache.catalina.core.ApplicationFilterChain.doFilter(ApplicationFilterChain.java:166)
	at org.apache.catalina.core.StandardWrapperValve.invoke(StandardWrapperValve.java:202)
	at org.apache.catalina.core.StandardContextValve.invoke(StandardContextValve.java:96)
	at org.apache.catalina.authenticator.AuthenticatorBase.invoke(AuthenticatorBase.java:541)
	at org.apache.catalina.core.StandardHostValve.invoke(StandardHostValve.java:139)
	at org.apache.catalina.valves.ErrorReportValve.invoke(ErrorReportValve.java:92)
	at org.apache.catalina.core.StandardEngineValve.invoke(StandardEngineValve.java:74)
	at org.apache.catalina.connector.CoyoteAdapter.service(CoyoteAdapter.java:343)
	at org.apache.coyote.http11.Http11Processor.service(Http11Processor.java:367)
	at org.apache.coyote.AbstractProcessorLight.process(AbstractProcessorLight.java:65)
	at org.apache.coyote.AbstractProtocol$ConnectionHandler.process(AbstractProtocol.java:860)
	at org.apache.tomcat.util.net.NioEndpoint$SocketProcessor.doRun(NioEndpoint.java:1598)
	at org.apache.tomcat.util.net.SocketProcessorBase.run(SocketProcessorBase.java:49)
	at java.util.concurrent.ThreadPoolExecutor.runWorker(ThreadPoolExecutor.java:1149)
	at java.util.concurrent.ThreadPoolExecutor$Worker.run(ThreadPoolExecutor.java:624)
	at org.apache.tomcat.util.threads.TaskThread$WrappingRunnable.run(TaskThread.java:61)
	at java.lang.Thread.run(Thread.java:748)
2020-07-18 17:55:57,157 INFO org.apache.juli.logging.DirectJDKLog [http-nio-8008-exec-5] Initializing Spring DispatcherServlet 'dispatcherServlet'
2020-07-18 17:55:57,193 INFO org.springframework.web.servlet.FrameworkServlet [http-nio-8008-exec-5] Initializing Servlet 'dispatcherServlet'
2020-07-18 17:55:57,234 INFO org.springframework.web.servlet.FrameworkServlet [http-nio-8008-exec-5] Completed initialization in 9 ms
