2020-07-07 16:40:24,676 INFO org.springframework.boot.StartupInfoLogger [main] Starting SmbErpApplication on FatemaLaptop with PID 6896 (D:\Projects\SmbErp\target\classes started by FatemaLaptop in D:\Projects\SmbErp)
2020-07-07 16:40:24,772 INFO org.springframework.boot.SpringApplication [main] No active profile set, falling back to default profiles: default
2020-07-07 16:40:25,799 INFO org.springframework.data.repository.config.RepositoryConfigurationDelegate [main] Bootstrapping Spring Data JPA repositories in DEFAULT mode.
2020-07-07 16:40:26,095 INFO org.springframework.data.repository.config.RepositoryConfigurationDelegate [main] Finished Spring Data repository scanning in 233ms. Found 23 JPA repository interfaces.
2020-07-07 16:40:27,126 INFO org.springframework.context.support.PostProcessorRegistrationDelegate$BeanPostProcessorChecker [main] Bean 'org.springframework.transaction.annotation.ProxyTransactionManagementConfiguration' of type [org.springframework.transaction.annotation.ProxyTransactionManagementConfiguration] is not eligible for getting processed by all BeanPostProcessors (for example: not eligible for auto-proxying)
2020-07-07 16:40:27,225 INFO org.springframework.context.support.PostProcessorRegistrationDelegate$BeanPostProcessorChecker [main] Bean 'org.joinfaces.autoconfigure.javaxfaces.JsfBeansAutoConfiguration$Jsf2_3AutoConfiguration' of type [org.joinfaces.autoconfigure.javaxfaces.JsfBeansAutoConfiguration$Jsf2_3AutoConfiguration] is not eligible for getting processed by all BeanPostProcessors (for example: not eligible for auto-proxying)
2020-07-07 16:40:27,271 INFO org.springframework.context.support.PostProcessorRegistrationDelegate$BeanPostProcessorChecker [main] Bean 'org.joinfaces.autoconfigure.javaxfaces.JsfBeansAutoConfiguration' of type [org.joinfaces.autoconfigure.javaxfaces.JsfBeansAutoConfiguration] is not eligible for getting processed by all BeanPostProcessors (for example: not eligible for auto-proxying)
2020-07-07 16:40:27,842 INFO org.springframework.boot.web.embedded.tomcat.TomcatWebServer [main] Tomcat initialized with port(s): 8008 (http)
2020-07-07 16:40:27,897 INFO org.apache.juli.logging.DirectJDKLog [main] Initializing ProtocolHandler ["http-nio-8008"]
2020-07-07 16:40:27,938 INFO org.apache.juli.logging.DirectJDKLog [main] Starting service [Tomcat]
2020-07-07 16:40:27,973 INFO org.apache.juli.logging.DirectJDKLog [main] Starting Servlet engine: [Apache Tomcat/9.0.30]
2020-07-07 16:40:29,336 INFO org.apache.juli.logging.DirectJDKLog [main] At least one JAR was scanned for TLDs yet contained no TLDs. Enable debug logging for this logger for a complete list of JARs that were scanned but no TLDs were found in them. Skipping unneeded JARs during scanning can improve startup time and JSP compilation time.
2020-07-07 16:40:29,384 INFO org.apache.juli.logging.DirectJDKLog [main] Initializing Spring embedded WebApplicationContext
2020-07-07 16:40:29,425 INFO org.springframework.boot.web.servlet.context.ServletWebServerApplicationContext [main] Root WebApplicationContext: initialization completed in 4543 ms
2020-07-07 16:40:31,968 INFO org.joinfaces.autoconfigure.servlet.initializer.ServletContainerInitializerRegistrationBean [main] Resolving classes for com.sun.faces.config.FacesInitializer took 2.3434411s
2020-07-07 16:40:32,091 INFO com.sun.faces.config.ConfigureListener [main] Initializing Mojarra |version.string| for context ''
2020-07-07 16:40:32,619 INFO com.sun.faces.spi.InjectionProviderFactory [main] JSF1048: PostConstruct/PreDestroy annotations present.  ManagedBeans methods marked with these annotations will have said annotations processed.
2020-07-07 16:40:33,709 INFO org.primefaces.webapp.PostConstructApplicationEventListener [main] Running on PrimeFaces 7.0
2020-07-07 16:40:33,755 INFO org.primefaces.extensions.application.PostConstructApplicationEventListener [main] Running on PrimeFaces Extensions 7.0.3
2020-07-07 16:40:34,091 INFO org.hibernate.jpa.internal.util.LogHelper [main] HHH000204: Processing PersistenceUnitInfo [name: default]
2020-07-07 16:40:34,258 INFO org.hibernate.Version [main] HHH000412: Hibernate Core {5.4.10.Final}
2020-07-07 16:40:34,501 INFO org.hibernate.annotations.common.reflection.java.JavaReflectionManager [main] HCANN000001: Hibernate Commons Annotations {5.1.0.Final}
2020-07-07 16:40:34,751 INFO com.zaxxer.hikari.HikariDataSource [main] HikariPool-1 - Starting...
2020-07-07 16:40:34,848 INFO com.zaxxer.hikari.HikariDataSource [main] HikariPool-1 - Start completed.
2020-07-07 16:40:34,927 INFO org.hibernate.dialect.Dialect [main] HHH000400: Using dialect: org.hibernate.dialect.MySQL57Dialect
2020-07-07 16:40:37,861 INFO org.hibernate.engine.transaction.jta.platform.internal.JtaPlatformInitiator [main] HHH000490: Using JtaPlatform implementation: [org.hibernate.engine.transaction.jta.platform.internal.NoJtaPlatform]
2020-07-07 16:40:38,148 INFO org.springframework.orm.jpa.AbstractEntityManagerFactoryBean [main] Initialized JPA EntityManagerFactory for persistence unit 'default'
2020-07-07 16:40:39,066 WARN org.hibernate.dialect.function.TemplateRenderer [main] HHH000174: Function template anticipated 4 arguments, but 1 arguments encountered
2020-07-07 16:40:40,082 INFO org.springframework.scheduling.concurrent.ExecutorConfigurationSupport [main] Initializing ExecutorService 'applicationTaskExecutor'
2020-07-07 16:40:40,487 INFO org.apache.juli.logging.DirectJDKLog [main] Starting ProtocolHandler ["http-nio-8008"]
2020-07-07 16:40:40,597 INFO org.springframework.boot.web.embedded.tomcat.TomcatWebServer [main] Tomcat started on port(s): 8008 (http) with context path ''
2020-07-07 16:40:40,635 INFO org.springframework.boot.StartupInfoLogger [main] Started SmbErpApplication in 18.593 seconds (JVM running for 19.511)
2020-07-07 16:45:26,012 ERROR com.sun.faces.context.flash.ELFlash [http-nio-8008-exec-1] JSF1094: Could not decode flash data from incoming cookie value Invalid characters in decrypted value.  Processing will continue, but the flash is unavailable for this request.
2020-07-07 16:45:28,029 INFO org.apache.juli.logging.DirectJDKLog [http-nio-8008-exec-4] Initializing Spring DispatcherServlet 'dispatcherServlet'
2020-07-07 16:45:28,072 INFO org.springframework.web.servlet.FrameworkServlet [http-nio-8008-exec-4] Initializing Servlet 'dispatcherServlet'
2020-07-07 16:45:28,130 INFO org.springframework.web.servlet.FrameworkServlet [http-nio-8008-exec-4] Completed initialization in 15 ms
2020-07-07 16:45:48,930 WARN com.sun.faces.context.flash.ELFlash [http-nio-8008-exec-6] JSF1095: The response was already committed by the time we tried to set the outgoing cookie for the flash.  Any values stored to the flash will not be available on the next request.
2020-07-07 16:45:48,979 ERROR org.primefaces.application.resource.barcode.BarcodeHandler [http-nio-8008-exec-10] Error in streaming barcode resource. Parameter msg must not be empty
2020-07-07 16:45:48,979 ERROR org.primefaces.application.resource.barcode.BarcodeHandler [http-nio-8008-exec-7] Error in streaming barcode resource. Parameter msg must not be empty
2020-07-07 17:25:51,391 WARN com.sun.faces.context.flash.ELFlash [http-nio-8008-exec-6] JSF1095: The response was already committed by the time we tried to set the outgoing cookie for the flash.  Any values stored to the flash will not be available on the next request.
2020-07-07 18:55:43,245 WARN com.zaxxer.hikari.pool.HikariPool$HouseKeeper [HikariPool-1 housekeeper] HikariPool-1 - Thread starvation or clock leap detected (housekeeper delta=2m34s975ms374µs400ns).
