2020-06-14 18:13:23,762 INFO org.springframework.boot.StartupInfoLogger [main] Starting SmbErpApplication on FatemaLaptop with PID 2832 (D:\Projects\SmbErp\target\classes started by FatemaLaptop in D:\Projects\SmbErp)
2020-06-14 18:13:23,874 INFO org.springframework.boot.SpringApplication [main] No active profile set, falling back to default profiles: default
2020-06-14 18:13:24,984 INFO org.springframework.data.repository.config.RepositoryConfigurationDelegate [main] Bootstrapping Spring Data JPA repositories in DEFAULT mode.
2020-06-14 18:13:25,306 INFO org.springframework.data.repository.config.RepositoryConfigurationDelegate [main] Finished Spring Data repository scanning in 251ms. Found 21 JPA repository interfaces.
2020-06-14 18:13:26,347 INFO org.springframework.context.support.PostProcessorRegistrationDelegate$BeanPostProcessorChecker [main] Bean 'org.springframework.transaction.annotation.ProxyTransactionManagementConfiguration' of type [org.springframework.transaction.annotation.ProxyTransactionManagementConfiguration] is not eligible for getting processed by all BeanPostProcessors (for example: not eligible for auto-proxying)
2020-06-14 18:13:26,433 INFO org.springframework.context.support.PostProcessorRegistrationDelegate$BeanPostProcessorChecker [main] Bean 'org.joinfaces.autoconfigure.javaxfaces.JsfBeansAutoConfiguration$Jsf2_3AutoConfiguration' of type [org.joinfaces.autoconfigure.javaxfaces.JsfBeansAutoConfiguration$Jsf2_3AutoConfiguration] is not eligible for getting processed by all BeanPostProcessors (for example: not eligible for auto-proxying)
2020-06-14 18:13:26,502 INFO org.springframework.context.support.PostProcessorRegistrationDelegate$BeanPostProcessorChecker [main] Bean 'org.joinfaces.autoconfigure.javaxfaces.JsfBeansAutoConfiguration' of type [org.joinfaces.autoconfigure.javaxfaces.JsfBeansAutoConfiguration] is not eligible for getting processed by all BeanPostProcessors (for example: not eligible for auto-proxying)
2020-06-14 18:13:26,989 INFO org.springframework.boot.web.embedded.tomcat.TomcatWebServer [main] Tomcat initialized with port(s): 8008 (http)
2020-06-14 18:13:27,037 INFO org.apache.juli.logging.DirectJDKLog [main] Initializing ProtocolHandler ["http-nio-8008"]
2020-06-14 18:13:27,080 INFO org.apache.juli.logging.DirectJDKLog [main] Starting service [Tomcat]
2020-06-14 18:13:27,138 INFO org.apache.juli.logging.DirectJDKLog [main] Starting Servlet engine: [Apache Tomcat/9.0.30]
2020-06-14 18:13:27,955 INFO org.apache.juli.logging.DirectJDKLog [main] At least one JAR was scanned for TLDs yet contained no TLDs. Enable debug logging for this logger for a complete list of JARs that were scanned but no TLDs were found in them. Skipping unneeded JARs during scanning can improve startup time and JSP compilation time.
2020-06-14 18:13:28,029 INFO org.apache.juli.logging.DirectJDKLog [main] Initializing Spring embedded WebApplicationContext
2020-06-14 18:13:28,083 INFO org.springframework.boot.web.servlet.context.ServletWebServerApplicationContext [main] Root WebApplicationContext: initialization completed in 4097 ms
2020-06-14 18:13:30,536 INFO org.joinfaces.autoconfigure.servlet.initializer.ServletContainerInitializerRegistrationBean [main] Resolving classes for com.sun.faces.config.FacesInitializer took 2.243146s
2020-06-14 18:13:30,618 INFO com.sun.faces.config.ConfigureListener [main] Initializing Mojarra |version.string| for context ''
2020-06-14 18:13:30,874 INFO com.sun.faces.spi.InjectionProviderFactory [main] JSF1048: PostConstruct/PreDestroy annotations present.  ManagedBeans methods marked with these annotations will have said annotations processed.
2020-06-14 18:13:31,386 INFO org.primefaces.webapp.PostConstructApplicationEventListener [main] Running on PrimeFaces 7.0
2020-06-14 18:13:31,418 INFO org.primefaces.extensions.application.PostConstructApplicationEventListener [main] Running on PrimeFaces Extensions 7.0.3
2020-06-14 18:13:31,698 INFO org.hibernate.jpa.internal.util.LogHelper [main] HHH000204: Processing PersistenceUnitInfo [name: default]
2020-06-14 18:13:31,840 INFO org.hibernate.Version [main] HHH000412: Hibernate Core {5.4.10.Final}
2020-06-14 18:13:31,991 INFO org.hibernate.annotations.common.reflection.java.JavaReflectionManager [main] HCANN000001: Hibernate Commons Annotations {5.1.0.Final}
2020-06-14 18:13:32,139 INFO com.zaxxer.hikari.HikariDataSource [main] HikariPool-1 - Starting...
2020-06-14 18:13:32,238 INFO com.zaxxer.hikari.HikariDataSource [main] HikariPool-1 - Start completed.
2020-06-14 18:13:32,311 INFO org.hibernate.dialect.Dialect [main] HHH000400: Using dialect: org.hibernate.dialect.MySQL57Dialect
2020-06-14 18:13:34,126 INFO org.hibernate.engine.transaction.jta.platform.internal.JtaPlatformInitiator [main] HHH000490: Using JtaPlatform implementation: [org.hibernate.engine.transaction.jta.platform.internal.NoJtaPlatform]
2020-06-14 18:13:34,255 INFO org.springframework.orm.jpa.AbstractEntityManagerFactoryBean [main] Initialized JPA EntityManagerFactory for persistence unit 'default'
2020-06-14 18:13:34,742 WARN org.hibernate.dialect.function.TemplateRenderer [main] HHH000174: Function template anticipated 4 arguments, but 1 arguments encountered
2020-06-14 18:13:35,401 INFO org.springframework.scheduling.concurrent.ExecutorConfigurationSupport [main] Initializing ExecutorService 'applicationTaskExecutor'
2020-06-14 18:13:35,746 INFO org.apache.juli.logging.DirectJDKLog [main] Starting ProtocolHandler ["http-nio-8008"]
2020-06-14 18:13:35,799 INFO org.springframework.boot.web.embedded.tomcat.TomcatWebServer [main] Tomcat started on port(s): 8008 (http) with context path ''
2020-06-14 18:13:35,849 INFO org.springframework.boot.StartupInfoLogger [main] Started SmbErpApplication in 14.355 seconds (JVM running for 15.243)
2020-06-14 18:13:39,754 INFO org.apache.juli.logging.DirectJDKLog [http-nio-8008-exec-1] Initializing Spring DispatcherServlet 'dispatcherServlet'
2020-06-14 18:13:39,782 INFO org.springframework.web.servlet.FrameworkServlet [http-nio-8008-exec-1] Initializing Servlet 'dispatcherServlet'
2020-06-14 18:13:39,823 INFO org.springframework.web.servlet.FrameworkServlet [http-nio-8008-exec-1] Completed initialization in 11 ms
2020-06-14 18:14:12,526 ERROR com.sun.faces.application.view.FaceletViewHandlingStrategy [http-nio-8008-exec-2] Error Rendering View[/pr/businesspartner.xhtml]
javax.el.PropertyNotFoundException: //D:/Projects/SmbErp/target/classes/META-INF/resources/pr/businesspartner.xhtml @89,166 value="#{vatcategoryController.vatCategoryAll}": Property [vatCategoryAll] not found on type [com.smb.erp.controller.VatCategoryController]
	at com.sun.faces.facelets.el.TagValueExpression.getValue(TagValueExpression.java:75)
	at javax.faces.component.ComponentStateHelper.eval(ComponentStateHelper.java:170)
	at javax.faces.component.ComponentStateHelper.eval(ComponentStateHelper.java:157)
	at javax.faces.component.UISelectItems.getValue(UISelectItems.java:108)
	at org.primefaces.renderkit.SelectRenderer.getSelectItems(SelectRenderer.java:76)
	at org.primefaces.component.selectonemenu.SelectOneMenuRenderer.encodeMarkup(SelectOneMenuRenderer.java:114)
	at org.primefaces.component.selectonemenu.SelectOneMenuRenderer.encodeEnd(SelectOneMenuRenderer.java:107)
	at javax.faces.component.UIComponentBase.encodeEnd(UIComponentBase.java:595)
	at javax.faces.component.UIComponent.encodeAll(UIComponent.java:1654)
	at org.primefaces.component.panelgrid.PanelGridRenderer.encodeGridBody(PanelGridRenderer.java:274)
	at org.primefaces.component.panelgrid.PanelGridRenderer.encodeGridLayout(PanelGridRenderer.java:100)
	at org.primefaces.component.panelgrid.PanelGridRenderer.encodeEnd(PanelGridRenderer.java:50)
	at javax.faces.component.UIComponentBase.encodeEnd(UIComponentBase.java:595)
	at org.primefaces.renderkit.CoreRenderer.renderChild(CoreRenderer.java:87)
	at org.primefaces.renderkit.CoreRenderer.renderChildren(CoreRenderer.java:69)
	at org.primefaces.component.fieldset.FieldsetRenderer.encodeContent(FieldsetRenderer.java:110)
	at org.primefaces.component.fieldset.FieldsetRenderer.encodeMarkup(FieldsetRenderer.java:92)
	at org.primefaces.component.fieldset.FieldsetRenderer.encodeEnd(FieldsetRenderer.java:57)
	at javax.faces.component.UIComponentBase.encodeEnd(UIComponentBase.java:595)
	at javax.faces.component.UIComponent.encodeAll(UIComponent.java:1654)
	at javax.faces.render.Renderer.encodeChildren(Renderer.java:152)
	at javax.faces.component.UIComponentBase.encodeChildren(UIComponentBase.java:566)
	at javax.faces.component.UIComponent.encodeAll(UIComponent.java:1647)
	at javax.faces.component.UIComponent.encodeAll(UIComponent.java:1650)
	at javax.faces.component.UIComponent.encodeAll(UIComponent.java:1650)
	at com.sun.faces.application.view.FaceletViewHandlingStrategy.renderView(FaceletViewHandlingStrategy.java:468)
	at com.sun.faces.application.view.MultiViewHandler.renderView(MultiViewHandler.java:170)
	at com.sun.faces.lifecycle.RenderResponsePhase.execute(RenderResponsePhase.java:102)
	at com.sun.faces.lifecycle.Phase.doPhase(Phase.java:76)
	at com.sun.faces.lifecycle.LifecycleImpl.render(LifecycleImpl.java:199)
	at javax.faces.webapp.FacesServlet.executeLifecyle(FacesServlet.java:708)
	at javax.faces.webapp.FacesServlet.service(FacesServlet.java:451)
	at org.apache.catalina.core.ApplicationFilterChain.internalDoFilter(ApplicationFilterChain.java:231)
	at org.apache.catalina.core.ApplicationFilterChain.doFilter(ApplicationFilterChain.java:166)
	at org.apache.tomcat.websocket.server.WsFilter.doFilter(WsFilter.java:53)
	at org.apache.catalina.core.ApplicationFilterChain.internalDoFilter(ApplicationFilterChain.java:193)
	at org.apache.catalina.core.ApplicationFilterChain.doFilter(ApplicationFilterChain.java:166)
	at org.springframework.orm.jpa.support.OpenEntityManagerInViewFilter.doFilterInternal(OpenEntityManagerInViewFilter.java:186)
	at org.springframework.web.filter.OncePerRequestFilter.doFilter(OncePerRequestFilter.java:119)
	at org.apache.catalina.core.ApplicationFilterChain.internalDoFilter(ApplicationFilterChain.java:193)
	at org.apache.catalina.core.ApplicationFilterChain.doFilter(ApplicationFilterChain.java:166)
	at org.springframework.web.filter.RequestContextFilter.doFilterInternal(RequestContextFilter.java:100)
	at org.springframework.web.filter.OncePerRequestFilter.doFilter(OncePerRequestFilter.java:119)
	at org.apache.catalina.core.ApplicationFilterChain.internalDoFilter(ApplicationFilterChain.java:193)
	at org.apache.catalina.core.ApplicationFilterChain.doFilter(ApplicationFilterChain.java:166)
	at org.springframework.web.filter.FormContentFilter.doFilterInternal(FormContentFilter.java:93)
	at org.springframework.web.filter.OncePerRequestFilter.doFilter(OncePerRequestFilter.java:119)
	at org.apache.catalina.core.ApplicationFilterChain.internalDoFilter(ApplicationFilterChain.java:193)
	at org.apache.catalina.core.ApplicationFilterChain.doFilter(ApplicationFilterChain.java:166)
	at org.springframework.web.filter.CharacterEncodingFilter.doFilterInternal(CharacterEncodingFilter.java:201)
	at org.springframework.web.filter.OncePerRequestFilter.doFilter(OncePerRequestFilter.java:119)
	at org.apache.catalina.core.ApplicationFilterChain.internalDoFilter(ApplicationFilterChain.java:193)
	at org.apache.catalina.core.ApplicationFilterChain.doFilter(ApplicationFilterChain.java:166)
	at org.apache.catalina.core.StandardWrapperValve.invoke(StandardWrapperValve.java:202)
	at org.apache.catalina.core.StandardContextValve.invoke(StandardContextValve.java:96)
	at org.apache.catalina.authenticator.AuthenticatorBase.invoke(AuthenticatorBase.java:541)
	at org.apache.catalina.core.StandardHostValve.invoke(StandardHostValve.java:139)
	at org.apache.catalina.valves.ErrorReportValve.invoke(ErrorReportValve.java:92)
	at org.apache.catalina.core.StandardEngineValve.invoke(StandardEngineValve.java:74)
	at org.apache.catalina.connector.CoyoteAdapter.service(CoyoteAdapter.java:343)
	at org.apache.coyote.http11.Http11Processor.service(Http11Processor.java:367)
	at org.apache.coyote.AbstractProcessorLight.process(AbstractProcessorLight.java:65)
	at org.apache.coyote.AbstractProtocol$ConnectionHandler.process(AbstractProtocol.java:860)
	at org.apache.tomcat.util.net.NioEndpoint$SocketProcessor.doRun(NioEndpoint.java:1598)
	at org.apache.tomcat.util.net.SocketProcessorBase.run(SocketProcessorBase.java:49)
	at java.util.concurrent.ThreadPoolExecutor.runWorker(ThreadPoolExecutor.java:1149)
	at java.util.concurrent.ThreadPoolExecutor$Worker.run(ThreadPoolExecutor.java:624)
	at org.apache.tomcat.util.threads.TaskThread$WrappingRunnable.run(TaskThread.java:61)
	at java.lang.Thread.run(Thread.java:748)
Caused by: javax.el.PropertyNotFoundException: Property [vatCategoryAll] not found on type [com.smb.erp.controller.VatCategoryController]
	at javax.el.BeanELResolver$BeanProperties.get(BeanELResolver.java:260)
	at javax.el.BeanELResolver$BeanProperties.access$300(BeanELResolver.java:212)
	at javax.el.BeanELResolver.property(BeanELResolver.java:333)
	at javax.el.BeanELResolver.getValue(BeanELResolver.java:92)
	at com.sun.faces.el.DemuxCompositeELResolver._getValue(DemuxCompositeELResolver.java:156)
	at com.sun.faces.el.DemuxCompositeELResolver.getValue(DemuxCompositeELResolver.java:184)
	at org.apache.el.parser.AstValue.getValue(AstValue.java:169)
	at org.apache.el.ValueExpressionImpl.getValue(ValueExpressionImpl.java:190)
	at com.sun.faces.facelets.el.TagValueExpression.getValue(TagValueExpression.java:73)
	... 68 common frames omitted
2020-06-14 18:14:12,765 ERROR com.sun.faces.context.ExceptionHandlerImpl [http-nio-8008-exec-2] JSF1073: javax.el.PropertyNotFoundException caught during processing of RENDER_RESPONSE 6 : UIComponent-ClientId=, Message=//D:/Projects/SmbErp/target/classes/META-INF/resources/pr/businesspartner.xhtml @89,166 value="#{vatcategoryController.vatCategoryAll}": Property [vatCategoryAll] not found on type [com.smb.erp.controller.VatCategoryController]
2020-06-14 18:14:12,827 ERROR com.sun.faces.context.ExceptionHandlerImpl [http-nio-8008-exec-2] //D:/Projects/SmbErp/target/classes/META-INF/resources/pr/businesspartner.xhtml @89,166 value="#{vatcategoryController.vatCategoryAll}": Property [vatCategoryAll] not found on type [com.smb.erp.controller.VatCategoryController]
javax.el.PropertyNotFoundException: //D:/Projects/SmbErp/target/classes/META-INF/resources/pr/businesspartner.xhtml @89,166 value="#{vatcategoryController.vatCategoryAll}": Property [vatCategoryAll] not found on type [com.smb.erp.controller.VatCategoryController]
	at com.sun.faces.facelets.el.TagValueExpression.getValue(TagValueExpression.java:75)
	at javax.faces.component.ComponentStateHelper.eval(ComponentStateHelper.java:170)
	at javax.faces.component.ComponentStateHelper.eval(ComponentStateHelper.java:157)
	at javax.faces.component.UISelectItems.getValue(UISelectItems.java:108)
	at org.primefaces.renderkit.SelectRenderer.getSelectItems(SelectRenderer.java:76)
	at org.primefaces.component.selectonemenu.SelectOneMenuRenderer.encodeMarkup(SelectOneMenuRenderer.java:114)
	at org.primefaces.component.selectonemenu.SelectOneMenuRenderer.encodeEnd(SelectOneMenuRenderer.java:107)
	at javax.faces.component.UIComponentBase.encodeEnd(UIComponentBase.java:595)
	at javax.faces.component.UIComponent.encodeAll(UIComponent.java:1654)
	at org.primefaces.component.panelgrid.PanelGridRenderer.encodeGridBody(PanelGridRenderer.java:274)
	at org.primefaces.component.panelgrid.PanelGridRenderer.encodeGridLayout(PanelGridRenderer.java:100)
	at org.primefaces.component.panelgrid.PanelGridRenderer.encodeEnd(PanelGridRenderer.java:50)
	at javax.faces.component.UIComponentBase.encodeEnd(UIComponentBase.java:595)
	at org.primefaces.renderkit.CoreRenderer.renderChild(CoreRenderer.java:87)
	at org.primefaces.renderkit.CoreRenderer.renderChildren(CoreRenderer.java:69)
	at org.primefaces.component.fieldset.FieldsetRenderer.encodeContent(FieldsetRenderer.java:110)
	at org.primefaces.component.fieldset.FieldsetRenderer.encodeMarkup(FieldsetRenderer.java:92)
	at org.primefaces.component.fieldset.FieldsetRenderer.encodeEnd(FieldsetRenderer.java:57)
	at javax.faces.component.UIComponentBase.encodeEnd(UIComponentBase.java:595)
	at javax.faces.component.UIComponent.encodeAll(UIComponent.java:1654)
	at javax.faces.render.Renderer.encodeChildren(Renderer.java:152)
	at javax.faces.component.UIComponentBase.encodeChildren(UIComponentBase.java:566)
	at javax.faces.component.UIComponent.encodeAll(UIComponent.java:1647)
	at javax.faces.component.UIComponent.encodeAll(UIComponent.java:1650)
	at javax.faces.component.UIComponent.encodeAll(UIComponent.java:1650)
	at com.sun.faces.application.view.FaceletViewHandlingStrategy.renderView(FaceletViewHandlingStrategy.java:468)
	at com.sun.faces.application.view.MultiViewHandler.renderView(MultiViewHandler.java:170)
	at com.sun.faces.lifecycle.RenderResponsePhase.execute(RenderResponsePhase.java:102)
	at com.sun.faces.lifecycle.Phase.doPhase(Phase.java:76)
	at com.sun.faces.lifecycle.LifecycleImpl.render(LifecycleImpl.java:199)
	at javax.faces.webapp.FacesServlet.executeLifecyle(FacesServlet.java:708)
	at javax.faces.webapp.FacesServlet.service(FacesServlet.java:451)
	at org.apache.catalina.core.ApplicationFilterChain.internalDoFilter(ApplicationFilterChain.java:231)
	at org.apache.catalina.core.ApplicationFilterChain.doFilter(ApplicationFilterChain.java:166)
	at org.apache.tomcat.websocket.server.WsFilter.doFilter(WsFilter.java:53)
	at org.apache.catalina.core.ApplicationFilterChain.internalDoFilter(ApplicationFilterChain.java:193)
	at org.apache.catalina.core.ApplicationFilterChain.doFilter(ApplicationFilterChain.java:166)
	at org.springframework.orm.jpa.support.OpenEntityManagerInViewFilter.doFilterInternal(OpenEntityManagerInViewFilter.java:186)
	at org.springframework.web.filter.OncePerRequestFilter.doFilter(OncePerRequestFilter.java:119)
	at org.apache.catalina.core.ApplicationFilterChain.internalDoFilter(ApplicationFilterChain.java:193)
	at org.apache.catalina.core.ApplicationFilterChain.doFilter(ApplicationFilterChain.java:166)
	at org.springframework.web.filter.RequestContextFilter.doFilterInternal(RequestContextFilter.java:100)
	at org.springframework.web.filter.OncePerRequestFilter.doFilter(OncePerRequestFilter.java:119)
	at org.apache.catalina.core.ApplicationFilterChain.internalDoFilter(ApplicationFilterChain.java:193)
	at org.apache.catalina.core.ApplicationFilterChain.doFilter(ApplicationFilterChain.java:166)
	at org.springframework.web.filter.FormContentFilter.doFilterInternal(FormContentFilter.java:93)
	at org.springframework.web.filter.OncePerRequestFilter.doFilter(OncePerRequestFilter.java:119)
	at org.apache.catalina.core.ApplicationFilterChain.internalDoFilter(ApplicationFilterChain.java:193)
	at org.apache.catalina.core.ApplicationFilterChain.doFilter(ApplicationFilterChain.java:166)
	at org.springframework.web.filter.CharacterEncodingFilter.doFilterInternal(CharacterEncodingFilter.java:201)
	at org.springframework.web.filter.OncePerRequestFilter.doFilter(OncePerRequestFilter.java:119)
	at org.apache.catalina.core.ApplicationFilterChain.internalDoFilter(ApplicationFilterChain.java:193)
	at org.apache.catalina.core.ApplicationFilterChain.doFilter(ApplicationFilterChain.java:166)
	at org.apache.catalina.core.StandardWrapperValve.invoke(StandardWrapperValve.java:202)
	at org.apache.catalina.core.StandardContextValve.invoke(StandardContextValve.java:96)
	at org.apache.catalina.authenticator.AuthenticatorBase.invoke(AuthenticatorBase.java:541)
	at org.apache.catalina.core.StandardHostValve.invoke(StandardHostValve.java:139)
	at org.apache.catalina.valves.ErrorReportValve.invoke(ErrorReportValve.java:92)
	at org.apache.catalina.core.StandardEngineValve.invoke(StandardEngineValve.java:74)
	at org.apache.catalina.connector.CoyoteAdapter.service(CoyoteAdapter.java:343)
	at org.apache.coyote.http11.Http11Processor.service(Http11Processor.java:367)
	at org.apache.coyote.AbstractProcessorLight.process(AbstractProcessorLight.java:65)
	at org.apache.coyote.AbstractProtocol$ConnectionHandler.process(AbstractProtocol.java:860)
	at org.apache.tomcat.util.net.NioEndpoint$SocketProcessor.doRun(NioEndpoint.java:1598)
	at org.apache.tomcat.util.net.SocketProcessorBase.run(SocketProcessorBase.java:49)
	at java.util.concurrent.ThreadPoolExecutor.runWorker(ThreadPoolExecutor.java:1149)
	at java.util.concurrent.ThreadPoolExecutor$Worker.run(ThreadPoolExecutor.java:624)
	at org.apache.tomcat.util.threads.TaskThread$WrappingRunnable.run(TaskThread.java:61)
	at java.lang.Thread.run(Thread.java:748)
Caused by: javax.el.PropertyNotFoundException: Property [vatCategoryAll] not found on type [com.smb.erp.controller.VatCategoryController]
	at javax.el.BeanELResolver$BeanProperties.get(BeanELResolver.java:260)
	at javax.el.BeanELResolver$BeanProperties.access$300(BeanELResolver.java:212)
	at javax.el.BeanELResolver.property(BeanELResolver.java:333)
	at javax.el.BeanELResolver.getValue(BeanELResolver.java:92)
	at com.sun.faces.el.DemuxCompositeELResolver._getValue(DemuxCompositeELResolver.java:156)
	at com.sun.faces.el.DemuxCompositeELResolver.getValue(DemuxCompositeELResolver.java:184)
	at org.apache.el.parser.AstValue.getValue(AstValue.java:169)
	at org.apache.el.ValueExpressionImpl.getValue(ValueExpressionImpl.java:190)
	at com.sun.faces.facelets.el.TagValueExpression.getValue(TagValueExpression.java:73)
	... 68 common frames omitted
2020-06-14 19:07:56,829 WARN com.zaxxer.hikari.pool.HikariPool$HouseKeeper [HikariPool-1 housekeeper] HikariPool-1 - Thread starvation or clock leap detected (housekeeper delta=37m24s455ms951µs200ns).
