2020-05-04 20:34:30,334 INFO org.springframework.boot.StartupInfoLogger [main] Starting SmbErpApplication on FatemaLaptop with PID 3716 (D:\Projects\SmbErp\target\classes started by FatemaLaptop in D:\Projects\SmbErp)
2020-05-04 20:34:30,417 INFO org.springframework.boot.SpringApplication [main] No active profile set, falling back to default profiles: default
2020-05-04 20:34:31,092 INFO org.springframework.data.repository.config.RepositoryConfigurationDelegate [main] Bootstrapping Spring Data JPA repositories in DEFAULT mode.
2020-05-04 20:34:31,265 INFO org.springframework.data.repository.config.RepositoryConfigurationDelegate [main] Finished Spring Data repository scanning in 118ms. Found 20 JPA repository interfaces.
2020-05-04 20:34:31,809 INFO org.springframework.context.support.PostProcessorRegistrationDelegate$BeanPostProcessorChecker [main] Bean 'org.springframework.transaction.annotation.ProxyTransactionManagementConfiguration' of type [org.springframework.transaction.annotation.ProxyTransactionManagementConfiguration] is not eligible for getting processed by all BeanPostProcessors (for example: not eligible for auto-proxying)
2020-05-04 20:34:31,860 INFO org.springframework.context.support.PostProcessorRegistrationDelegate$BeanPostProcessorChecker [main] Bean 'org.joinfaces.autoconfigure.javaxfaces.JsfBeansAutoConfiguration$Jsf2_3AutoConfiguration' of type [org.joinfaces.autoconfigure.javaxfaces.JsfBeansAutoConfiguration$Jsf2_3AutoConfiguration] is not eligible for getting processed by all BeanPostProcessors (for example: not eligible for auto-proxying)
2020-05-04 20:34:31,896 INFO org.springframework.context.support.PostProcessorRegistrationDelegate$BeanPostProcessorChecker [main] Bean 'org.joinfaces.autoconfigure.javaxfaces.JsfBeansAutoConfiguration' of type [org.joinfaces.autoconfigure.javaxfaces.JsfBeansAutoConfiguration] is not eligible for getting processed by all BeanPostProcessors (for example: not eligible for auto-proxying)
2020-05-04 20:34:32,193 INFO org.springframework.boot.web.embedded.tomcat.TomcatWebServer [main] Tomcat initialized with port(s): 8008 (http)
2020-05-04 20:34:32,233 INFO org.apache.juli.logging.DirectJDKLog [main] Initializing ProtocolHandler ["http-nio-8008"]
2020-05-04 20:34:32,271 INFO org.apache.juli.logging.DirectJDKLog [main] Starting service [Tomcat]
2020-05-04 20:34:32,302 INFO org.apache.juli.logging.DirectJDKLog [main] Starting Servlet engine: [Apache Tomcat/9.0.30]
2020-05-04 20:34:32,760 INFO org.apache.juli.logging.DirectJDKLog [main] At least one JAR was scanned for TLDs yet contained no TLDs. Enable debug logging for this logger for a complete list of JARs that were scanned but no TLDs were found in them. Skipping unneeded JARs during scanning can improve startup time and JSP compilation time.
2020-05-04 20:34:32,804 INFO org.apache.juli.logging.DirectJDKLog [main] Initializing Spring embedded WebApplicationContext
2020-05-04 20:34:32,836 INFO org.springframework.boot.web.servlet.context.ServletWebServerApplicationContext [main] Root WebApplicationContext: initialization completed in 2344 ms
2020-05-04 20:34:34,299 INFO org.joinfaces.autoconfigure.servlet.initializer.ServletContainerInitializerRegistrationBean [main] Resolving classes for com.sun.faces.config.FacesInitializer took 1.3418383s
2020-05-04 20:34:34,368 INFO com.sun.faces.config.ConfigureListener [main] Initializing Mojarra |version.string| for context ''
2020-05-04 20:34:34,620 INFO com.sun.faces.spi.InjectionProviderFactory [main] JSF1048: PostConstruct/PreDestroy annotations present.  ManagedBeans methods marked with these annotations will have said annotations processed.
2020-05-04 20:34:35,153 INFO org.primefaces.webapp.PostConstructApplicationEventListener [main] Running on PrimeFaces 7.0
2020-05-04 20:34:35,187 INFO org.primefaces.extensions.application.PostConstructApplicationEventListener [main] Running on PrimeFaces Extensions 7.0.3
2020-05-04 20:34:35,335 INFO org.hibernate.jpa.internal.util.LogHelper [main] HHH000204: Processing PersistenceUnitInfo [name: default]
2020-05-04 20:34:35,432 INFO org.hibernate.Version [main] HHH000412: Hibernate Core {5.4.10.Final}
2020-05-04 20:34:35,592 INFO org.hibernate.annotations.common.reflection.java.JavaReflectionManager [main] HCANN000001: Hibernate Commons Annotations {5.1.0.Final}
2020-05-04 20:34:35,717 INFO com.zaxxer.hikari.HikariDataSource [main] HikariPool-1 - Starting...
2020-05-04 20:34:35,799 INFO com.zaxxer.hikari.HikariDataSource [main] HikariPool-1 - Start completed.
2020-05-04 20:34:35,877 INFO org.hibernate.dialect.Dialect [main] HHH000400: Using dialect: org.hibernate.dialect.MySQL57Dialect
2020-05-04 20:34:37,563 INFO org.hibernate.engine.transaction.jta.platform.internal.JtaPlatformInitiator [main] HHH000490: Using JtaPlatform implementation: [org.hibernate.engine.transaction.jta.platform.internal.NoJtaPlatform]
2020-05-04 20:34:37,758 INFO org.springframework.orm.jpa.AbstractEntityManagerFactoryBean [main] Initialized JPA EntityManagerFactory for persistence unit 'default'
2020-05-04 20:34:38,251 WARN org.hibernate.dialect.function.TemplateRenderer [main] HHH000174: Function template anticipated 4 arguments, but 1 arguments encountered
2020-05-04 20:34:38,899 INFO org.springframework.scheduling.concurrent.ExecutorConfigurationSupport [main] Initializing ExecutorService 'applicationTaskExecutor'
2020-05-04 20:34:39,181 INFO org.apache.juli.logging.DirectJDKLog [main] Starting ProtocolHandler ["http-nio-8008"]
2020-05-04 20:34:39,236 INFO org.springframework.boot.web.embedded.tomcat.TomcatWebServer [main] Tomcat started on port(s): 8008 (http) with context path ''
2020-05-04 20:34:39,270 INFO org.springframework.boot.StartupInfoLogger [main] Started SmbErpApplication in 10.287 seconds (JVM running for 10.741)
2020-05-04 20:35:09,220 INFO org.apache.juli.logging.DirectJDKLog [http-nio-8008-exec-1] Initializing Spring DispatcherServlet 'dispatcherServlet'
2020-05-04 20:35:09,259 INFO org.springframework.web.servlet.FrameworkServlet [http-nio-8008-exec-1] Initializing Servlet 'dispatcherServlet'
2020-05-04 20:35:09,304 INFO org.springframework.web.servlet.FrameworkServlet [http-nio-8008-exec-1] Completed initialization in 6 ms
2020-05-04 20:44:08,589 ERROR com.sun.faces.context.ExceptionHandlerImpl [http-nio-8008-exec-10] JSF1073: javax.faces.view.facelets.TagAttributeException caught during processing of RENDER_RESPONSE 6 : UIComponent-ClientId=, Message=//D:/Projects/SmbErp/target/classes/META-INF/resources/prodmaster_1.xhtml @69,39 <ui:include src="/product.xhtml"> Invalid path : /product.xhtml
2020-05-04 20:44:08,637 ERROR com.sun.faces.context.ExceptionHandlerImpl [http-nio-8008-exec-10] //D:/Projects/SmbErp/target/classes/META-INF/resources/prodmaster_1.xhtml @69,39 <ui:include src="/product.xhtml"> Invalid path : /product.xhtml
javax.faces.view.facelets.TagAttributeException: //D:/Projects/SmbErp/target/classes/META-INF/resources/prodmaster_1.xhtml @69,39 <ui:include src="/product.xhtml"> Invalid path : /product.xhtml
	at com.sun.faces.facelets.tag.ui.IncludeHandler.apply(IncludeHandler.java:89)
	at javax.faces.view.facelets.CompositeFaceletHandler.apply(CompositeFaceletHandler.java:55)
	at com.sun.faces.facelets.tag.ui.CompositionHandler.apply(CompositionHandler.java:153)
	at com.sun.faces.facelets.compiler.NamespaceHandler.apply(NamespaceHandler.java:52)
	at com.sun.faces.facelets.compiler.EncodingHandler.apply(EncodingHandler.java:46)
	at com.sun.faces.facelets.impl.DefaultFacelet.apply(DefaultFacelet.java:120)
	at com.sun.faces.application.view.FaceletViewHandlingStrategy.buildView(FaceletViewHandlingStrategy.java:358)
	at com.sun.faces.lifecycle.RenderResponsePhase.execute(RenderResponsePhase.java:78)
	at com.sun.faces.lifecycle.Phase.doPhase(Phase.java:76)
	at com.sun.faces.lifecycle.LifecycleImpl.render(LifecycleImpl.java:199)
	at javax.faces.webapp.FacesServlet.executeLifecyle(FacesServlet.java:708)
	at javax.faces.webapp.FacesServlet.service(FacesServlet.java:451)
	at org.apache.catalina.core.ApplicationFilterChain.internalDoFilter(ApplicationFilterChain.java:231)
	at org.apache.catalina.core.ApplicationFilterChain.doFilter(ApplicationFilterChain.java:166)
	at org.apache.tomcat.websocket.server.WsFilter.doFilter(WsFilter.java:53)
	at org.apache.catalina.core.ApplicationFilterChain.internalDoFilter(ApplicationFilterChain.java:193)
	at org.apache.catalina.core.ApplicationFilterChain.doFilter(ApplicationFilterChain.java:166)
	at org.springframework.orm.jpa.support.OpenEntityManagerInViewFilter.doFilterInternal(OpenEntityManagerInViewFilter.java:186)
	at org.springframework.web.filter.OncePerRequestFilter.doFilter(OncePerRequestFilter.java:119)
	at org.apache.catalina.core.ApplicationFilterChain.internalDoFilter(ApplicationFilterChain.java:193)
	at org.apache.catalina.core.ApplicationFilterChain.doFilter(ApplicationFilterChain.java:166)
	at org.springframework.web.filter.RequestContextFilter.doFilterInternal(RequestContextFilter.java:100)
	at org.springframework.web.filter.OncePerRequestFilter.doFilter(OncePerRequestFilter.java:119)
	at org.apache.catalina.core.ApplicationFilterChain.internalDoFilter(ApplicationFilterChain.java:193)
	at org.apache.catalina.core.ApplicationFilterChain.doFilter(ApplicationFilterChain.java:166)
	at org.springframework.web.filter.FormContentFilter.doFilterInternal(FormContentFilter.java:93)
	at org.springframework.web.filter.OncePerRequestFilter.doFilter(OncePerRequestFilter.java:119)
	at org.apache.catalina.core.ApplicationFilterChain.internalDoFilter(ApplicationFilterChain.java:193)
	at org.apache.catalina.core.ApplicationFilterChain.doFilter(ApplicationFilterChain.java:166)
	at org.springframework.web.filter.CharacterEncodingFilter.doFilterInternal(CharacterEncodingFilter.java:201)
	at org.springframework.web.filter.OncePerRequestFilter.doFilter(OncePerRequestFilter.java:119)
	at org.apache.catalina.core.ApplicationFilterChain.internalDoFilter(ApplicationFilterChain.java:193)
	at org.apache.catalina.core.ApplicationFilterChain.doFilter(ApplicationFilterChain.java:166)
	at org.apache.catalina.core.StandardWrapperValve.invoke(StandardWrapperValve.java:202)
	at org.apache.catalina.core.StandardContextValve.invoke(StandardContextValve.java:96)
	at org.apache.catalina.authenticator.AuthenticatorBase.invoke(AuthenticatorBase.java:541)
	at org.apache.catalina.core.StandardHostValve.invoke(StandardHostValve.java:139)
	at org.apache.catalina.valves.ErrorReportValve.invoke(ErrorReportValve.java:92)
	at org.apache.catalina.core.StandardEngineValve.invoke(StandardEngineValve.java:74)
	at org.apache.catalina.connector.CoyoteAdapter.service(CoyoteAdapter.java:343)
	at org.apache.coyote.http11.Http11Processor.service(Http11Processor.java:367)
	at org.apache.coyote.AbstractProcessorLight.process(AbstractProcessorLight.java:65)
	at org.apache.coyote.AbstractProtocol$ConnectionHandler.process(AbstractProtocol.java:860)
	at org.apache.tomcat.util.net.NioEndpoint$SocketProcessor.doRun(NioEndpoint.java:1598)
	at org.apache.tomcat.util.net.SocketProcessorBase.run(SocketProcessorBase.java:49)
	at java.util.concurrent.ThreadPoolExecutor.runWorker(ThreadPoolExecutor.java:1149)
	at java.util.concurrent.ThreadPoolExecutor$Worker.run(ThreadPoolExecutor.java:624)
	at org.apache.tomcat.util.threads.TaskThread$WrappingRunnable.run(TaskThread.java:61)
	at java.lang.Thread.run(Thread.java:748)
2020-05-04 20:44:14,857 ERROR com.sun.faces.application.view.FaceletViewHandlingStrategy [http-nio-8008-exec-8] Error Rendering View[/prodmaster_2.xhtml]
javax.faces.FacesException: Unsupported tree node type:CAT
	at org.primefaces.component.tree.Tree.getUITreeNodeByType(Tree.java:129)
	at org.primefaces.component.tree.TreeRenderer.encodeTreeNode(TreeRenderer.java:655)
	at org.primefaces.component.tree.TreeRenderer.encodeTreeNodeChildren(TreeRenderer.java:794)
	at org.primefaces.component.tree.TreeRenderer.encodeVerticalTree(TreeRenderer.java:402)
	at org.primefaces.component.tree.TreeRenderer.encodeMarkup(TreeRenderer.java:341)
	at org.primefaces.component.tree.TreeRenderer.encodeEnd(TreeRenderer.java:253)
	at javax.faces.component.UIComponentBase.encodeEnd(UIComponentBase.java:595)
	at org.primefaces.renderkit.CoreRenderer.renderChild(CoreRenderer.java:87)
	at org.primefaces.renderkit.CoreRenderer.renderChildren(CoreRenderer.java:69)
	at org.primefaces.component.layout.LayoutUnitRenderer.encodeEnd(LayoutUnitRenderer.java:60)
	at javax.faces.component.UIComponentBase.encodeEnd(UIComponentBase.java:595)
	at org.primefaces.renderkit.CoreRenderer.renderChild(CoreRenderer.java:87)
	at org.primefaces.renderkit.CoreRenderer.renderChildren(CoreRenderer.java:69)
	at org.primefaces.renderkit.CoreRenderer.renderChild(CoreRenderer.java:85)
	at org.primefaces.renderkit.CoreRenderer.renderChildren(CoreRenderer.java:69)
	at org.primefaces.component.outputpanel.OutputPanelRenderer.encodeMarkup(OutputPanelRenderer.java:74)
	at org.primefaces.component.outputpanel.OutputPanelRenderer.encodeEnd(OutputPanelRenderer.java:48)
	at javax.faces.component.UIComponentBase.encodeEnd(UIComponentBase.java:595)
	at javax.faces.component.UIComponent.encodeAll(UIComponent.java:1654)
	at javax.faces.component.UIComponent.encodeAll(UIComponent.java:1650)
	at com.sun.faces.application.view.FaceletViewHandlingStrategy.renderView(FaceletViewHandlingStrategy.java:468)
	at com.sun.faces.application.view.MultiViewHandler.renderView(MultiViewHandler.java:170)
	at com.sun.faces.lifecycle.RenderResponsePhase.execute(RenderResponsePhase.java:102)
	at com.sun.faces.lifecycle.Phase.doPhase(Phase.java:76)
	at com.sun.faces.lifecycle.LifecycleImpl.render(LifecycleImpl.java:199)
	at javax.faces.webapp.FacesServlet.executeLifecyle(FacesServlet.java:708)
	at javax.faces.webapp.FacesServlet.service(FacesServlet.java:451)
	at org.apache.catalina.core.ApplicationFilterChain.internalDoFilter(ApplicationFilterChain.java:231)
	at org.apache.catalina.core.ApplicationFilterChain.doFilter(ApplicationFilterChain.java:166)
	at org.apache.tomcat.websocket.server.WsFilter.doFilter(WsFilter.java:53)
	at org.apache.catalina.core.ApplicationFilterChain.internalDoFilter(ApplicationFilterChain.java:193)
	at org.apache.catalina.core.ApplicationFilterChain.doFilter(ApplicationFilterChain.java:166)
	at org.springframework.orm.jpa.support.OpenEntityManagerInViewFilter.doFilterInternal(OpenEntityManagerInViewFilter.java:186)
	at org.springframework.web.filter.OncePerRequestFilter.doFilter(OncePerRequestFilter.java:119)
	at org.apache.catalina.core.ApplicationFilterChain.internalDoFilter(ApplicationFilterChain.java:193)
	at org.apache.catalina.core.ApplicationFilterChain.doFilter(ApplicationFilterChain.java:166)
	at org.springframework.web.filter.RequestContextFilter.doFilterInternal(RequestContextFilter.java:100)
	at org.springframework.web.filter.OncePerRequestFilter.doFilter(OncePerRequestFilter.java:119)
	at org.apache.catalina.core.ApplicationFilterChain.internalDoFilter(ApplicationFilterChain.java:193)
	at org.apache.catalina.core.ApplicationFilterChain.doFilter(ApplicationFilterChain.java:166)
	at org.springframework.web.filter.FormContentFilter.doFilterInternal(FormContentFilter.java:93)
	at org.springframework.web.filter.OncePerRequestFilter.doFilter(OncePerRequestFilter.java:119)
	at org.apache.catalina.core.ApplicationFilterChain.internalDoFilter(ApplicationFilterChain.java:193)
	at org.apache.catalina.core.ApplicationFilterChain.doFilter(ApplicationFilterChain.java:166)
	at org.springframework.web.filter.CharacterEncodingFilter.doFilterInternal(CharacterEncodingFilter.java:201)
	at org.springframework.web.filter.OncePerRequestFilter.doFilter(OncePerRequestFilter.java:119)
	at org.apache.catalina.core.ApplicationFilterChain.internalDoFilter(ApplicationFilterChain.java:193)
	at org.apache.catalina.core.ApplicationFilterChain.doFilter(ApplicationFilterChain.java:166)
	at org.apache.catalina.core.StandardWrapperValve.invoke(StandardWrapperValve.java:202)
	at org.apache.catalina.core.StandardContextValve.invoke(StandardContextValve.java:96)
	at org.apache.catalina.authenticator.AuthenticatorBase.invoke(AuthenticatorBase.java:541)
	at org.apache.catalina.core.StandardHostValve.invoke(StandardHostValve.java:139)
	at org.apache.catalina.valves.ErrorReportValve.invoke(ErrorReportValve.java:92)
	at org.apache.catalina.core.StandardEngineValve.invoke(StandardEngineValve.java:74)
	at org.apache.catalina.connector.CoyoteAdapter.service(CoyoteAdapter.java:343)
	at org.apache.coyote.http11.Http11Processor.service(Http11Processor.java:367)
	at org.apache.coyote.AbstractProcessorLight.process(AbstractProcessorLight.java:65)
	at org.apache.coyote.AbstractProtocol$ConnectionHandler.process(AbstractProtocol.java:860)
	at org.apache.tomcat.util.net.NioEndpoint$SocketProcessor.doRun(NioEndpoint.java:1598)
	at org.apache.tomcat.util.net.SocketProcessorBase.run(SocketProcessorBase.java:49)
	at java.util.concurrent.ThreadPoolExecutor.runWorker(ThreadPoolExecutor.java:1149)
	at java.util.concurrent.ThreadPoolExecutor$Worker.run(ThreadPoolExecutor.java:624)
	at org.apache.tomcat.util.threads.TaskThread$WrappingRunnable.run(TaskThread.java:61)
	at java.lang.Thread.run(Thread.java:748)
2020-05-04 20:44:14,904 ERROR com.sun.faces.context.ExceptionHandlerImpl [http-nio-8008-exec-8] JSF1073: javax.faces.FacesException caught during processing of RENDER_RESPONSE 6 : UIComponent-ClientId=, Message=Unsupported tree node type:CAT
2020-05-04 20:44:14,944 ERROR com.sun.faces.context.ExceptionHandlerImpl [http-nio-8008-exec-8] Unsupported tree node type:CAT
javax.faces.FacesException: Unsupported tree node type:CAT
	at org.primefaces.component.tree.Tree.getUITreeNodeByType(Tree.java:129)
	at org.primefaces.component.tree.TreeRenderer.encodeTreeNode(TreeRenderer.java:655)
	at org.primefaces.component.tree.TreeRenderer.encodeTreeNodeChildren(TreeRenderer.java:794)
	at org.primefaces.component.tree.TreeRenderer.encodeVerticalTree(TreeRenderer.java:402)
	at org.primefaces.component.tree.TreeRenderer.encodeMarkup(TreeRenderer.java:341)
	at org.primefaces.component.tree.TreeRenderer.encodeEnd(TreeRenderer.java:253)
	at javax.faces.component.UIComponentBase.encodeEnd(UIComponentBase.java:595)
	at org.primefaces.renderkit.CoreRenderer.renderChild(CoreRenderer.java:87)
	at org.primefaces.renderkit.CoreRenderer.renderChildren(CoreRenderer.java:69)
	at org.primefaces.component.layout.LayoutUnitRenderer.encodeEnd(LayoutUnitRenderer.java:60)
	at javax.faces.component.UIComponentBase.encodeEnd(UIComponentBase.java:595)
	at org.primefaces.renderkit.CoreRenderer.renderChild(CoreRenderer.java:87)
	at org.primefaces.renderkit.CoreRenderer.renderChildren(CoreRenderer.java:69)
	at org.primefaces.renderkit.CoreRenderer.renderChild(CoreRenderer.java:85)
	at org.primefaces.renderkit.CoreRenderer.renderChildren(CoreRenderer.java:69)
	at org.primefaces.component.outputpanel.OutputPanelRenderer.encodeMarkup(OutputPanelRenderer.java:74)
	at org.primefaces.component.outputpanel.OutputPanelRenderer.encodeEnd(OutputPanelRenderer.java:48)
	at javax.faces.component.UIComponentBase.encodeEnd(UIComponentBase.java:595)
	at javax.faces.component.UIComponent.encodeAll(UIComponent.java:1654)
	at javax.faces.component.UIComponent.encodeAll(UIComponent.java:1650)
	at com.sun.faces.application.view.FaceletViewHandlingStrategy.renderView(FaceletViewHandlingStrategy.java:468)
	at com.sun.faces.application.view.MultiViewHandler.renderView(MultiViewHandler.java:170)
	at com.sun.faces.lifecycle.RenderResponsePhase.execute(RenderResponsePhase.java:102)
	at com.sun.faces.lifecycle.Phase.doPhase(Phase.java:76)
	at com.sun.faces.lifecycle.LifecycleImpl.render(LifecycleImpl.java:199)
	at javax.faces.webapp.FacesServlet.executeLifecyle(FacesServlet.java:708)
	at javax.faces.webapp.FacesServlet.service(FacesServlet.java:451)
	at org.apache.catalina.core.ApplicationFilterChain.internalDoFilter(ApplicationFilterChain.java:231)
	at org.apache.catalina.core.ApplicationFilterChain.doFilter(ApplicationFilterChain.java:166)
	at org.apache.tomcat.websocket.server.WsFilter.doFilter(WsFilter.java:53)
	at org.apache.catalina.core.ApplicationFilterChain.internalDoFilter(ApplicationFilterChain.java:193)
	at org.apache.catalina.core.ApplicationFilterChain.doFilter(ApplicationFilterChain.java:166)
	at org.springframework.orm.jpa.support.OpenEntityManagerInViewFilter.doFilterInternal(OpenEntityManagerInViewFilter.java:186)
	at org.springframework.web.filter.OncePerRequestFilter.doFilter(OncePerRequestFilter.java:119)
	at org.apache.catalina.core.ApplicationFilterChain.internalDoFilter(ApplicationFilterChain.java:193)
	at org.apache.catalina.core.ApplicationFilterChain.doFilter(ApplicationFilterChain.java:166)
	at org.springframework.web.filter.RequestContextFilter.doFilterInternal(RequestContextFilter.java:100)
	at org.springframework.web.filter.OncePerRequestFilter.doFilter(OncePerRequestFilter.java:119)
	at org.apache.catalina.core.ApplicationFilterChain.internalDoFilter(ApplicationFilterChain.java:193)
	at org.apache.catalina.core.ApplicationFilterChain.doFilter(ApplicationFilterChain.java:166)
	at org.springframework.web.filter.FormContentFilter.doFilterInternal(FormContentFilter.java:93)
	at org.springframework.web.filter.OncePerRequestFilter.doFilter(OncePerRequestFilter.java:119)
	at org.apache.catalina.core.ApplicationFilterChain.internalDoFilter(ApplicationFilterChain.java:193)
	at org.apache.catalina.core.ApplicationFilterChain.doFilter(ApplicationFilterChain.java:166)
	at org.springframework.web.filter.CharacterEncodingFilter.doFilterInternal(CharacterEncodingFilter.java:201)
	at org.springframework.web.filter.OncePerRequestFilter.doFilter(OncePerRequestFilter.java:119)
	at org.apache.catalina.core.ApplicationFilterChain.internalDoFilter(ApplicationFilterChain.java:193)
	at org.apache.catalina.core.ApplicationFilterChain.doFilter(ApplicationFilterChain.java:166)
	at org.apache.catalina.core.StandardWrapperValve.invoke(StandardWrapperValve.java:202)
	at org.apache.catalina.core.StandardContextValve.invoke(StandardContextValve.java:96)
	at org.apache.catalina.authenticator.AuthenticatorBase.invoke(AuthenticatorBase.java:541)
	at org.apache.catalina.core.StandardHostValve.invoke(StandardHostValve.java:139)
	at org.apache.catalina.valves.ErrorReportValve.invoke(ErrorReportValve.java:92)
	at org.apache.catalina.core.StandardEngineValve.invoke(StandardEngineValve.java:74)
	at org.apache.catalina.connector.CoyoteAdapter.service(CoyoteAdapter.java:343)
	at org.apache.coyote.http11.Http11Processor.service(Http11Processor.java:367)
	at org.apache.coyote.AbstractProcessorLight.process(AbstractProcessorLight.java:65)
	at org.apache.coyote.AbstractProtocol$ConnectionHandler.process(AbstractProtocol.java:860)
	at org.apache.tomcat.util.net.NioEndpoint$SocketProcessor.doRun(NioEndpoint.java:1598)
	at org.apache.tomcat.util.net.SocketProcessorBase.run(SocketProcessorBase.java:49)
	at java.util.concurrent.ThreadPoolExecutor.runWorker(ThreadPoolExecutor.java:1149)
	at java.util.concurrent.ThreadPoolExecutor$Worker.run(ThreadPoolExecutor.java:624)
	at org.apache.tomcat.util.threads.TaskThread$WrappingRunnable.run(TaskThread.java:61)
	at java.lang.Thread.run(Thread.java:748)
