2020-06-18 17:39:56,667 INFO org.springframework.boot.StartupInfoLogger [main] Starting SmbErpApplication on FatemaLaptop with PID 12896 (D:\Projects\SmbErp\target\classes started by FatemaLaptop in D:\Projects\SmbErp)
2020-06-18 17:39:56,767 INFO org.springframework.boot.SpringApplication [main] No active profile set, falling back to default profiles: default
2020-06-18 17:39:58,065 INFO org.springframework.data.repository.config.RepositoryConfigurationDelegate [main] Bootstrapping Spring Data JPA repositories in DEFAULT mode.
2020-06-18 17:39:58,442 INFO org.springframework.data.repository.config.RepositoryConfigurationDelegate [main] Finished Spring Data repository scanning in 308ms. Found 21 JPA repository interfaces.
2020-06-18 17:39:59,402 INFO org.springframework.context.support.PostProcessorRegistrationDelegate$BeanPostProcessorChecker [main] Bean 'org.springframework.transaction.annotation.ProxyTransactionManagementConfiguration' of type [org.springframework.transaction.annotation.ProxyTransactionManagementConfiguration] is not eligible for getting processed by all BeanPostProcessors (for example: not eligible for auto-proxying)
2020-06-18 17:39:59,485 INFO org.springframework.context.support.PostProcessorRegistrationDelegate$BeanPostProcessorChecker [main] Bean 'org.joinfaces.autoconfigure.javaxfaces.JsfBeansAutoConfiguration$Jsf2_3AutoConfiguration' of type [org.joinfaces.autoconfigure.javaxfaces.JsfBeansAutoConfiguration$Jsf2_3AutoConfiguration] is not eligible for getting processed by all BeanPostProcessors (for example: not eligible for auto-proxying)
2020-06-18 17:39:59,535 INFO org.springframework.context.support.PostProcessorRegistrationDelegate$BeanPostProcessorChecker [main] Bean 'org.joinfaces.autoconfigure.javaxfaces.JsfBeansAutoConfiguration' of type [org.joinfaces.autoconfigure.javaxfaces.JsfBeansAutoConfiguration] is not eligible for getting processed by all BeanPostProcessors (for example: not eligible for auto-proxying)
2020-06-18 17:40:00,063 INFO org.springframework.boot.web.embedded.tomcat.TomcatWebServer [main] Tomcat initialized with port(s): 8008 (http)
2020-06-18 17:40:00,138 INFO org.apache.juli.logging.DirectJDKLog [main] Initializing ProtocolHandler ["http-nio-8008"]
2020-06-18 17:40:00,198 INFO org.apache.juli.logging.DirectJDKLog [main] Starting service [Tomcat]
2020-06-18 17:40:00,231 INFO org.apache.juli.logging.DirectJDKLog [main] Starting Servlet engine: [Apache Tomcat/9.0.30]
2020-06-18 17:40:01,005 INFO org.apache.juli.logging.DirectJDKLog [main] At least one JAR was scanned for TLDs yet contained no TLDs. Enable debug logging for this logger for a complete list of JARs that were scanned but no TLDs were found in them. Skipping unneeded JARs during scanning can improve startup time and JSP compilation time.
2020-06-18 17:40:01,130 INFO org.apache.juli.logging.DirectJDKLog [main] Initializing Spring embedded WebApplicationContext
2020-06-18 17:40:01,200 INFO org.springframework.boot.web.servlet.context.ServletWebServerApplicationContext [main] Root WebApplicationContext: initialization completed in 4302 ms
2020-06-18 17:40:03,641 INFO org.joinfaces.autoconfigure.servlet.initializer.ServletContainerInitializerRegistrationBean [main] Resolving classes for com.sun.faces.config.FacesInitializer took 2.1604667s
2020-06-18 17:40:03,835 INFO com.sun.faces.config.ConfigureListener [main] Initializing Mojarra |version.string| for context ''
2020-06-18 17:40:04,361 INFO com.sun.faces.spi.InjectionProviderFactory [main] JSF1048: PostConstruct/PreDestroy annotations present.  ManagedBeans methods marked with these annotations will have said annotations processed.
2020-06-18 17:40:05,311 INFO org.primefaces.webapp.PostConstructApplicationEventListener [main] Running on PrimeFaces 7.0
2020-06-18 17:40:05,387 INFO org.primefaces.extensions.application.PostConstructApplicationEventListener [main] Running on PrimeFaces Extensions 7.0.3
2020-06-18 17:40:05,719 INFO org.hibernate.jpa.internal.util.LogHelper [main] HHH000204: Processing PersistenceUnitInfo [name: default]
2020-06-18 17:40:05,876 INFO org.hibernate.Version [main] HHH000412: Hibernate Core {5.4.10.Final}
2020-06-18 17:40:06,131 INFO org.hibernate.annotations.common.reflection.java.JavaReflectionManager [main] HCANN000001: Hibernate Commons Annotations {5.1.0.Final}
2020-06-18 17:40:06,331 INFO com.zaxxer.hikari.HikariDataSource [main] HikariPool-1 - Starting...
2020-06-18 17:40:06,411 INFO com.zaxxer.hikari.HikariDataSource [main] HikariPool-1 - Start completed.
2020-06-18 17:40:06,496 INFO org.hibernate.dialect.Dialect [main] HHH000400: Using dialect: org.hibernate.dialect.MySQL57Dialect
2020-06-18 17:40:09,112 INFO org.hibernate.engine.transaction.jta.platform.internal.JtaPlatformInitiator [main] HHH000490: Using JtaPlatform implementation: [org.hibernate.engine.transaction.jta.platform.internal.NoJtaPlatform]
2020-06-18 17:40:09,356 INFO org.springframework.orm.jpa.AbstractEntityManagerFactoryBean [main] Initialized JPA EntityManagerFactory for persistence unit 'default'
2020-06-18 17:40:10,142 WARN org.hibernate.dialect.function.TemplateRenderer [main] HHH000174: Function template anticipated 4 arguments, but 1 arguments encountered
2020-06-18 17:40:11,245 INFO org.springframework.scheduling.concurrent.ExecutorConfigurationSupport [main] Initializing ExecutorService 'applicationTaskExecutor'
2020-06-18 17:40:11,789 INFO org.apache.juli.logging.DirectJDKLog [main] Starting ProtocolHandler ["http-nio-8008"]
2020-06-18 17:40:11,857 INFO org.springframework.boot.web.embedded.tomcat.TomcatWebServer [main] Tomcat started on port(s): 8008 (http) with context path ''
2020-06-18 17:40:11,895 INFO org.springframework.boot.StartupInfoLogger [main] Started SmbErpApplication in 17.733 seconds (JVM running for 18.701)
2020-06-18 17:44:37,249 INFO org.apache.juli.logging.DirectJDKLog [http-nio-8008-exec-1] Initializing Spring DispatcherServlet 'dispatcherServlet'
2020-06-18 17:44:37,296 INFO org.springframework.web.servlet.FrameworkServlet [http-nio-8008-exec-1] Initializing Servlet 'dispatcherServlet'
2020-06-18 17:44:37,369 INFO org.springframework.web.servlet.FrameworkServlet [http-nio-8008-exec-1] Completed initialization in 24 ms
