2020-05-05 16:24:20,052 INFO org.springframework.boot.StartupInfoLogger [main] Starting SmbErpApplication on FatemaLaptop with PID 8976 (D:\Projects\SmbErp\target\classes started by FatemaLaptop in D:\Projects\SmbErp)
2020-05-05 16:24:20,142 INFO org.springframework.boot.SpringApplication [main] No active profile set, falling back to default profiles: default
2020-05-05 16:24:21,089 INFO org.springframework.data.repository.config.RepositoryConfigurationDelegate [main] Bootstrapping Spring Data JPA repositories in DEFAULT mode.
2020-05-05 16:24:21,316 INFO org.springframework.data.repository.config.RepositoryConfigurationDelegate [main] Finished Spring Data repository scanning in 174ms. Found 21 JPA repository interfaces.
2020-05-05 16:24:21,920 INFO org.springframework.context.support.PostProcessorRegistrationDelegate$BeanPostProcessorChecker [main] Bean 'org.springframework.transaction.annotation.ProxyTransactionManagementConfiguration' of type [org.springframework.transaction.annotation.ProxyTransactionManagementConfiguration] is not eligible for getting processed by all BeanPostProcessors (for example: not eligible for auto-proxying)
2020-05-05 16:24:21,970 INFO org.springframework.context.support.PostProcessorRegistrationDelegate$BeanPostProcessorChecker [main] Bean 'org.joinfaces.autoconfigure.javaxfaces.JsfBeansAutoConfiguration$Jsf2_3AutoConfiguration' of type [org.joinfaces.autoconfigure.javaxfaces.JsfBeansAutoConfiguration$Jsf2_3AutoConfiguration] is not eligible for getting processed by all BeanPostProcessors (for example: not eligible for auto-proxying)
2020-05-05 16:24:22,006 INFO org.springframework.context.support.PostProcessorRegistrationDelegate$BeanPostProcessorChecker [main] Bean 'org.joinfaces.autoconfigure.javaxfaces.JsfBeansAutoConfiguration' of type [org.joinfaces.autoconfigure.javaxfaces.JsfBeansAutoConfiguration] is not eligible for getting processed by all BeanPostProcessors (for example: not eligible for auto-proxying)
2020-05-05 16:24:22,465 INFO org.springframework.boot.web.embedded.tomcat.TomcatWebServer [main] Tomcat initialized with port(s): 8008 (http)
2020-05-05 16:24:22,522 INFO org.apache.juli.logging.DirectJDKLog [main] Initializing ProtocolHandler ["http-nio-8008"]
2020-05-05 16:24:22,572 INFO org.apache.juli.logging.DirectJDKLog [main] Starting service [Tomcat]
2020-05-05 16:24:22,640 INFO org.apache.juli.logging.DirectJDKLog [main] Starting Servlet engine: [Apache Tomcat/9.0.30]
2020-05-05 16:24:23,174 INFO org.apache.juli.logging.DirectJDKLog [main] At least one JAR was scanned for TLDs yet contained no TLDs. Enable debug logging for this logger for a complete list of JARs that were scanned but no TLDs were found in them. Skipping unneeded JARs during scanning can improve startup time and JSP compilation time.
2020-05-05 16:24:23,230 INFO org.apache.juli.logging.DirectJDKLog [main] Initializing Spring embedded WebApplicationContext
2020-05-05 16:24:23,291 INFO org.springframework.boot.web.servlet.context.ServletWebServerApplicationContext [main] Root WebApplicationContext: initialization completed in 3058 ms
2020-05-05 16:24:24,870 INFO org.joinfaces.autoconfigure.servlet.initializer.ServletContainerInitializerRegistrationBean [main] Resolving classes for com.sun.faces.config.FacesInitializer took 1.3632651s
2020-05-05 16:24:24,975 INFO com.sun.faces.config.ConfigureListener [main] Initializing Mojarra |version.string| for context ''
2020-05-05 16:24:25,265 INFO com.sun.faces.spi.InjectionProviderFactory [main] JSF1048: PostConstruct/PreDestroy annotations present.  ManagedBeans methods marked with these annotations will have said annotations processed.
2020-05-05 16:24:25,884 INFO org.primefaces.webapp.PostConstructApplicationEventListener [main] Running on PrimeFaces 7.0
2020-05-05 16:24:25,937 INFO org.primefaces.extensions.application.PostConstructApplicationEventListener [main] Running on PrimeFaces Extensions 7.0.3
2020-05-05 16:24:26,252 INFO org.hibernate.jpa.internal.util.LogHelper [main] HHH000204: Processing PersistenceUnitInfo [name: default]
2020-05-05 16:24:26,362 INFO org.hibernate.Version [main] HHH000412: Hibernate Core {5.4.10.Final}
2020-05-05 16:24:26,526 INFO org.hibernate.annotations.common.reflection.java.JavaReflectionManager [main] HCANN000001: Hibernate Commons Annotations {5.1.0.Final}
2020-05-05 16:24:26,672 INFO com.zaxxer.hikari.HikariDataSource [main] HikariPool-1 - Starting...
2020-05-05 16:24:26,788 INFO com.zaxxer.hikari.HikariDataSource [main] HikariPool-1 - Start completed.
2020-05-05 16:24:26,847 INFO org.hibernate.dialect.Dialect [main] HHH000400: Using dialect: org.hibernate.dialect.MySQL57Dialect
2020-05-05 16:24:28,671 INFO org.hibernate.engine.transaction.jta.platform.internal.JtaPlatformInitiator [main] HHH000490: Using JtaPlatform implementation: [org.hibernate.engine.transaction.jta.platform.internal.NoJtaPlatform]
2020-05-05 16:24:28,891 INFO org.springframework.orm.jpa.AbstractEntityManagerFactoryBean [main] Initialized JPA EntityManagerFactory for persistence unit 'default'
2020-05-05 16:24:29,547 WARN org.hibernate.dialect.function.TemplateRenderer [main] HHH000174: Function template anticipated 4 arguments, but 1 arguments encountered
2020-05-05 16:24:30,473 INFO org.springframework.scheduling.concurrent.ExecutorConfigurationSupport [main] Initializing ExecutorService 'applicationTaskExecutor'
2020-05-05 16:24:30,853 INFO org.apache.juli.logging.DirectJDKLog [main] Starting ProtocolHandler ["http-nio-8008"]
2020-05-05 16:24:30,907 INFO org.springframework.boot.web.embedded.tomcat.TomcatWebServer [main] Tomcat started on port(s): 8008 (http) with context path ''
2020-05-05 16:24:30,955 INFO org.springframework.boot.StartupInfoLogger [main] Started SmbErpApplication in 12.728 seconds (JVM running for 13.474)
2020-05-05 16:24:46,804 INFO org.apache.juli.logging.DirectJDKLog [http-nio-8008-exec-1] Initializing Spring DispatcherServlet 'dispatcherServlet'
2020-05-05 16:24:46,839 INFO org.springframework.web.servlet.FrameworkServlet [http-nio-8008-exec-1] Initializing Servlet 'dispatcherServlet'
2020-05-05 16:24:46,889 INFO org.springframework.web.servlet.FrameworkServlet [http-nio-8008-exec-1] Completed initialization in 12 ms
2020-05-05 16:24:53,827 ERROR com.sun.faces.util.Util [http-nio-8008-exec-3] JSF1007: Duplicate component ID menuform:acc_accmaster found in view.
2020-05-05 16:24:53,903 ERROR com.sun.faces.util.Util [http-nio-8008-exec-3] +id: j_id1
 type: javax.faces.component.UIViewRoot@7a7dcfbb
  +id: javax_faces_location_HEAD
   type: com.sun.faces.component.ComponentResourceContainer@6e8998a4
    +id: j_id2
     type: javax.faces.component.UIOutput@6f6aa138
    +id: j_id3
     type: javax.faces.component.UIOutput@3192c206
    +id: j_id4
     type: javax.faces.component.UIOutput@3f080738
    +id: j_id5
     type: javax.faces.component.UIOutput@1de6f4c5
    +id: j_id6
     type: javax.faces.component.UIOutput@27bfe520
    +id: j_id7
     type: javax.faces.component.UIOutput@1a8123
    +id: j_id8
     type: javax.faces.component.UIOutput@7f5467df
    +id: j_id9
     type: javax.faces.component.UIOutput@55bee42c
    +id: j_id10
     type: javax.faces.component.UIOutput@d709d5e
    +id: j_idt85
     type: javax.faces.component.UIOutput@696cc48
    +id: j_idt86
     type: javax.faces.component.UIOutput@3b95effd
    +id: j_idt87
     type: javax.faces.component.UIOutput@60edf73
    +id: j_idt88
     type: javax.faces.component.UIOutput@471a3f73
  +id: j_idt1
   type: <html xmlns="http://www.w3.org/1999/xhtml">

    
  +id: j_idt2
   type: javax.faces.component.UIOutput@4bdd8f6d
    +id: j_idt3
     type: 
            <meta http-equiv="X-UA-Compatible" content="IE=edge"/>
            <meta http-equiv="Content-Type" content="text/html; charset=UTF-8"/>
            <meta name="viewport" content="width=device-width, initial-scale=1.0, maximum-scale=1.0, user-scalable=0"/>
            <meta name="apple-mobile-web-app-capable" content="yes"/>
        
    +id: j_idt4
     type: 
        <title>
    +id: j_idt5
     type: 
        Dashboard
    
    +id: j_idt6
     type: </title>
        
    +id: j_idt7
     type: javax.faces.component.UIOutput@4fea5be9
    +id: j_idt8
     type: javax.faces.component.UIOutput@79dd40b4
  +id: j_idt9
   type: javax.faces.component.html.HtmlBody@9a4beb1
    +id: j_idt10
     type: org.primefaces.component.ajaxstatus.AjaxStatus@1d8dba16
      +id: j_idt11
       type: 
               <i class="fa fa-circle-o-notch fa-spin ajax-loader" aria-hidden="true"/>
           
      +id: j_idt12
       type: javax.faces.component.html.HtmlOutputText@b08ade1
    +id: growl
     type: org.primefaces.component.growl.Growl@5ebc9472
    +id: j_idt13
     type: 

        <div class="layout-wrapper #{guestPreferences.menuLayout != 'static' ? guestPreferences.menuLayout : null}">
            
    +id: j_idt14
     type: javax.faces.component.html.HtmlForm@28c35727
      +id: j_idt15
       type: 
        <div id="layout-megamenu" class="ui-g-12 layout-megamenu #{guestPreferences.darkMegaMenu ? 'layout-megamenu-dark' : ''} #{guestPreferences.gradientMegaMenu ? 'layout-megamenu-gradient' : ''}">
            <div class="ui-g-12 ui-md-6 ui-lg-3 layout-megamenu-submenu">
                <h4>System Reports</h4>
                <ul>
                    <li>
                        <a href="#">
                            <i class="fa fa-fw fa-th-list"/>
                            <span>System Logs</span>
                        </a>
                    </li>
                    <li>
                        <a href="#">
                            <i class="fa fa-fw fa-server"/>
                            <span>Back-up Server</span>
                        </a>
                    </li>
                    <li>
                        <a href="#">
                            <i class="fa fa-fw fa-users"/>
                            <span>Conversions</span>
                        </a>
        
                    </li>
                    <li>
                        <a href="#">
                            <i class="fa fa-fw fa-database"/>
                            <span>Storage Logs</span>
                        </a>
        
                    </li>
                </ul>
            </div>
            <div class="ui-g-12 ui-md-6 ui-lg-3 layout-megamenu-submenu">
                <h4>Finance Reports</h4>
                <ul>
                    <li>
                        <a href="#">
                            <i class="fa fa-fw fa-file-text-o"/>
                            <span>Annual Reports</span>
                        </a>
                    </li>
                    <li>
                        <a href="#">
                            <i class="fa fa-fw fa-dollar"/>
                            <span>Revenue Reports</span>
                        </a>
                    </li>
                    <li>
                        <a href="#">
                            <i class="fa fa-fw fa-user-o"/>
                            <span>HR Reports</span>
                        </a>
                    </li>
                    <li>
                        <a href="#">
                            <i class="fa fa-fw fa-bar-chart"/>
                            <span>Finance Margin</span>
                        </a>
                    </li>
                </ul>
            </div>
            <div class="ui-g-12 ui-md-6 ui-lg-3 layout-megamenu-submenu">
                <h4>Settings</h4>
                <ul>
                    <li>
                        <a href="#">
                            <i class="fa fa-fw fa-envelope-o"/>
                            <span>E-mail Notifications</span>
                        </a>
                    </li>
                    <li>
                        <a href="#">
                            <i class="fa fa-fw fa-mobile"/>
                            <span>Sms Alerts</span>
                        </a>
                    </li>
                    <li>
                        <a href="#">
                            <i class="fa fa-fw fa-globe"/>
                            <span>Site Tracking</span>
                        </a>
                    </li>
                </ul>
            </div>
            <div class="ui-g-12 ui-md-6 ui-lg-3 layout-megamenu-submenu">
                <div class="content-img">
                    
      +id: j_idt16
       type: org.primefaces.component.graphicimage.GraphicImage@5d9fee81
      +id: j_idt17
       type: 
        
                    <div class="img-megamenu">
                        <span class="ui-g-12 img-header">California</span>
                        <span class="ui-g-12 img-subheader">Application Template</span>
                    </div>
                    
      +id: j_idt18
       type: org.primefaces.component.commandbutton.CommandButton@54586da1
      +id: j_idt19
       type: 
                </div>
            </div>
        </div>
    
    +id: j_idt20
     type: 

    <div class="layout-topbar">
        
    +id: j_idt21
     type: javax.faces.component.html.HtmlOutcomeTargetLink@70d97cba
      +id: j_idt22
       type: org.primefaces.component.graphicimage.GraphicImage@72b95c4e
    +id: j_idt23
     type: 

        <a id="menu-button" href="#">
            <i class="fa fa-align-left"/>
        </a>

        <a id="layout-megamenu-button" href="#">
            <i class="fa fa-angle-down"/>
            <span class="mega-menu-title">Mega Menu</span>
        </a>

        
    +id: j_idt24
     type: com.sun.faces.facelets.tag.ui.ComponentRef@1cc5a66
      +id: j_idt25
       type: 
            <a id="topbar-menu-button" href="#">
                
      +id: j_idt26
       type: org.primefaces.component.graphicimage.GraphicImage@11d820d1
      +id: j_idt27
       type: 
                <span>Pauline Harrell</span>
            </a>

            <ul id="topbar-usermenu" class="usermenu usermenu-overlay">
                <li>
                    <a href="#">
                        <i class="fa fa-fw fa-user"/>
                        <span class="topbar-item-name">Profile</span>
                    </a>
                </li>
                <li>
                    <a href="#">
                        <i class="fa fa-fw fa-cog"/>
                        <span class="topbar-item-name">Settings</span>
                        <i class="layout-menuitem-toggler fa fa-fw fa-angle-down"/>
                    </a>
                    <ul>
                        <li role="menuitem">
                            <a href="#">
                                <i class="fa fa-fw fa-paint-brush"/>
                                <span>Change</span>
                            </a>
                        </li>
                        <li role="menuitem">
                            <a href="#">
                                <i class="fa fa-fw fa-star-o"/>
                                <span>Favorites</span>
                            </a>
                        </li>
                        <li role="menuitem">
                            <a href="#">
                                <i class="fa fa-fw fa-lock"/>
                                <span>Lock Screen</span>
                            </a>
                        </li>
                        <li role="menuitem">
                            <a href="#">
                                <i class="fa fa-fw fa-picture-o"/>
                                <span>Wallpaper</span>
                            </a>
                        </li>
                    </ul>
                </li>
                <li>
                    <a href="#">
                        <i class="fa fa-fw fa-envelope-o"/>
                        <span class="topbar-item-name">Messages</span>
                        <i class="layout-menuitem-toggler fa fa-fw fa-angle-down"/>
                    </a>
                    <ul>
                        <li role="menuitem">
                            <a href="#" class="topbar-message">
                                
      +id: j_idt28
       type: org.primefaces.component.graphicimage.GraphicImage@1afabc6f
      +id: j_idt29
       type: 
                                <span>Give me a call</span>
                            </a>
                        </li>
                        <li role="menuitem">
                            <a href="#" class="topbar-message">
                                
      +id: j_idt30
       type: org.primefaces.component.graphicimage.GraphicImage@5fa60dba
      +id: j_idt31
       type: 
                                <span>Reports attached</span>
                            </a>
                        </li>
                        <li role="menuitem">
                            <a href="#" class="topbar-message">
                                
      +id: j_idt32
       type: org.primefaces.component.graphicimage.GraphicImage@33598ea0
      +id: j_idt33
       type: 
                                <span>About your invoice</span>
                            </a>
                        </li>
                        <li role="menuitem">
                            <a href="#" class="topbar-message">
                                
      +id: j_idt34
       type: org.primefaces.component.graphicimage.GraphicImage@5f5be500
      +id: j_idt35
       type: 
                                <span>Meeting today</span>
                            </a>
                        </li>
                        <li role="menuitem">
                            <a href="#" class="topbar-message">
                                
      +id: j_idt36
       type: org.primefaces.component.graphicimage.GraphicImage@100d2340
      +id: j_idt37
       type: 
                                <span>Out of office</span>
                            </a>
                        </li>
                    </ul>
                </li>
                <li>
                    <a href="#">
                        <i class="fa fa-fw fa-bell-o"/>
                        <span class="topbar-item-name">Notifications</span>
                        <i class="layout-menuitem-toggler fa fa-fw fa-angle-down"/>
                    </a>
                    <ul>
                        <li role="menuitem">
                            <a href="#">
                                <i class="fa fa-fw fa-tasks"/>
                                <span>Pending tasks</span>
                            </a>
                        </li>
                        <li role="menuitem">
                            <a href="#">
                                <i class="fa fa-fw fa-calendar-check-o"/>
                                <span>Meeting today</span>
                            </a>
                        </li>
                        <li role="menuitem">
                            <a href="#">
                                <i class="fa fa-fw fa-download"/>
                                <span>Download</span>
                            </a>
                        </li>
                        <li role="menuitem">
                            <a href="#">
                                <i class="fa fa-fw fa-plane"/>
                                <span>Book flight</span>
                            </a>
                        </li>
                    </ul>
                </li>
            </ul>
        
    +id: j_idt38
     type: 

        <a id="right-sidebar-button" href="#">
            <i class="fa fa-ellipsis-v"/>
        </a>
    </div>


    +id: j_idt39
     type: 

    <div class="layout-sidebar #{guestPreferences.darkMenu ? 'layout-sidebar-dark' : ''} #{guestPreferences.gradientMenu ? 'layout-sidebar-gradient': ''}">
        <div id="nano-container" class="nano">
            <div class="nano-content sidebar-scroll-content">
                
    +id: j_idt40
     type: com.sun.faces.facelets.tag.ui.ComponentRef@7f292726
      +id: j_idt41
       type: 
                    <div class="user-profile">
                        <a id="sidebar-profile-button" href="#"> 
      +id: j_idt42
       type: org.primefaces.component.graphicimage.GraphicImage@fa8aed
      +id: j_idt43
       type:  <span class="sidebar-profile-name">Pauline Harrell</span> <span class="sidebar-profile-role">Administrator</span>
                        </a>
                        <ul id="sidebar-usermenu" class="usermenu">
                            <li><a href="#"> <i class="fa fa-fw fa-user"/> <span class="topbar-item-name">Profile</span>
                                </a></li>
                            <li><a href="#"> <i class="fa fa-fw fa-cog"/> <span class="topbar-item-name">Settings</span> <i class="layout-menuitem-toggler fa fa-fw fa-angle-down"/>
                                </a>
                                <ul>
                                    <li role="menuitem"><a href="#"> <i class="fa fa-fw fa-paint-brush"/> <span>Change</span>
                                        </a></li>
                                    <li role="menuitem"><a href="#"> <i class="fa fa-fw fa-star-o"/> <span>Favorites</span>
                                        </a></li>
                                    <li role="menuitem"><a href="#"> <i class="fa fa-fw fa-lock"/> <span>Lock Screen</span>
                                        </a></li>
                                    <li role="menuitem"><a href="#"> <i class="fa fa-fw fa-picture-o"/> <span>Wallpaper</span>
                                        </a></li>
                                </ul></li>
                            <li><a href="#"> <i class="fa fa-fw fa-envelope-o"/>
                                    <span class="topbar-item-name">Messages</span> <i class="layout-menuitem-toggler fa fa-fw fa-angle-down"/>
                                </a>
                                <ul>
                                    <li role="menuitem"><a href="#" class="topbar-message">
                                            
      +id: j_idt44
       type: org.primefaces.component.graphicimage.GraphicImage@890c17
      +id: j_idt45
       type:  <span>Give
                                                me a call</span>
                                        </a></li>
                                    <li role="menuitem"><a href="#" class="topbar-message">
                                            
      +id: j_idt46
       type: org.primefaces.component.graphicimage.GraphicImage@79672865
      +id: j_idt47
       type:  <span>Reports
                                                attached</span>
                                        </a></li>
                                    <li role="menuitem"><a href="#" class="topbar-message">
                                            
      +id: j_idt48
       type: org.primefaces.component.graphicimage.GraphicImage@4f412078
      +id: j_idt49
       type:  <span>About
                                                your invoice</span>
                                        </a></li>
                                    <li role="menuitem"><a href="#" class="topbar-message">
                                            
      +id: j_idt50
       type: org.primefaces.component.graphicimage.GraphicImage@1bb8669f
      +id: j_idt51
       type:  <span>Meeting
                                                today</span>
                                        </a></li>
                                    <li role="menuitem"><a href="#" class="topbar-message">
                                            
      +id: j_idt52
       type: org.primefaces.component.graphicimage.GraphicImage@5399384b
      +id: j_idt53
       type:  <span>Out
                                                of office</span>
                                        </a></li>
                                </ul></li>
                            <li><a href="#"> <i class="fa fa-fw fa-bell-o"/> <span class="topbar-item-name">Notifications</span> <i class="layout-menuitem-toggler fa fa-fw fa-angle-down"/>
                                </a>
                                <ul>
                                    <li role="menuitem"><a href="#"> <i class="fa fa-fw fa-tasks"/> <span>Pending tasks</span>
                                        </a></li>
                                    <li role="menuitem"><a href="#"> <i class="fa fa-fw fa-calendar-check-o"/> <span>Meeting
                                                today</span>
                                        </a></li>
                                    <li role="menuitem"><a href="#"> <i class="fa fa-fw fa-download"/> <span>Download</span>
                                        </a></li>
                                    <li role="menuitem"><a href="#"> <i class="fa fa-fw fa-plane"/> <span>Book flight</span>
                                        </a></li>
                                </ul></li>
                        </ul>
                    </div>
                
    +id: menuform
     type: javax.faces.component.html.HtmlForm@13fd065d
      +id: j_idt54
       type: org.primefaces.california.component.menu.CaliforniaMenu@14314d98
        +id: om_dashboard
         type: org.primefaces.component.menuitem.UIMenuItem@5c43d79e
        +id: om_customization
         type: org.primefaces.component.submenu.UISubmenu@504ee794
          +id: custom3
           type: org.primefaces.component.menuitem.UIMenuItem@7c6fc6c2
          +id: custom4
           type: org.primefaces.component.menuitem.UIMenuItem@3aafc589
          +id: custom1
           type: org.primefaces.component.menuitem.UIMenuItem@484cfbc4
          +id: custom2
           type: org.primefaces.component.menuitem.UIMenuItem@224a619a
        +id: om_mega_menu_customization
         type: org.primefaces.component.submenu.UISubmenu@64d6f0d1
          +id: custom_mega_0
           type: org.primefaces.component.menuitem.UIMenuItem@4beba554
          +id: custom_mega_1
           type: org.primefaces.component.menuitem.UIMenuItem@3a5c5b02
          +id: custom_mega_2
           type: org.primefaces.component.menuitem.UIMenuItem@15b4c94c
        +id: om_components
         type: org.primefaces.component.submenu.UISubmenu@46b7e353
          +id: hr_company
           type: org.primefaces.component.menuitem.UIMenuItem@8bcea91
          +id: pr_businesspartner
           type: org.primefaces.component.menuitem.UIMenuItem@3bf1bc63
          +id: inv_prodmaster
           type: org.primefaces.component.menuitem.UIMenuItem@13eae43a
          +id: acc_accmaster  <===============
           type: org.primefaces.component.menuitem.UIMenuItem@7ced6cb4
          +id: acc_accmaster  <===============
           type: org.primefaces.component.menuitem.UIMenuItem@4ac9c5ee
    +id: j_idt55
     type: 
            </div>
        </div>

    </div>


    +id: j_idt56
     type: 


    <div id="layout-right-sidebar">
        
    +id: j_idt57
     type: org.primefaces.component.tabview.TabView@4274f02c
      +id: j_idt58
       type: org.primefaces.component.tabview.Tab@244ef524
        +id: j_idt59
         type: 
                    <i class="fa fa-cog"/>
                
        +id: j_idt60
         type: 
                <div class="submenu-title">
                  <span>Settings</span>
                </div>
                <div class="submenu-content settings">
                    <ul>
                        <li>
                          <div class="order-settings ui-g-12">
                            <i class="fa fa-plus"/>
                            <span>NEW ORDERS</span>
                          </div>
                        </li>
                        <li>
                          <div class="sales-settings ui-g-12">
                            <i class="fa fa-line-chart"/>
                            <span>TOTAL SALES</span>
                          </div>
                        </li>
                        <li>
                          <div class="shipment-settings ui-g-12">
                            <i class="fa fa-ship"/>
                            <span>PENDING SHIPMENTS</span>
                          </div>
                        </li>
                        <li>
                          <div class="visitors-settings ui-g-12">
                            <i class="fa fa-user-circle"/>
                            <span>UNIQUE VISITORS</span>
                          </div>
                        </li>
                        <li>
                          <div class="history-settings ui-g-12">
                            <i class="fa fa-history"/>
                            <span>SALES HISTORY</span>
                          </div>
                        </li>
                        <li>
                          <div class="leads-settings ui-g-12">
                            <i class="fa fa-handshake-o"/>
                            <span>ALL LEADS</span>
                          </div>
                        </li>
                    </ul>
                </div>
            
      +id: j_idt61
       type: org.primefaces.component.tabview.Tab@41de9411
        +id: j_idt62
         type: 
                    <i class="fa fa-inbox"/>
                
        +id: j_idt63
         type: 
                <div class="submenu-title">
                  <span>Inbox</span>
                </div>
                <div class="submenu-content messages">
                    <ul>
                        <li>
                          <div>
                            
        +id: j_idt64
         type: org.primefaces.component.graphicimage.GraphicImage@ff09c6d
        +id: j_idt65
         type: 
                            <span class="time-stamp">1m</span>
                          </div>
                            <span class="messager-name">John Swisher</span>
                            <span class="message-text">Ab nobis, magnam sunt eum. Laudantium…</span>
                        </li>
                        <li>
                          <div>
                            
        +id: j_idt66
         type: org.primefaces.component.graphicimage.GraphicImage@175fde1a
        +id: j_idt67
         type: 
                            <span class="time-stamp">33m</span>
                          </div>
                            <span class="messager-name">Warren Shaw</span>
                            <span class="message-text">Ab nobis, magnam sunt eum. Laudantium…</span>
                        </li>
                        <li>
                          <div>
                            
        +id: j_idt68
         type: org.primefaces.component.graphicimage.GraphicImage@2e5a8818
        +id: j_idt69
         type: 
                            <span class="time-stamp">2h</span>
                          </div>
                            <span class="messager-name">Brenda Soto</span>
                            <span class="message-text">Ab nobis, magnam sunt eum. Laudantium…</span>
                        </li>
                        <li>
                          <div>
                            
        +id: j_idt70
         type: org.primefaces.component.graphicimage.GraphicImage@65749d11
        +id: j_idt71
         type: 
                            <span class="time-stamp">1d</span>
                          </div>
                            <span class="messager-name">Arlene Welch</span>
                            <span class="message-text">Ab nobis, magnam sunt eum. Laudantium…</span>
                        </li>
                    </ul>
                </div>
            
      +id: j_idt72
       type: org.primefaces.component.tabview.Tab@40c674d6
        +id: j_idt73
         type: 
                    <i class="fa fa-calendar"/>
                
        +id: j_idt74
         type: 
                <div class="submenu-title">
                  <span>Events</span>
                </div>
                <div class="submenu-content events">
                    <ul>
                        <li>
                            <div class="calendar-event-date">
                                <span class="date">21</span>
                                <span class="date">OCT</span>
                            </div>
                            <div class="calendar-event-detail">
                                <span class="calendar-event-title">Project Meeting</span>
                                <i class="material-icons  fa fa-map-marker"/>
                                <span class="calendar-event-location">Chicago</span>
                            </div>
                        </li>

                        <li>
                            <div class="calendar-event-date">
                                <span class="date">13</span>
                                <span class="date">NOV</span>
                            </div>
                            <div class="calendar-event-detail">
                                <span class="calendar-event-title">Presentation 1</span>
                                <i class="material-icons fa fa-map-marker"/>
                                <span class="calendar-event-location">New York</span>
                            </div>
                        </li>
                        <li>
                            <div class="calendar-event-date">
                                <span class="date">01</span>
                                <span class="date">DEC</span>
                            </div>
                            <div class="calendar-event-detail">
                                <span class="calendar-event-title">Presentation 2</span>
                                <i class="material-icons fa fa-map-marker"/>
                                <span class="calendar-event-location">New York</span>
                            </div>
                        </li>
                        <li>
                            <div class="calendar-event-date">
                                <span class="date">25</span>
                                <span class="date">DEC</span>
                            </div>
                            <div class="calendar-event-detail">
                                <span class="calendar-event-title">New Year Party</span>
                                <i class="material-icons fa fa-map-marker"/>
                                <span class="calendar-event-location">San Francisco</span>
                            </div>
                        </li>
                    </ul>
                </div>
            
    +id: j_idt75
     type: 
    </div>


    +id: msgs
     type: org.primefaces.component.growl.Growl@2980cdda
    +id: j_idt76
     type: org.primefaces.component.messages.Messages@12bd09d2
    +id: j_idt77
     type: 

            <div class="layout-main">
                <div class="route-bar">
                    <div class="route-bar-breadcrumb">
                        <i class="fa fa-home"/> <span>/ </span>
                        
    +id: j_idt78
     type: 
        Dashboard
    
    +id: j_idt79
     type: 
                    </div>

                    
    +id: j_idt80
     type: 

    <ul class="route-bar-menu">
        <li class="search-item">
            <i class="fa fa-search"/>
            <input type="text" placeholder="Search..."/>
        </li>
        <li>
            <a href="#" data-tooltip="Notifications">
                <i class="fa fa-globe"/>
            </a>
        </li>
        <li>
            <a href="#" data-tooltip="Calendar">
                <i class="fa fa-calendar"/>
            </a>
        </li>
        <li>
            <a href="#" data-tooltip="Help">
                <i class="fa fa-life-saver"/>
            </a>
        </li>
    </ul>


    
    +id: j_idt81
     type: org.primefaces.component.tooltip.Tooltip@37d14dfa
    +id: j_idt82
     type: 
                </div>

                <div class="layout-main-content">
                    
    +id: j_idt83
     type: 
        Page Body
    
    +id: j_idt84
     type: 
                </div>
            </div>
        </div>

        <!--<h:outputStylesheet name="css/pfcrud.css"/>-->
        
  +id: j_idt89
   type: 

</html>

2020-05-05 16:24:54,071 ERROR com.sun.faces.application.view.FaceletViewHandlingStrategy [http-nio-8008-exec-3] Error Rendering View[/index.xhtml]
java.lang.IllegalStateException: Component ID menuform:acc_accmaster has already been found in the view.  
	at com.sun.faces.util.Util.checkIdUniqueness(Util.java:1288)
	at com.sun.faces.util.Util.checkIdUniqueness(Util.java:1272)
	at com.sun.faces.util.Util.checkIdUniqueness(Util.java:1272)
	at com.sun.faces.util.Util.checkIdUniqueness(Util.java:1272)
	at com.sun.faces.util.Util.checkIdUniqueness(Util.java:1272)
	at com.sun.faces.application.view.FaceletPartialStateManagementStrategy.saveView(FaceletPartialStateManagementStrategy.java:453)
	at com.sun.faces.application.StateManagerImpl.saveView(StateManagerImpl.java:64)
	at com.sun.faces.application.view.WriteBehindStateWriter.getState(WriteBehindStateWriter.java:310)
	at com.sun.faces.application.view.WriteBehindStateWriter.flushToWriter(WriteBehindStateWriter.java:204)
	at com.sun.faces.application.view.FaceletViewHandlingStrategy.renderView(FaceletViewHandlingStrategy.java:484)
	at com.sun.faces.application.view.MultiViewHandler.renderView(MultiViewHandler.java:170)
	at com.sun.faces.lifecycle.RenderResponsePhase.execute(RenderResponsePhase.java:102)
	at com.sun.faces.lifecycle.Phase.doPhase(Phase.java:76)
	at com.sun.faces.lifecycle.LifecycleImpl.render(LifecycleImpl.java:199)
	at javax.faces.webapp.FacesServlet.executeLifecyle(FacesServlet.java:708)
	at javax.faces.webapp.FacesServlet.service(FacesServlet.java:451)
	at org.apache.catalina.core.ApplicationFilterChain.internalDoFilter(ApplicationFilterChain.java:231)
	at org.apache.catalina.core.ApplicationFilterChain.doFilter(ApplicationFilterChain.java:166)
	at org.apache.tomcat.websocket.server.WsFilter.doFilter(WsFilter.java:53)
	at org.apache.catalina.core.ApplicationFilterChain.internalDoFilter(ApplicationFilterChain.java:193)
	at org.apache.catalina.core.ApplicationFilterChain.doFilter(ApplicationFilterChain.java:166)
	at org.springframework.orm.jpa.support.OpenEntityManagerInViewFilter.doFilterInternal(OpenEntityManagerInViewFilter.java:186)
	at org.springframework.web.filter.OncePerRequestFilter.doFilter(OncePerRequestFilter.java:119)
	at org.apache.catalina.core.ApplicationFilterChain.internalDoFilter(ApplicationFilterChain.java:193)
	at org.apache.catalina.core.ApplicationFilterChain.doFilter(ApplicationFilterChain.java:166)
	at org.springframework.web.filter.RequestContextFilter.doFilterInternal(RequestContextFilter.java:100)
	at org.springframework.web.filter.OncePerRequestFilter.doFilter(OncePerRequestFilter.java:119)
	at org.apache.catalina.core.ApplicationFilterChain.internalDoFilter(ApplicationFilterChain.java:193)
	at org.apache.catalina.core.ApplicationFilterChain.doFilter(ApplicationFilterChain.java:166)
	at org.springframework.web.filter.FormContentFilter.doFilterInternal(FormContentFilter.java:93)
	at org.springframework.web.filter.OncePerRequestFilter.doFilter(OncePerRequestFilter.java:119)
	at org.apache.catalina.core.ApplicationFilterChain.internalDoFilter(ApplicationFilterChain.java:193)
	at org.apache.catalina.core.ApplicationFilterChain.doFilter(ApplicationFilterChain.java:166)
	at org.springframework.web.filter.CharacterEncodingFilter.doFilterInternal(CharacterEncodingFilter.java:201)
	at org.springframework.web.filter.OncePerRequestFilter.doFilter(OncePerRequestFilter.java:119)
	at org.apache.catalina.core.ApplicationFilterChain.internalDoFilter(ApplicationFilterChain.java:193)
	at org.apache.catalina.core.ApplicationFilterChain.doFilter(ApplicationFilterChain.java:166)
	at org.apache.catalina.core.StandardWrapperValve.invoke(StandardWrapperValve.java:202)
	at org.apache.catalina.core.StandardContextValve.invoke(StandardContextValve.java:96)
	at org.apache.catalina.authenticator.AuthenticatorBase.invoke(AuthenticatorBase.java:541)
	at org.apache.catalina.core.StandardHostValve.invoke(StandardHostValve.java:139)
	at org.apache.catalina.valves.ErrorReportValve.invoke(ErrorReportValve.java:92)
	at org.apache.catalina.core.StandardEngineValve.invoke(StandardEngineValve.java:74)
	at org.apache.catalina.connector.CoyoteAdapter.service(CoyoteAdapter.java:343)
	at org.apache.coyote.http11.Http11Processor.service(Http11Processor.java:367)
	at org.apache.coyote.AbstractProcessorLight.process(AbstractProcessorLight.java:65)
	at org.apache.coyote.AbstractProtocol$ConnectionHandler.process(AbstractProtocol.java:860)
	at org.apache.tomcat.util.net.NioEndpoint$SocketProcessor.doRun(NioEndpoint.java:1598)
	at org.apache.tomcat.util.net.SocketProcessorBase.run(SocketProcessorBase.java:49)
	at java.util.concurrent.ThreadPoolExecutor.runWorker(ThreadPoolExecutor.java:1149)
	at java.util.concurrent.ThreadPoolExecutor$Worker.run(ThreadPoolExecutor.java:624)
	at org.apache.tomcat.util.threads.TaskThread$WrappingRunnable.run(TaskThread.java:61)
	at java.lang.Thread.run(Thread.java:748)
2020-05-05 16:24:54,154 ERROR com.sun.faces.context.ExceptionHandlerImpl [http-nio-8008-exec-3] JSF1073: java.lang.IllegalStateException caught during processing of RENDER_RESPONSE 6 : UIComponent-ClientId=, Message=Component ID menuform:acc_accmaster has already been found in the view.  
2020-05-05 16:24:54,193 ERROR com.sun.faces.context.ExceptionHandlerImpl [http-nio-8008-exec-3] Component ID menuform:acc_accmaster has already been found in the view.  
java.lang.IllegalStateException: Component ID menuform:acc_accmaster has already been found in the view.  
	at com.sun.faces.util.Util.checkIdUniqueness(Util.java:1288)
	at com.sun.faces.util.Util.checkIdUniqueness(Util.java:1272)
	at com.sun.faces.util.Util.checkIdUniqueness(Util.java:1272)
	at com.sun.faces.util.Util.checkIdUniqueness(Util.java:1272)
	at com.sun.faces.util.Util.checkIdUniqueness(Util.java:1272)
	at com.sun.faces.application.view.FaceletPartialStateManagementStrategy.saveView(FaceletPartialStateManagementStrategy.java:453)
	at com.sun.faces.application.StateManagerImpl.saveView(StateManagerImpl.java:64)
	at com.sun.faces.application.view.WriteBehindStateWriter.getState(WriteBehindStateWriter.java:310)
	at com.sun.faces.application.view.WriteBehindStateWriter.flushToWriter(WriteBehindStateWriter.java:204)
	at com.sun.faces.application.view.FaceletViewHandlingStrategy.renderView(FaceletViewHandlingStrategy.java:484)
	at com.sun.faces.application.view.MultiViewHandler.renderView(MultiViewHandler.java:170)
	at com.sun.faces.lifecycle.RenderResponsePhase.execute(RenderResponsePhase.java:102)
	at com.sun.faces.lifecycle.Phase.doPhase(Phase.java:76)
	at com.sun.faces.lifecycle.LifecycleImpl.render(LifecycleImpl.java:199)
	at javax.faces.webapp.FacesServlet.executeLifecyle(FacesServlet.java:708)
	at javax.faces.webapp.FacesServlet.service(FacesServlet.java:451)
	at org.apache.catalina.core.ApplicationFilterChain.internalDoFilter(ApplicationFilterChain.java:231)
	at org.apache.catalina.core.ApplicationFilterChain.doFilter(ApplicationFilterChain.java:166)
	at org.apache.tomcat.websocket.server.WsFilter.doFilter(WsFilter.java:53)
	at org.apache.catalina.core.ApplicationFilterChain.internalDoFilter(ApplicationFilterChain.java:193)
	at org.apache.catalina.core.ApplicationFilterChain.doFilter(ApplicationFilterChain.java:166)
	at org.springframework.orm.jpa.support.OpenEntityManagerInViewFilter.doFilterInternal(OpenEntityManagerInViewFilter.java:186)
	at org.springframework.web.filter.OncePerRequestFilter.doFilter(OncePerRequestFilter.java:119)
	at org.apache.catalina.core.ApplicationFilterChain.internalDoFilter(ApplicationFilterChain.java:193)
	at org.apache.catalina.core.ApplicationFilterChain.doFilter(ApplicationFilterChain.java:166)
	at org.springframework.web.filter.RequestContextFilter.doFilterInternal(RequestContextFilter.java:100)
	at org.springframework.web.filter.OncePerRequestFilter.doFilter(OncePerRequestFilter.java:119)
	at org.apache.catalina.core.ApplicationFilterChain.internalDoFilter(ApplicationFilterChain.java:193)
	at org.apache.catalina.core.ApplicationFilterChain.doFilter(ApplicationFilterChain.java:166)
	at org.springframework.web.filter.FormContentFilter.doFilterInternal(FormContentFilter.java:93)
	at org.springframework.web.filter.OncePerRequestFilter.doFilter(OncePerRequestFilter.java:119)
	at org.apache.catalina.core.ApplicationFilterChain.internalDoFilter(ApplicationFilterChain.java:193)
	at org.apache.catalina.core.ApplicationFilterChain.doFilter(ApplicationFilterChain.java:166)
	at org.springframework.web.filter.CharacterEncodingFilter.doFilterInternal(CharacterEncodingFilter.java:201)
	at org.springframework.web.filter.OncePerRequestFilter.doFilter(OncePerRequestFilter.java:119)
	at org.apache.catalina.core.ApplicationFilterChain.internalDoFilter(ApplicationFilterChain.java:193)
	at org.apache.catalina.core.ApplicationFilterChain.doFilter(ApplicationFilterChain.java:166)
	at org.apache.catalina.core.StandardWrapperValve.invoke(StandardWrapperValve.java:202)
	at org.apache.catalina.core.StandardContextValve.invoke(StandardContextValve.java:96)
	at org.apache.catalina.authenticator.AuthenticatorBase.invoke(AuthenticatorBase.java:541)
	at org.apache.catalina.core.StandardHostValve.invoke(StandardHostValve.java:139)
	at org.apache.catalina.valves.ErrorReportValve.invoke(ErrorReportValve.java:92)
	at org.apache.catalina.core.StandardEngineValve.invoke(StandardEngineValve.java:74)
	at org.apache.catalina.connector.CoyoteAdapter.service(CoyoteAdapter.java:343)
	at org.apache.coyote.http11.Http11Processor.service(Http11Processor.java:367)
	at org.apache.coyote.AbstractProcessorLight.process(AbstractProcessorLight.java:65)
	at org.apache.coyote.AbstractProtocol$ConnectionHandler.process(AbstractProtocol.java:860)
	at org.apache.tomcat.util.net.NioEndpoint$SocketProcessor.doRun(NioEndpoint.java:1598)
	at org.apache.tomcat.util.net.SocketProcessorBase.run(SocketProcessorBase.java:49)
	at java.util.concurrent.ThreadPoolExecutor.runWorker(ThreadPoolExecutor.java:1149)
	at java.util.concurrent.ThreadPoolExecutor$Worker.run(ThreadPoolExecutor.java:624)
	at org.apache.tomcat.util.threads.TaskThread$WrappingRunnable.run(TaskThread.java:61)
	at java.lang.Thread.run(Thread.java:748)
