2020-06-23 16:07:36,464 INFO org.springframework.boot.StartupInfoLogger [main] Starting SmbErpApplication on FatemaLaptop with PID 15940 (D:\Projects\SmbErp\target\classes started by FatemaLaptop in D:\Projects\SmbErp)
2020-06-23 16:07:36,574 INFO org.springframework.boot.SpringApplication [main] No active profile set, falling back to default profiles: default
2020-06-23 16:07:37,647 INFO org.springframework.data.repository.config.RepositoryConfigurationDelegate [main] Bootstrapping Spring Data JPA repositories in DEFAULT mode.
2020-06-23 16:07:37,938 INFO org.springframework.data.repository.config.RepositoryConfigurationDelegate [main] Finished Spring Data repository scanning in 224ms. Found 22 JPA repository interfaces.
2020-06-23 16:07:38,854 INFO org.springframework.context.support.PostProcessorRegistrationDelegate$BeanPostProcessorChecker [main] Bean 'org.springframework.transaction.annotation.ProxyTransactionManagementConfiguration' of type [org.springframework.transaction.annotation.ProxyTransactionManagementConfiguration] is not eligible for getting processed by all BeanPostProcessors (for example: not eligible for auto-proxying)
2020-06-23 16:07:38,925 INFO org.springframework.context.support.PostProcessorRegistrationDelegate$BeanPostProcessorChecker [main] Bean 'org.joinfaces.autoconfigure.javaxfaces.JsfBeansAutoConfiguration$Jsf2_3AutoConfiguration' of type [org.joinfaces.autoconfigure.javaxfaces.JsfBeansAutoConfiguration$Jsf2_3AutoConfiguration] is not eligible for getting processed by all BeanPostProcessors (for example: not eligible for auto-proxying)
2020-06-23 16:07:38,975 INFO org.springframework.context.support.PostProcessorRegistrationDelegate$BeanPostProcessorChecker [main] Bean 'org.joinfaces.autoconfigure.javaxfaces.JsfBeansAutoConfiguration' of type [org.joinfaces.autoconfigure.javaxfaces.JsfBeansAutoConfiguration] is not eligible for getting processed by all BeanPostProcessors (for example: not eligible for auto-proxying)
2020-06-23 16:07:39,425 INFO org.springframework.boot.web.embedded.tomcat.TomcatWebServer [main] Tomcat initialized with port(s): 8008 (http)
2020-06-23 16:07:39,471 INFO org.apache.juli.logging.DirectJDKLog [main] Initializing ProtocolHandler ["http-nio-8008"]
2020-06-23 16:07:39,509 INFO org.apache.juli.logging.DirectJDKLog [main] Starting service [Tomcat]
2020-06-23 16:07:39,544 INFO org.apache.juli.logging.DirectJDKLog [main] Starting Servlet engine: [Apache Tomcat/9.0.30]
2020-06-23 16:07:40,162 INFO org.apache.juli.logging.DirectJDKLog [main] At least one JAR was scanned for TLDs yet contained no TLDs. Enable debug logging for this logger for a complete list of JARs that were scanned but no TLDs were found in them. Skipping unneeded JARs during scanning can improve startup time and JSP compilation time.
2020-06-23 16:07:40,215 INFO org.apache.juli.logging.DirectJDKLog [main] Initializing Spring embedded WebApplicationContext
2020-06-23 16:07:40,253 INFO org.springframework.boot.web.servlet.context.ServletWebServerApplicationContext [main] Root WebApplicationContext: initialization completed in 3563 ms
2020-06-23 16:07:42,320 INFO org.joinfaces.autoconfigure.servlet.initializer.ServletContainerInitializerRegistrationBean [main] Resolving classes for com.sun.faces.config.FacesInitializer took 1.8847595s
2020-06-23 16:07:42,417 INFO com.sun.faces.config.ConfigureListener [main] Initializing Mojarra |version.string| for context ''
2020-06-23 16:07:42,830 INFO com.sun.faces.spi.InjectionProviderFactory [main] JSF1048: PostConstruct/PreDestroy annotations present.  ManagedBeans methods marked with these annotations will have said annotations processed.
2020-06-23 16:07:43,587 INFO org.primefaces.webapp.PostConstructApplicationEventListener [main] Running on PrimeFaces 7.0
2020-06-23 16:07:43,624 INFO org.primefaces.extensions.application.PostConstructApplicationEventListener [main] Running on PrimeFaces Extensions 7.0.3
2020-06-23 16:07:43,843 INFO org.hibernate.jpa.internal.util.LogHelper [main] HHH000204: Processing PersistenceUnitInfo [name: default]
2020-06-23 16:07:43,980 INFO org.hibernate.Version [main] HHH000412: Hibernate Core {5.4.10.Final}
2020-06-23 16:07:44,195 INFO org.hibernate.annotations.common.reflection.java.JavaReflectionManager [main] HCANN000001: Hibernate Commons Annotations {5.1.0.Final}
2020-06-23 16:07:44,390 INFO com.zaxxer.hikari.HikariDataSource [main] HikariPool-1 - Starting...
2020-06-23 16:07:44,490 INFO com.zaxxer.hikari.HikariDataSource [main] HikariPool-1 - Start completed.
2020-06-23 16:07:44,554 INFO org.hibernate.dialect.Dialect [main] HHH000400: Using dialect: org.hibernate.dialect.MySQL57Dialect
2020-06-23 16:07:47,542 INFO org.hibernate.engine.transaction.jta.platform.internal.JtaPlatformInitiator [main] HHH000490: Using JtaPlatform implementation: [org.hibernate.engine.transaction.jta.platform.internal.NoJtaPlatform]
2020-06-23 16:07:47,779 INFO org.springframework.orm.jpa.AbstractEntityManagerFactoryBean [main] Initialized JPA EntityManagerFactory for persistence unit 'default'
2020-06-23 16:07:48,732 WARN org.hibernate.dialect.function.TemplateRenderer [main] HHH000174: Function template anticipated 4 arguments, but 1 arguments encountered
2020-06-23 16:07:50,151 INFO org.springframework.scheduling.concurrent.ExecutorConfigurationSupport [main] Initializing ExecutorService 'applicationTaskExecutor'
2020-06-23 16:07:50,648 INFO org.apache.juli.logging.DirectJDKLog [main] Starting ProtocolHandler ["http-nio-8008"]
2020-06-23 16:07:50,726 INFO org.springframework.boot.web.embedded.tomcat.TomcatWebServer [main] Tomcat started on port(s): 8008 (http) with context path ''
2020-06-23 16:07:50,765 INFO org.springframework.boot.StartupInfoLogger [main] Started SmbErpApplication in 16.742 seconds (JVM running for 17.316)
2020-06-23 16:50:59,912 INFO org.apache.juli.logging.DirectJDKLog [http-nio-8008-exec-7] Initializing Spring DispatcherServlet 'dispatcherServlet'
2020-06-23 16:50:59,954 INFO org.springframework.web.servlet.FrameworkServlet [http-nio-8008-exec-7] Initializing Servlet 'dispatcherServlet'
2020-06-23 16:51:00,000 INFO org.springframework.web.servlet.FrameworkServlet [http-nio-8008-exec-7] Completed initialization in 12 ms
2020-06-23 17:09:47,167 WARN com.sun.faces.context.flash.ELFlash [http-nio-8008-exec-4] JSF1095: The response was already committed by the time we tried to set the outgoing cookie for the flash.  Any values stored to the flash will not be available on the next request.
2020-06-23 17:09:47,209 ERROR org.primefaces.application.resource.barcode.BarcodeHandler [http-nio-8008-exec-7] Error in streaming barcode resource. Parameter msg must not be empty
2020-06-23 17:09:47,209 ERROR org.primefaces.application.resource.barcode.BarcodeHandler [http-nio-8008-exec-3] Error in streaming barcode resource. Parameter msg must not be empty
2020-06-23 18:00:09,314 INFO org.springframework.boot.StartupInfoLogger [main] Starting SmbErpApplication on FatemaLaptop with PID 6208 (D:\Projects\SmbErp\target\classes started by FatemaLaptop in D:\Projects\SmbErp)
2020-06-23 18:00:09,400 INFO org.springframework.boot.SpringApplication [main] No active profile set, falling back to default profiles: default
2020-06-23 18:00:10,093 INFO org.springframework.data.repository.config.RepositoryConfigurationDelegate [main] Bootstrapping Spring Data JPA repositories in DEFAULT mode.
2020-06-23 18:00:10,285 INFO org.springframework.data.repository.config.RepositoryConfigurationDelegate [main] Finished Spring Data repository scanning in 134ms. Found 22 JPA repository interfaces.
2020-06-23 18:00:10,882 INFO org.springframework.context.support.PostProcessorRegistrationDelegate$BeanPostProcessorChecker [main] Bean 'org.springframework.transaction.annotation.ProxyTransactionManagementConfiguration' of type [org.springframework.transaction.annotation.ProxyTransactionManagementConfiguration] is not eligible for getting processed by all BeanPostProcessors (for example: not eligible for auto-proxying)
2020-06-23 18:00:10,948 INFO org.springframework.context.support.PostProcessorRegistrationDelegate$BeanPostProcessorChecker [main] Bean 'org.joinfaces.autoconfigure.javaxfaces.JsfBeansAutoConfiguration$Jsf2_3AutoConfiguration' of type [org.joinfaces.autoconfigure.javaxfaces.JsfBeansAutoConfiguration$Jsf2_3AutoConfiguration] is not eligible for getting processed by all BeanPostProcessors (for example: not eligible for auto-proxying)
2020-06-23 18:00:10,987 INFO org.springframework.context.support.PostProcessorRegistrationDelegate$BeanPostProcessorChecker [main] Bean 'org.joinfaces.autoconfigure.javaxfaces.JsfBeansAutoConfiguration' of type [org.joinfaces.autoconfigure.javaxfaces.JsfBeansAutoConfiguration] is not eligible for getting processed by all BeanPostProcessors (for example: not eligible for auto-proxying)
2020-06-23 18:00:11,310 INFO org.springframework.boot.web.embedded.tomcat.TomcatWebServer [main] Tomcat initialized with port(s): 8008 (http)
2020-06-23 18:00:11,348 INFO org.apache.juli.logging.DirectJDKLog [main] Initializing ProtocolHandler ["http-nio-8008"]
2020-06-23 18:00:11,382 INFO org.apache.juli.logging.DirectJDKLog [main] Starting service [Tomcat]
2020-06-23 18:00:11,414 INFO org.apache.juli.logging.DirectJDKLog [main] Starting Servlet engine: [Apache Tomcat/9.0.30]
2020-06-23 18:00:11,802 INFO org.apache.juli.logging.DirectJDKLog [main] At least one JAR was scanned for TLDs yet contained no TLDs. Enable debug logging for this logger for a complete list of JARs that were scanned but no TLDs were found in them. Skipping unneeded JARs during scanning can improve startup time and JSP compilation time.
2020-06-23 18:00:11,842 INFO org.apache.juli.logging.DirectJDKLog [main] Initializing Spring embedded WebApplicationContext
2020-06-23 18:00:11,874 INFO org.springframework.boot.web.servlet.context.ServletWebServerApplicationContext [main] Root WebApplicationContext: initialization completed in 2339 ms
2020-06-23 18:00:13,119 INFO org.joinfaces.autoconfigure.servlet.initializer.ServletContainerInitializerRegistrationBean [main] Resolving classes for com.sun.faces.config.FacesInitializer took 1.1315686s
2020-06-23 18:00:13,216 INFO com.sun.faces.config.ConfigureListener [main] Initializing Mojarra |version.string| for context ''
2020-06-23 18:00:13,490 INFO com.sun.faces.spi.InjectionProviderFactory [main] JSF1048: PostConstruct/PreDestroy annotations present.  ManagedBeans methods marked with these annotations will have said annotations processed.
2020-06-23 18:00:14,023 INFO org.primefaces.webapp.PostConstructApplicationEventListener [main] Running on PrimeFaces 7.0
2020-06-23 18:00:14,078 INFO org.primefaces.extensions.application.PostConstructApplicationEventListener [main] Running on PrimeFaces Extensions 7.0.3
2020-06-23 18:00:14,264 INFO org.hibernate.jpa.internal.util.LogHelper [main] HHH000204: Processing PersistenceUnitInfo [name: default]
2020-06-23 18:00:14,356 INFO org.hibernate.Version [main] HHH000412: Hibernate Core {5.4.10.Final}
2020-06-23 18:00:14,510 INFO org.hibernate.annotations.common.reflection.java.JavaReflectionManager [main] HCANN000001: Hibernate Commons Annotations {5.1.0.Final}
2020-06-23 18:00:14,647 INFO com.zaxxer.hikari.HikariDataSource [main] HikariPool-1 - Starting...
2020-06-23 18:00:14,715 INFO com.zaxxer.hikari.HikariDataSource [main] HikariPool-1 - Start completed.
2020-06-23 18:00:14,783 INFO org.hibernate.dialect.Dialect [main] HHH000400: Using dialect: org.hibernate.dialect.MySQL57Dialect
2020-06-23 18:00:15,056 WARN org.springframework.context.support.AbstractApplicationContext [main] Exception encountered during context initialization - cancelling refresh attempt: org.springframework.beans.factory.BeanCreationException: Error creating bean with name 'entityManagerFactory' defined in class path resource [org/springframework/boot/autoconfigure/orm/jpa/HibernateJpaConfiguration.class]: Invocation of init method failed; nested exception is org.hibernate.DuplicateMappingException: Duplicate query mapping BusDocInfo.findAll
2020-06-23 18:00:15,086 INFO com.zaxxer.hikari.HikariDataSource [main] HikariPool-1 - Shutdown initiated...
2020-06-23 18:00:15,135 INFO com.zaxxer.hikari.HikariDataSource [main] HikariPool-1 - Shutdown completed.
2020-06-23 18:00:15,167 INFO org.apache.juli.logging.DirectJDKLog [main] Stopping service [Tomcat]
2020-06-23 18:00:15,252 WARN org.apache.juli.logging.DirectJDKLog [main] The web application [ROOT] appears to have started a thread named [ForkJoinPool.commonPool-worker-1] but has failed to stop it. This is very likely to create a memory leak. Stack trace of thread:
 sun.misc.Unsafe.park(Native Method)
 java.util.concurrent.ForkJoinPool.awaitWork(ForkJoinPool.java:1824)
 java.util.concurrent.ForkJoinPool.runWorker(ForkJoinPool.java:1693)
 java.util.concurrent.ForkJoinWorkerThread.run(ForkJoinWorkerThread.java:157)
2020-06-23 18:00:15,300 WARN org.apache.juli.logging.DirectJDKLog [main] The web application [ROOT] appears to have started a thread named [ForkJoinPool.commonPool-worker-2] but has failed to stop it. This is very likely to create a memory leak. Stack trace of thread:
 sun.misc.Unsafe.park(Native Method)
 java.util.concurrent.ForkJoinPool.awaitWork(ForkJoinPool.java:1824)
 java.util.concurrent.ForkJoinPool.runWorker(ForkJoinPool.java:1693)
 java.util.concurrent.ForkJoinWorkerThread.run(ForkJoinWorkerThread.java:157)
2020-06-23 18:00:15,334 WARN org.apache.juli.logging.DirectJDKLog [main] The web application [ROOT] appears to have started a thread named [ForkJoinPool.commonPool-worker-3] but has failed to stop it. This is very likely to create a memory leak. Stack trace of thread:
 sun.misc.Unsafe.park(Native Method)
 java.util.concurrent.ForkJoinPool.awaitWork(ForkJoinPool.java:1824)
 java.util.concurrent.ForkJoinPool.runWorker(ForkJoinPool.java:1693)
 java.util.concurrent.ForkJoinWorkerThread.run(ForkJoinWorkerThread.java:157)
2020-06-23 18:00:15,377 WARN org.apache.juli.logging.DirectJDKLog [main] The web application [ROOT] appears to have started a thread named [ForkJoinPool.commonPool-worker-5] but has failed to stop it. This is very likely to create a memory leak. Stack trace of thread:
 sun.misc.Unsafe.park(Native Method)
 java.util.concurrent.ForkJoinPool.awaitWork(ForkJoinPool.java:1824)
 java.util.concurrent.ForkJoinPool.runWorker(ForkJoinPool.java:1693)
 java.util.concurrent.ForkJoinWorkerThread.run(ForkJoinWorkerThread.java:157)
2020-06-23 18:00:15,407 WARN org.apache.juli.logging.DirectJDKLog [main] The web application [ROOT] appears to have started a thread named [ForkJoinPool.commonPool-worker-6] but has failed to stop it. This is very likely to create a memory leak. Stack trace of thread:
 sun.misc.Unsafe.park(Native Method)
 java.util.concurrent.ForkJoinPool.awaitWork(ForkJoinPool.java:1824)
 java.util.concurrent.ForkJoinPool.runWorker(ForkJoinPool.java:1693)
 java.util.concurrent.ForkJoinWorkerThread.run(ForkJoinWorkerThread.java:157)
2020-06-23 18:00:15,437 WARN org.apache.juli.logging.DirectJDKLog [main] The web application [ROOT] appears to have started a thread named [ForkJoinPool.commonPool-worker-7] but has failed to stop it. This is very likely to create a memory leak. Stack trace of thread:
 sun.misc.Unsafe.park(Native Method)
 java.util.concurrent.ForkJoinPool.awaitWork(ForkJoinPool.java:1824)
 java.util.concurrent.ForkJoinPool.runWorker(ForkJoinPool.java:1693)
 java.util.concurrent.ForkJoinWorkerThread.run(ForkJoinWorkerThread.java:157)
2020-06-23 18:00:15,490 INFO org.springframework.boot.autoconfigure.logging.ConditionEvaluationReportLoggingListener [main] 

Error starting ApplicationContext. To display the conditions report re-run your application with 'debug' enabled.
2020-06-23 18:00:15,560 ERROR org.springframework.boot.SpringApplication [main] Application run failed
org.springframework.beans.factory.BeanCreationException: Error creating bean with name 'entityManagerFactory' defined in class path resource [org/springframework/boot/autoconfigure/orm/jpa/HibernateJpaConfiguration.class]: Invocation of init method failed; nested exception is org.hibernate.DuplicateMappingException: Duplicate query mapping BusDocInfo.findAll
	at org.springframework.beans.factory.support.AbstractAutowireCapableBeanFactory.initializeBean(AbstractAutowireCapableBeanFactory.java:1796)
	at org.springframework.beans.factory.support.AbstractAutowireCapableBeanFactory.doCreateBean(AbstractAutowireCapableBeanFactory.java:595)
	at org.springframework.beans.factory.support.AbstractAutowireCapableBeanFactory.createBean(AbstractAutowireCapableBeanFactory.java:517)
	at org.springframework.beans.factory.support.AbstractBeanFactory.lambda$doGetBean$0(AbstractBeanFactory.java:323)
	at org.springframework.beans.factory.support.DefaultSingletonBeanRegistry.getSingleton(DefaultSingletonBeanRegistry.java:222)
	at org.springframework.beans.factory.support.AbstractBeanFactory.doGetBean(AbstractBeanFactory.java:321)
	at org.springframework.beans.factory.support.AbstractBeanFactory.getBean(AbstractBeanFactory.java:202)
	at org.springframework.context.support.AbstractApplicationContext.getBean(AbstractApplicationContext.java:1108)
	at org.springframework.context.support.AbstractApplicationContext.finishBeanFactoryInitialization(AbstractApplicationContext.java:868)
	at org.springframework.context.support.AbstractApplicationContext.refresh(AbstractApplicationContext.java:550)
	at org.springframework.boot.web.servlet.context.ServletWebServerApplicationContext.refresh(ServletWebServerApplicationContext.java:141)
	at org.springframework.boot.SpringApplication.refresh(SpringApplication.java:747)
	at org.springframework.boot.SpringApplication.refreshContext(SpringApplication.java:397)
	at org.springframework.boot.SpringApplication.run(SpringApplication.java:315)
	at org.springframework.boot.SpringApplication.run(SpringApplication.java:1226)
	at org.springframework.boot.SpringApplication.run(SpringApplication.java:1215)
	at com.smb.erp.SmbErpApplication.main(SmbErpApplication.java:10)
Caused by: org.hibernate.DuplicateMappingException: Duplicate query mapping BusDocInfo.findAll
	at org.hibernate.boot.internal.InFlightMetadataCollectorImpl.checkQueryName(InFlightMetadataCollectorImpl.java:564)
	at org.hibernate.boot.internal.InFlightMetadataCollectorImpl.applyNamedQuery(InFlightMetadataCollectorImpl.java:558)
	at org.hibernate.boot.internal.InFlightMetadataCollectorImpl.addNamedQuery(InFlightMetadataCollectorImpl.java:554)
	at org.hibernate.cfg.annotations.QueryBinder.bindQuery(QueryBinder.java:76)
	at org.hibernate.cfg.AnnotationBinder.bindQueries(AnnotationBinder.java:389)
	at org.hibernate.cfg.AnnotationBinder.bindClass(AnnotationBinder.java:587)
	at org.hibernate.boot.model.source.internal.annotations.AnnotationMetadataSourceProcessorImpl.processEntityHierarchies(AnnotationMetadataSourceProcessorImpl.java:254)
	at org.hibernate.boot.model.process.spi.MetadataBuildingProcess$1.processEntityHierarchies(MetadataBuildingProcess.java:230)
	at org.hibernate.boot.model.process.spi.MetadataBuildingProcess.complete(MetadataBuildingProcess.java:273)
	at org.hibernate.jpa.boot.internal.EntityManagerFactoryBuilderImpl.metadata(EntityManagerFactoryBuilderImpl.java:1202)
	at org.hibernate.jpa.boot.internal.EntityManagerFactoryBuilderImpl.build(EntityManagerFactoryBuilderImpl.java:1233)
	at org.springframework.orm.jpa.vendor.SpringHibernateJpaPersistenceProvider.createContainerEntityManagerFactory(SpringHibernateJpaPersistenceProvider.java:58)
	at org.springframework.orm.jpa.LocalContainerEntityManagerFactoryBean.createNativeEntityManagerFactory(LocalContainerEntityManagerFactoryBean.java:365)
	at org.springframework.orm.jpa.AbstractEntityManagerFactoryBean.buildNativeEntityManagerFactory(AbstractEntityManagerFactoryBean.java:391)
	at org.springframework.orm.jpa.AbstractEntityManagerFactoryBean.afterPropertiesSet(AbstractEntityManagerFactoryBean.java:378)
	at org.springframework.orm.jpa.LocalContainerEntityManagerFactoryBean.afterPropertiesSet(LocalContainerEntityManagerFactoryBean.java:341)
	at org.springframework.beans.factory.support.AbstractAutowireCapableBeanFactory.invokeInitMethods(AbstractAutowireCapableBeanFactory.java:1855)
	at org.springframework.beans.factory.support.AbstractAutowireCapableBeanFactory.initializeBean(AbstractAutowireCapableBeanFactory.java:1792)
	... 16 common frames omitted
2020-06-23 18:02:06,192 INFO org.springframework.boot.StartupInfoLogger [main] Starting SmbErpApplication on FatemaLaptop with PID 18000 (D:\Projects\SmbErp\target\classes started by FatemaLaptop in D:\Projects\SmbErp)
2020-06-23 18:02:06,266 INFO org.springframework.boot.SpringApplication [main] No active profile set, falling back to default profiles: default
2020-06-23 18:02:06,947 INFO org.springframework.data.repository.config.RepositoryConfigurationDelegate [main] Bootstrapping Spring Data JPA repositories in DEFAULT mode.
2020-06-23 18:02:07,120 INFO org.springframework.data.repository.config.RepositoryConfigurationDelegate [main] Finished Spring Data repository scanning in 128ms. Found 22 JPA repository interfaces.
2020-06-23 18:02:07,653 INFO org.springframework.context.support.PostProcessorRegistrationDelegate$BeanPostProcessorChecker [main] Bean 'org.springframework.transaction.annotation.ProxyTransactionManagementConfiguration' of type [org.springframework.transaction.annotation.ProxyTransactionManagementConfiguration] is not eligible for getting processed by all BeanPostProcessors (for example: not eligible for auto-proxying)
2020-06-23 18:02:07,709 INFO org.springframework.context.support.PostProcessorRegistrationDelegate$BeanPostProcessorChecker [main] Bean 'org.joinfaces.autoconfigure.javaxfaces.JsfBeansAutoConfiguration$Jsf2_3AutoConfiguration' of type [org.joinfaces.autoconfigure.javaxfaces.JsfBeansAutoConfiguration$Jsf2_3AutoConfiguration] is not eligible for getting processed by all BeanPostProcessors (for example: not eligible for auto-proxying)
2020-06-23 18:02:07,769 INFO org.springframework.context.support.PostProcessorRegistrationDelegate$BeanPostProcessorChecker [main] Bean 'org.joinfaces.autoconfigure.javaxfaces.JsfBeansAutoConfiguration' of type [org.joinfaces.autoconfigure.javaxfaces.JsfBeansAutoConfiguration] is not eligible for getting processed by all BeanPostProcessors (for example: not eligible for auto-proxying)
2020-06-23 18:02:08,051 INFO org.springframework.boot.web.embedded.tomcat.TomcatWebServer [main] Tomcat initialized with port(s): 8008 (http)
2020-06-23 18:02:08,089 INFO org.apache.juli.logging.DirectJDKLog [main] Initializing ProtocolHandler ["http-nio-8008"]
2020-06-23 18:02:08,142 INFO org.apache.juli.logging.DirectJDKLog [main] Starting service [Tomcat]
2020-06-23 18:02:08,178 INFO org.apache.juli.logging.DirectJDKLog [main] Starting Servlet engine: [Apache Tomcat/9.0.30]
2020-06-23 18:02:08,577 INFO org.apache.juli.logging.DirectJDKLog [main] At least one JAR was scanned for TLDs yet contained no TLDs. Enable debug logging for this logger for a complete list of JARs that were scanned but no TLDs were found in them. Skipping unneeded JARs during scanning can improve startup time and JSP compilation time.
2020-06-23 18:02:08,632 INFO org.apache.juli.logging.DirectJDKLog [main] Initializing Spring embedded WebApplicationContext
2020-06-23 18:02:08,689 INFO org.springframework.boot.web.servlet.context.ServletWebServerApplicationContext [main] Root WebApplicationContext: initialization completed in 2312 ms
2020-06-23 18:02:09,946 INFO org.joinfaces.autoconfigure.servlet.initializer.ServletContainerInitializerRegistrationBean [main] Resolving classes for com.sun.faces.config.FacesInitializer took 1.135315902s
2020-06-23 18:02:10,028 INFO com.sun.faces.config.ConfigureListener [main] Initializing Mojarra |version.string| for context ''
2020-06-23 18:02:10,269 INFO com.sun.faces.spi.InjectionProviderFactory [main] JSF1048: PostConstruct/PreDestroy annotations present.  ManagedBeans methods marked with these annotations will have said annotations processed.
2020-06-23 18:02:10,786 INFO org.primefaces.webapp.PostConstructApplicationEventListener [main] Running on PrimeFaces 7.0
2020-06-23 18:02:10,816 INFO org.primefaces.extensions.application.PostConstructApplicationEventListener [main] Running on PrimeFaces Extensions 7.0.3
2020-06-23 18:02:11,008 INFO org.hibernate.jpa.internal.util.LogHelper [main] HHH000204: Processing PersistenceUnitInfo [name: default]
2020-06-23 18:02:11,133 INFO org.hibernate.Version [main] HHH000412: Hibernate Core {5.4.10.Final}
2020-06-23 18:02:11,294 INFO org.hibernate.annotations.common.reflection.java.JavaReflectionManager [main] HCANN000001: Hibernate Commons Annotations {5.1.0.Final}
2020-06-23 18:02:11,429 INFO com.zaxxer.hikari.HikariDataSource [main] HikariPool-1 - Starting...
2020-06-23 18:02:11,513 INFO com.zaxxer.hikari.HikariDataSource [main] HikariPool-1 - Start completed.
2020-06-23 18:02:11,585 INFO org.hibernate.dialect.Dialect [main] HHH000400: Using dialect: org.hibernate.dialect.MySQL57Dialect
2020-06-23 18:02:11,822 WARN org.springframework.context.support.AbstractApplicationContext [main] Exception encountered during context initialization - cancelling refresh attempt: org.springframework.beans.factory.BeanCreationException: Error creating bean with name 'entityManagerFactory' defined in class path resource [org/springframework/boot/autoconfigure/orm/jpa/HibernateJpaConfiguration.class]: Invocation of init method failed; nested exception is org.hibernate.DuplicateMappingException: Duplicate query mapping BusDocInfo.findAll
2020-06-23 18:02:11,852 INFO com.zaxxer.hikari.HikariDataSource [main] HikariPool-1 - Shutdown initiated...
2020-06-23 18:02:11,897 INFO com.zaxxer.hikari.HikariDataSource [main] HikariPool-1 - Shutdown completed.
2020-06-23 18:02:11,930 INFO org.apache.juli.logging.DirectJDKLog [main] Stopping service [Tomcat]
2020-06-23 18:02:12,043 WARN org.apache.juli.logging.DirectJDKLog [main] The web application [ROOT] appears to have started a thread named [ForkJoinPool.commonPool-worker-1] but has failed to stop it. This is very likely to create a memory leak. Stack trace of thread:
 sun.misc.Unsafe.park(Native Method)
 java.util.concurrent.ForkJoinPool.awaitWork(ForkJoinPool.java:1824)
 java.util.concurrent.ForkJoinPool.runWorker(ForkJoinPool.java:1693)
 java.util.concurrent.ForkJoinWorkerThread.run(ForkJoinWorkerThread.java:157)
2020-06-23 18:02:12,081 WARN org.apache.juli.logging.DirectJDKLog [main] The web application [ROOT] appears to have started a thread named [ForkJoinPool.commonPool-worker-2] but has failed to stop it. This is very likely to create a memory leak. Stack trace of thread:
 sun.misc.Unsafe.park(Native Method)
 java.util.concurrent.ForkJoinPool.awaitWork(ForkJoinPool.java:1824)
 java.util.concurrent.ForkJoinPool.runWorker(ForkJoinPool.java:1693)
 java.util.concurrent.ForkJoinWorkerThread.run(ForkJoinWorkerThread.java:157)
2020-06-23 18:02:12,114 WARN org.apache.juli.logging.DirectJDKLog [main] The web application [ROOT] appears to have started a thread named [ForkJoinPool.commonPool-worker-3] but has failed to stop it. This is very likely to create a memory leak. Stack trace of thread:
 sun.misc.Unsafe.park(Native Method)
 java.util.concurrent.ForkJoinPool.awaitWork(ForkJoinPool.java:1824)
 java.util.concurrent.ForkJoinPool.runWorker(ForkJoinPool.java:1693)
 java.util.concurrent.ForkJoinWorkerThread.run(ForkJoinWorkerThread.java:157)
2020-06-23 18:02:12,153 WARN org.apache.juli.logging.DirectJDKLog [main] The web application [ROOT] appears to have started a thread named [ForkJoinPool.commonPool-worker-4] but has failed to stop it. This is very likely to create a memory leak. Stack trace of thread:
 sun.misc.Unsafe.park(Native Method)
 java.util.concurrent.ForkJoinPool.awaitWork(ForkJoinPool.java:1824)
 java.util.concurrent.ForkJoinPool.runWorker(ForkJoinPool.java:1693)
 java.util.concurrent.ForkJoinWorkerThread.run(ForkJoinWorkerThread.java:157)
2020-06-23 18:02:12,188 WARN org.apache.juli.logging.DirectJDKLog [main] The web application [ROOT] appears to have started a thread named [ForkJoinPool.commonPool-worker-5] but has failed to stop it. This is very likely to create a memory leak. Stack trace of thread:
 sun.misc.Unsafe.park(Native Method)
 java.util.concurrent.ForkJoinPool.awaitWork(ForkJoinPool.java:1824)
 java.util.concurrent.ForkJoinPool.runWorker(ForkJoinPool.java:1693)
 java.util.concurrent.ForkJoinWorkerThread.run(ForkJoinWorkerThread.java:157)
2020-06-23 18:02:12,222 WARN org.apache.juli.logging.DirectJDKLog [main] The web application [ROOT] appears to have started a thread named [ForkJoinPool.commonPool-worker-6] but has failed to stop it. This is very likely to create a memory leak. Stack trace of thread:
 sun.misc.Unsafe.park(Native Method)
 java.util.concurrent.ForkJoinPool.awaitWork(ForkJoinPool.java:1824)
 java.util.concurrent.ForkJoinPool.runWorker(ForkJoinPool.java:1693)
 java.util.concurrent.ForkJoinWorkerThread.run(ForkJoinWorkerThread.java:157)
2020-06-23 18:02:12,276 INFO org.springframework.boot.autoconfigure.logging.ConditionEvaluationReportLoggingListener [main] 

Error starting ApplicationContext. To display the conditions report re-run your application with 'debug' enabled.
2020-06-23 18:02:12,323 ERROR org.springframework.boot.SpringApplication [main] Application run failed
org.springframework.beans.factory.BeanCreationException: Error creating bean with name 'entityManagerFactory' defined in class path resource [org/springframework/boot/autoconfigure/orm/jpa/HibernateJpaConfiguration.class]: Invocation of init method failed; nested exception is org.hibernate.DuplicateMappingException: Duplicate query mapping BusDocInfo.findAll
	at org.springframework.beans.factory.support.AbstractAutowireCapableBeanFactory.initializeBean(AbstractAutowireCapableBeanFactory.java:1796)
	at org.springframework.beans.factory.support.AbstractAutowireCapableBeanFactory.doCreateBean(AbstractAutowireCapableBeanFactory.java:595)
	at org.springframework.beans.factory.support.AbstractAutowireCapableBeanFactory.createBean(AbstractAutowireCapableBeanFactory.java:517)
	at org.springframework.beans.factory.support.AbstractBeanFactory.lambda$doGetBean$0(AbstractBeanFactory.java:323)
	at org.springframework.beans.factory.support.DefaultSingletonBeanRegistry.getSingleton(DefaultSingletonBeanRegistry.java:222)
	at org.springframework.beans.factory.support.AbstractBeanFactory.doGetBean(AbstractBeanFactory.java:321)
	at org.springframework.beans.factory.support.AbstractBeanFactory.getBean(AbstractBeanFactory.java:202)
	at org.springframework.context.support.AbstractApplicationContext.getBean(AbstractApplicationContext.java:1108)
	at org.springframework.context.support.AbstractApplicationContext.finishBeanFactoryInitialization(AbstractApplicationContext.java:868)
	at org.springframework.context.support.AbstractApplicationContext.refresh(AbstractApplicationContext.java:550)
	at org.springframework.boot.web.servlet.context.ServletWebServerApplicationContext.refresh(ServletWebServerApplicationContext.java:141)
	at org.springframework.boot.SpringApplication.refresh(SpringApplication.java:747)
	at org.springframework.boot.SpringApplication.refreshContext(SpringApplication.java:397)
	at org.springframework.boot.SpringApplication.run(SpringApplication.java:315)
	at org.springframework.boot.SpringApplication.run(SpringApplication.java:1226)
	at org.springframework.boot.SpringApplication.run(SpringApplication.java:1215)
	at com.smb.erp.SmbErpApplication.main(SmbErpApplication.java:10)
Caused by: org.hibernate.DuplicateMappingException: Duplicate query mapping BusDocInfo.findAll
	at org.hibernate.boot.internal.InFlightMetadataCollectorImpl.checkQueryName(InFlightMetadataCollectorImpl.java:564)
	at org.hibernate.boot.internal.InFlightMetadataCollectorImpl.applyNamedQuery(InFlightMetadataCollectorImpl.java:558)
	at org.hibernate.boot.internal.InFlightMetadataCollectorImpl.addNamedQuery(InFlightMetadataCollectorImpl.java:554)
	at org.hibernate.cfg.annotations.QueryBinder.bindQuery(QueryBinder.java:76)
	at org.hibernate.cfg.AnnotationBinder.bindQueries(AnnotationBinder.java:389)
	at org.hibernate.cfg.AnnotationBinder.bindClass(AnnotationBinder.java:587)
	at org.hibernate.boot.model.source.internal.annotations.AnnotationMetadataSourceProcessorImpl.processEntityHierarchies(AnnotationMetadataSourceProcessorImpl.java:254)
	at org.hibernate.boot.model.process.spi.MetadataBuildingProcess$1.processEntityHierarchies(MetadataBuildingProcess.java:230)
	at org.hibernate.boot.model.process.spi.MetadataBuildingProcess.complete(MetadataBuildingProcess.java:273)
	at org.hibernate.jpa.boot.internal.EntityManagerFactoryBuilderImpl.metadata(EntityManagerFactoryBuilderImpl.java:1202)
	at org.hibernate.jpa.boot.internal.EntityManagerFactoryBuilderImpl.build(EntityManagerFactoryBuilderImpl.java:1233)
	at org.springframework.orm.jpa.vendor.SpringHibernateJpaPersistenceProvider.createContainerEntityManagerFactory(SpringHibernateJpaPersistenceProvider.java:58)
	at org.springframework.orm.jpa.LocalContainerEntityManagerFactoryBean.createNativeEntityManagerFactory(LocalContainerEntityManagerFactoryBean.java:365)
	at org.springframework.orm.jpa.AbstractEntityManagerFactoryBean.buildNativeEntityManagerFactory(AbstractEntityManagerFactoryBean.java:391)
	at org.springframework.orm.jpa.AbstractEntityManagerFactoryBean.afterPropertiesSet(AbstractEntityManagerFactoryBean.java:378)
	at org.springframework.orm.jpa.LocalContainerEntityManagerFactoryBean.afterPropertiesSet(LocalContainerEntityManagerFactoryBean.java:341)
	at org.springframework.beans.factory.support.AbstractAutowireCapableBeanFactory.invokeInitMethods(AbstractAutowireCapableBeanFactory.java:1855)
	at org.springframework.beans.factory.support.AbstractAutowireCapableBeanFactory.initializeBean(AbstractAutowireCapableBeanFactory.java:1792)
	... 16 common frames omitted
2020-06-23 18:03:01,277 INFO org.springframework.boot.StartupInfoLogger [main] Starting SmbErpApplication on FatemaLaptop with PID 4848 (D:\Projects\SmbErp\target\classes started by FatemaLaptop in D:\Projects\SmbErp)
2020-06-23 18:03:01,340 INFO org.springframework.boot.SpringApplication [main] No active profile set, falling back to default profiles: default
2020-06-23 18:03:01,980 INFO org.springframework.data.repository.config.RepositoryConfigurationDelegate [main] Bootstrapping Spring Data JPA repositories in DEFAULT mode.
2020-06-23 18:03:02,193 INFO org.springframework.data.repository.config.RepositoryConfigurationDelegate [main] Finished Spring Data repository scanning in 149ms. Found 22 JPA repository interfaces.
2020-06-23 18:03:02,726 INFO org.springframework.context.support.PostProcessorRegistrationDelegate$BeanPostProcessorChecker [main] Bean 'org.springframework.transaction.annotation.ProxyTransactionManagementConfiguration' of type [org.springframework.transaction.annotation.ProxyTransactionManagementConfiguration] is not eligible for getting processed by all BeanPostProcessors (for example: not eligible for auto-proxying)
2020-06-23 18:03:02,796 INFO org.springframework.context.support.PostProcessorRegistrationDelegate$BeanPostProcessorChecker [main] Bean 'org.joinfaces.autoconfigure.javaxfaces.JsfBeansAutoConfiguration$Jsf2_3AutoConfiguration' of type [org.joinfaces.autoconfigure.javaxfaces.JsfBeansAutoConfiguration$Jsf2_3AutoConfiguration] is not eligible for getting processed by all BeanPostProcessors (for example: not eligible for auto-proxying)
2020-06-23 18:03:02,852 INFO org.springframework.context.support.PostProcessorRegistrationDelegate$BeanPostProcessorChecker [main] Bean 'org.joinfaces.autoconfigure.javaxfaces.JsfBeansAutoConfiguration' of type [org.joinfaces.autoconfigure.javaxfaces.JsfBeansAutoConfiguration] is not eligible for getting processed by all BeanPostProcessors (for example: not eligible for auto-proxying)
2020-06-23 18:03:03,133 INFO org.springframework.boot.web.embedded.tomcat.TomcatWebServer [main] Tomcat initialized with port(s): 8008 (http)
2020-06-23 18:03:03,198 INFO org.apache.juli.logging.DirectJDKLog [main] Initializing ProtocolHandler ["http-nio-8008"]
2020-06-23 18:03:03,252 INFO org.apache.juli.logging.DirectJDKLog [main] Starting service [Tomcat]
2020-06-23 18:03:03,290 INFO org.apache.juli.logging.DirectJDKLog [main] Starting Servlet engine: [Apache Tomcat/9.0.30]
2020-06-23 18:03:03,742 INFO org.apache.juli.logging.DirectJDKLog [main] At least one JAR was scanned for TLDs yet contained no TLDs. Enable debug logging for this logger for a complete list of JARs that were scanned but no TLDs were found in them. Skipping unneeded JARs during scanning can improve startup time and JSP compilation time.
2020-06-23 18:03:03,784 INFO org.apache.juli.logging.DirectJDKLog [main] Initializing Spring embedded WebApplicationContext
2020-06-23 18:03:03,815 INFO org.springframework.boot.web.servlet.context.ServletWebServerApplicationContext [main] Root WebApplicationContext: initialization completed in 2394 ms
2020-06-23 18:03:05,267 INFO org.joinfaces.autoconfigure.servlet.initializer.ServletContainerInitializerRegistrationBean [main] Resolving classes for com.sun.faces.config.FacesInitializer took 1.3373715s
2020-06-23 18:03:05,352 INFO com.sun.faces.config.ConfigureListener [main] Initializing Mojarra |version.string| for context ''
2020-06-23 18:03:05,627 INFO com.sun.faces.spi.InjectionProviderFactory [main] JSF1048: PostConstruct/PreDestroy annotations present.  ManagedBeans methods marked with these annotations will have said annotations processed.
2020-06-23 18:03:06,156 INFO org.primefaces.webapp.PostConstructApplicationEventListener [main] Running on PrimeFaces 7.0
2020-06-23 18:03:06,200 INFO org.primefaces.extensions.application.PostConstructApplicationEventListener [main] Running on PrimeFaces Extensions 7.0.3
2020-06-23 18:03:06,416 INFO org.hibernate.jpa.internal.util.LogHelper [main] HHH000204: Processing PersistenceUnitInfo [name: default]
2020-06-23 18:03:06,529 INFO org.hibernate.Version [main] HHH000412: Hibernate Core {5.4.10.Final}
2020-06-23 18:03:06,675 INFO org.hibernate.annotations.common.reflection.java.JavaReflectionManager [main] HCANN000001: Hibernate Commons Annotations {5.1.0.Final}
2020-06-23 18:03:06,799 INFO com.zaxxer.hikari.HikariDataSource [main] HikariPool-1 - Starting...
2020-06-23 18:03:06,876 INFO com.zaxxer.hikari.HikariDataSource [main] HikariPool-1 - Start completed.
2020-06-23 18:03:06,933 INFO org.hibernate.dialect.Dialect [main] HHH000400: Using dialect: org.hibernate.dialect.MySQL57Dialect
2020-06-23 18:03:08,471 INFO org.hibernate.engine.transaction.jta.platform.internal.JtaPlatformInitiator [main] HHH000490: Using JtaPlatform implementation: [org.hibernate.engine.transaction.jta.platform.internal.NoJtaPlatform]
2020-06-23 18:03:08,736 INFO org.springframework.orm.jpa.AbstractEntityManagerFactoryBean [main] Initialized JPA EntityManagerFactory for persistence unit 'default'
2020-06-23 18:03:09,248 WARN org.hibernate.dialect.function.TemplateRenderer [main] HHH000174: Function template anticipated 4 arguments, but 1 arguments encountered
2020-06-23 18:03:09,855 INFO org.springframework.scheduling.concurrent.ExecutorConfigurationSupport [main] Initializing ExecutorService 'applicationTaskExecutor'
2020-06-23 18:03:10,132 INFO org.apache.juli.logging.DirectJDKLog [main] Starting ProtocolHandler ["http-nio-8008"]
2020-06-23 18:03:10,204 INFO org.springframework.boot.web.embedded.tomcat.TomcatWebServer [main] Tomcat started on port(s): 8008 (http) with context path ''
2020-06-23 18:03:10,253 INFO org.springframework.boot.StartupInfoLogger [main] Started SmbErpApplication in 10.4 seconds (JVM running for 10.823)
