2020-05-07 13:11:56,931 INFO org.springframework.boot.StartupInfoLogger [main] Starting SmbErpApplication on FatemaLaptop with PID 3204 (D:\Projects\SmbErp\target\classes started by FatemaLaptop in D:\Projects\SmbErp)
2020-05-07 13:11:57,008 INFO org.springframework.boot.SpringApplication [main] No active profile set, falling back to default profiles: default
2020-05-07 13:11:57,795 INFO org.springframework.data.repository.config.RepositoryConfigurationDelegate [main] Bootstrapping Spring Data JPA repositories in DEFAULT mode.
2020-05-07 13:11:58,016 INFO org.springframework.data.repository.config.RepositoryConfigurationDelegate [main] Finished Spring Data repository scanning in 166ms. Found 21 JPA repository interfaces.
2020-05-07 13:11:58,814 INFO org.springframework.context.support.PostProcessorRegistrationDelegate$BeanPostProcessorChecker [main] Bean 'org.springframework.transaction.annotation.ProxyTransactionManagementConfiguration' of type [org.springframework.transaction.annotation.ProxyTransactionManagementConfiguration] is not eligible for getting processed by all BeanPostProcessors (for example: not eligible for auto-proxying)
2020-05-07 13:11:58,884 INFO org.springframework.context.support.PostProcessorRegistrationDelegate$BeanPostProcessorChecker [main] Bean 'org.joinfaces.autoconfigure.javaxfaces.JsfBeansAutoConfiguration$Jsf2_3AutoConfiguration' of type [org.joinfaces.autoconfigure.javaxfaces.JsfBeansAutoConfiguration$Jsf2_3AutoConfiguration] is not eligible for getting processed by all BeanPostProcessors (for example: not eligible for auto-proxying)
2020-05-07 13:11:58,920 INFO org.springframework.context.support.PostProcessorRegistrationDelegate$BeanPostProcessorChecker [main] Bean 'org.joinfaces.autoconfigure.javaxfaces.JsfBeansAutoConfiguration' of type [org.joinfaces.autoconfigure.javaxfaces.JsfBeansAutoConfiguration] is not eligible for getting processed by all BeanPostProcessors (for example: not eligible for auto-proxying)
2020-05-07 13:11:59,432 INFO org.springframework.boot.web.embedded.tomcat.TomcatWebServer [main] Tomcat initialized with port(s): 8008 (http)
2020-05-07 13:11:59,495 INFO org.apache.juli.logging.DirectJDKLog [main] Initializing ProtocolHandler ["http-nio-8008"]
2020-05-07 13:11:59,555 INFO org.apache.juli.logging.DirectJDKLog [main] Starting service [Tomcat]
2020-05-07 13:11:59,604 INFO org.apache.juli.logging.DirectJDKLog [main] Starting Servlet engine: [Apache Tomcat/9.0.30]
2020-05-07 13:12:00,362 INFO org.apache.juli.logging.DirectJDKLog [main] At least one JAR was scanned for TLDs yet contained no TLDs. Enable debug logging for this logger for a complete list of JARs that were scanned but no TLDs were found in them. Skipping unneeded JARs during scanning can improve startup time and JSP compilation time.
2020-05-07 13:12:00,447 INFO org.apache.juli.logging.DirectJDKLog [main] Initializing Spring embedded WebApplicationContext
2020-05-07 13:12:00,496 INFO org.springframework.boot.web.servlet.context.ServletWebServerApplicationContext [main] Root WebApplicationContext: initialization completed in 3397 ms
2020-05-07 13:12:02,875 INFO org.joinfaces.autoconfigure.servlet.initializer.ServletContainerInitializerRegistrationBean [main] Resolving classes for com.sun.faces.config.FacesInitializer took 2.151806s
2020-05-07 13:12:03,005 INFO com.sun.faces.config.ConfigureListener [main] Initializing Mojarra |version.string| for context ''
2020-05-07 13:12:03,428 INFO com.sun.faces.spi.InjectionProviderFactory [main] JSF1048: PostConstruct/PreDestroy annotations present.  ManagedBeans methods marked with these annotations will have said annotations processed.
2020-05-07 13:12:04,152 INFO org.primefaces.webapp.PostConstructApplicationEventListener [main] Running on PrimeFaces 7.0
2020-05-07 13:12:04,217 INFO org.primefaces.extensions.application.PostConstructApplicationEventListener [main] Running on PrimeFaces Extensions 7.0.3
2020-05-07 13:12:04,465 INFO org.hibernate.jpa.internal.util.LogHelper [main] HHH000204: Processing PersistenceUnitInfo [name: default]
2020-05-07 13:12:04,645 INFO org.hibernate.Version [main] HHH000412: Hibernate Core {5.4.10.Final}
2020-05-07 13:12:04,851 INFO org.hibernate.annotations.common.reflection.java.JavaReflectionManager [main] HCANN000001: Hibernate Commons Annotations {5.1.0.Final}
2020-05-07 13:12:05,111 INFO com.zaxxer.hikari.HikariDataSource [main] HikariPool-1 - Starting...
2020-05-07 13:12:05,208 INFO com.zaxxer.hikari.HikariDataSource [main] HikariPool-1 - Start completed.
2020-05-07 13:12:05,298 INFO org.hibernate.dialect.Dialect [main] HHH000400: Using dialect: org.hibernate.dialect.MySQL57Dialect
2020-05-07 13:12:07,563 INFO org.hibernate.engine.transaction.jta.platform.internal.JtaPlatformInitiator [main] HHH000490: Using JtaPlatform implementation: [org.hibernate.engine.transaction.jta.platform.internal.NoJtaPlatform]
2020-05-07 13:12:07,756 INFO org.springframework.orm.jpa.AbstractEntityManagerFactoryBean [main] Initialized JPA EntityManagerFactory for persistence unit 'default'
2020-05-07 13:12:08,433 WARN org.hibernate.dialect.function.TemplateRenderer [main] HHH000174: Function template anticipated 4 arguments, but 1 arguments encountered
2020-05-07 13:12:09,436 INFO org.springframework.scheduling.concurrent.ExecutorConfigurationSupport [main] Initializing ExecutorService 'applicationTaskExecutor'
2020-05-07 13:12:09,748 INFO org.apache.juli.logging.DirectJDKLog [main] Starting ProtocolHandler ["http-nio-8008"]
2020-05-07 13:12:09,806 INFO org.springframework.boot.web.embedded.tomcat.TomcatWebServer [main] Tomcat started on port(s): 8008 (http) with context path ''
2020-05-07 13:12:09,849 INFO org.springframework.boot.StartupInfoLogger [main] Started SmbErpApplication in 14.747 seconds (JVM running for 15.399)
2020-05-07 13:12:58,822 INFO org.apache.juli.logging.DirectJDKLog [http-nio-8008-exec-3] Initializing Spring DispatcherServlet 'dispatcherServlet'
2020-05-07 13:12:58,856 INFO org.springframework.web.servlet.FrameworkServlet [http-nio-8008-exec-3] Initializing Servlet 'dispatcherServlet'
2020-05-07 13:12:58,900 INFO org.springframework.web.servlet.FrameworkServlet [http-nio-8008-exec-3] Completed initialization in 10 ms
2020-05-07 13:13:04,432 WARN com.sun.faces.lifecycle.InvokeApplicationPhase [http-nio-8008-exec-10] Method not found: com.smb.erp.controller.BusinessPartnerController@61f009b2.edit_in_tab()
javax.el.MethodNotFoundException: Method not found: com.smb.erp.controller.BusinessPartnerController@61f009b2.edit_in_tab()
	at org.apache.el.util.ReflectionUtil.getMethod(ReflectionUtil.java:291)
	at org.apache.el.parser.AstValue.invoke(AstValue.java:240)
	at org.apache.el.MethodExpressionImpl.invoke(MethodExpressionImpl.java:267)
	at javax.faces.event.MethodExpressionActionListener.processAction(MethodExpressionActionListener.java:126)
	at javax.faces.event.ActionEvent.processListener(ActionEvent.java:72)
	at javax.faces.component.UIComponentBase.broadcast(UIComponentBase.java:490)
	at javax.faces.component.UICommand.broadcast(UICommand.java:211)
	at javax.faces.component.UIData.broadcast(UIData.java:1127)
	at javax.faces.component.UIViewRoot.broadcastEvents(UIViewRoot.java:847)
	at javax.faces.component.UIViewRoot.processApplication(UIViewRoot.java:1396)
	at com.sun.faces.lifecycle.InvokeApplicationPhase.execute(InvokeApplicationPhase.java:58)
	at com.sun.faces.lifecycle.Phase.doPhase(Phase.java:76)
	at com.sun.faces.lifecycle.LifecycleImpl.execute(LifecycleImpl.java:177)
	at javax.faces.webapp.FacesServlet.executeLifecyle(FacesServlet.java:707)
	at javax.faces.webapp.FacesServlet.service(FacesServlet.java:451)
	at org.apache.catalina.core.ApplicationFilterChain.internalDoFilter(ApplicationFilterChain.java:231)
	at org.apache.catalina.core.ApplicationFilterChain.doFilter(ApplicationFilterChain.java:166)
	at org.apache.tomcat.websocket.server.WsFilter.doFilter(WsFilter.java:53)
	at org.apache.catalina.core.ApplicationFilterChain.internalDoFilter(ApplicationFilterChain.java:193)
	at org.apache.catalina.core.ApplicationFilterChain.doFilter(ApplicationFilterChain.java:166)
	at org.springframework.orm.jpa.support.OpenEntityManagerInViewFilter.doFilterInternal(OpenEntityManagerInViewFilter.java:186)
	at org.springframework.web.filter.OncePerRequestFilter.doFilter(OncePerRequestFilter.java:119)
	at org.apache.catalina.core.ApplicationFilterChain.internalDoFilter(ApplicationFilterChain.java:193)
	at org.apache.catalina.core.ApplicationFilterChain.doFilter(ApplicationFilterChain.java:166)
	at org.springframework.web.filter.RequestContextFilter.doFilterInternal(RequestContextFilter.java:100)
	at org.springframework.web.filter.OncePerRequestFilter.doFilter(OncePerRequestFilter.java:119)
	at org.apache.catalina.core.ApplicationFilterChain.internalDoFilter(ApplicationFilterChain.java:193)
	at org.apache.catalina.core.ApplicationFilterChain.doFilter(ApplicationFilterChain.java:166)
	at org.springframework.web.filter.FormContentFilter.doFilterInternal(FormContentFilter.java:93)
	at org.springframework.web.filter.OncePerRequestFilter.doFilter(OncePerRequestFilter.java:119)
	at org.apache.catalina.core.ApplicationFilterChain.internalDoFilter(ApplicationFilterChain.java:193)
	at org.apache.catalina.core.ApplicationFilterChain.doFilter(ApplicationFilterChain.java:166)
	at org.springframework.web.filter.CharacterEncodingFilter.doFilterInternal(CharacterEncodingFilter.java:201)
	at org.springframework.web.filter.OncePerRequestFilter.doFilter(OncePerRequestFilter.java:119)
	at org.apache.catalina.core.ApplicationFilterChain.internalDoFilter(ApplicationFilterChain.java:193)
	at org.apache.catalina.core.ApplicationFilterChain.doFilter(ApplicationFilterChain.java:166)
	at org.apache.catalina.core.StandardWrapperValve.invoke(StandardWrapperValve.java:202)
	at org.apache.catalina.core.StandardContextValve.invoke(StandardContextValve.java:96)
	at org.apache.catalina.authenticator.AuthenticatorBase.invoke(AuthenticatorBase.java:541)
	at org.apache.catalina.core.StandardHostValve.invoke(StandardHostValve.java:139)
	at org.apache.catalina.valves.ErrorReportValve.invoke(ErrorReportValve.java:92)
	at org.apache.catalina.core.StandardEngineValve.invoke(StandardEngineValve.java:74)
	at org.apache.catalina.connector.CoyoteAdapter.service(CoyoteAdapter.java:343)
	at org.apache.coyote.http11.Http11Processor.service(Http11Processor.java:367)
	at org.apache.coyote.AbstractProcessorLight.process(AbstractProcessorLight.java:65)
	at org.apache.coyote.AbstractProtocol$ConnectionHandler.process(AbstractProtocol.java:860)
	at org.apache.tomcat.util.net.NioEndpoint$SocketProcessor.doRun(NioEndpoint.java:1598)
	at org.apache.tomcat.util.net.SocketProcessorBase.run(SocketProcessorBase.java:49)
	at java.util.concurrent.ThreadPoolExecutor.runWorker(ThreadPoolExecutor.java:1149)
	at java.util.concurrent.ThreadPoolExecutor$Worker.run(ThreadPoolExecutor.java:624)
	at org.apache.tomcat.util.threads.TaskThread$WrappingRunnable.run(TaskThread.java:61)
	at java.lang.Thread.run(Thread.java:748)
2020-05-07 13:13:04,497 ERROR com.sun.faces.context.ExceptionHandlerImpl [http-nio-8008-exec-10] JSF1073: javax.faces.FacesException caught during processing of INVOKE_APPLICATION 5 : UIComponent-ClientId=, Message=Method not found: com.smb.erp.controller.BusinessPartnerController@61f009b2.edit_in_tab()
2020-05-07 13:13:04,532 ERROR com.sun.faces.context.ExceptionHandlerImpl [http-nio-8008-exec-10] Method not found: com.smb.erp.controller.BusinessPartnerController@61f009b2.edit_in_tab()
javax.faces.FacesException: Method not found: com.smb.erp.controller.BusinessPartnerController@61f009b2.edit_in_tab()
	at com.sun.faces.lifecycle.InvokeApplicationPhase.execute(InvokeApplicationPhase.java:66)
	at com.sun.faces.lifecycle.Phase.doPhase(Phase.java:76)
	at com.sun.faces.lifecycle.LifecycleImpl.execute(LifecycleImpl.java:177)
	at javax.faces.webapp.FacesServlet.executeLifecyle(FacesServlet.java:707)
	at javax.faces.webapp.FacesServlet.service(FacesServlet.java:451)
	at org.apache.catalina.core.ApplicationFilterChain.internalDoFilter(ApplicationFilterChain.java:231)
	at org.apache.catalina.core.ApplicationFilterChain.doFilter(ApplicationFilterChain.java:166)
	at org.apache.tomcat.websocket.server.WsFilter.doFilter(WsFilter.java:53)
	at org.apache.catalina.core.ApplicationFilterChain.internalDoFilter(ApplicationFilterChain.java:193)
	at org.apache.catalina.core.ApplicationFilterChain.doFilter(ApplicationFilterChain.java:166)
	at org.springframework.orm.jpa.support.OpenEntityManagerInViewFilter.doFilterInternal(OpenEntityManagerInViewFilter.java:186)
	at org.springframework.web.filter.OncePerRequestFilter.doFilter(OncePerRequestFilter.java:119)
	at org.apache.catalina.core.ApplicationFilterChain.internalDoFilter(ApplicationFilterChain.java:193)
	at org.apache.catalina.core.ApplicationFilterChain.doFilter(ApplicationFilterChain.java:166)
	at org.springframework.web.filter.RequestContextFilter.doFilterInternal(RequestContextFilter.java:100)
	at org.springframework.web.filter.OncePerRequestFilter.doFilter(OncePerRequestFilter.java:119)
	at org.apache.catalina.core.ApplicationFilterChain.internalDoFilter(ApplicationFilterChain.java:193)
	at org.apache.catalina.core.ApplicationFilterChain.doFilter(ApplicationFilterChain.java:166)
	at org.springframework.web.filter.FormContentFilter.doFilterInternal(FormContentFilter.java:93)
	at org.springframework.web.filter.OncePerRequestFilter.doFilter(OncePerRequestFilter.java:119)
	at org.apache.catalina.core.ApplicationFilterChain.internalDoFilter(ApplicationFilterChain.java:193)
	at org.apache.catalina.core.ApplicationFilterChain.doFilter(ApplicationFilterChain.java:166)
	at org.springframework.web.filter.CharacterEncodingFilter.doFilterInternal(CharacterEncodingFilter.java:201)
	at org.springframework.web.filter.OncePerRequestFilter.doFilter(OncePerRequestFilter.java:119)
	at org.apache.catalina.core.ApplicationFilterChain.internalDoFilter(ApplicationFilterChain.java:193)
	at org.apache.catalina.core.ApplicationFilterChain.doFilter(ApplicationFilterChain.java:166)
	at org.apache.catalina.core.StandardWrapperValve.invoke(StandardWrapperValve.java:202)
	at org.apache.catalina.core.StandardContextValve.invoke(StandardContextValve.java:96)
	at org.apache.catalina.authenticator.AuthenticatorBase.invoke(AuthenticatorBase.java:541)
	at org.apache.catalina.core.StandardHostValve.invoke(StandardHostValve.java:139)
	at org.apache.catalina.valves.ErrorReportValve.invoke(ErrorReportValve.java:92)
	at org.apache.catalina.core.StandardEngineValve.invoke(StandardEngineValve.java:74)
	at org.apache.catalina.connector.CoyoteAdapter.service(CoyoteAdapter.java:343)
	at org.apache.coyote.http11.Http11Processor.service(Http11Processor.java:367)
	at org.apache.coyote.AbstractProcessorLight.process(AbstractProcessorLight.java:65)
	at org.apache.coyote.AbstractProtocol$ConnectionHandler.process(AbstractProtocol.java:860)
	at org.apache.tomcat.util.net.NioEndpoint$SocketProcessor.doRun(NioEndpoint.java:1598)
	at org.apache.tomcat.util.net.SocketProcessorBase.run(SocketProcessorBase.java:49)
	at java.util.concurrent.ThreadPoolExecutor.runWorker(ThreadPoolExecutor.java:1149)
	at java.util.concurrent.ThreadPoolExecutor$Worker.run(ThreadPoolExecutor.java:624)
	at org.apache.tomcat.util.threads.TaskThread$WrappingRunnable.run(TaskThread.java:61)
	at java.lang.Thread.run(Thread.java:748)
Caused by: javax.el.MethodNotFoundException: Method not found: com.smb.erp.controller.BusinessPartnerController@61f009b2.edit_in_tab()
	at org.apache.el.util.ReflectionUtil.getMethod(ReflectionUtil.java:291)
	at org.apache.el.parser.AstValue.invoke(AstValue.java:240)
	at org.apache.el.MethodExpressionImpl.invoke(MethodExpressionImpl.java:267)
	at javax.faces.event.MethodExpressionActionListener.processAction(MethodExpressionActionListener.java:126)
	at javax.faces.event.ActionEvent.processListener(ActionEvent.java:72)
	at javax.faces.component.UIComponentBase.broadcast(UIComponentBase.java:490)
	at javax.faces.component.UICommand.broadcast(UICommand.java:211)
	at javax.faces.component.UIData.broadcast(UIData.java:1127)
	at javax.faces.component.UIViewRoot.broadcastEvents(UIViewRoot.java:847)
	at javax.faces.component.UIViewRoot.processApplication(UIViewRoot.java:1396)
	at com.sun.faces.lifecycle.InvokeApplicationPhase.execute(InvokeApplicationPhase.java:58)
	... 41 common frames omitted
2020-05-07 13:13:25,567 WARN com.sun.faces.lifecycle.InvokeApplicationPhase [http-nio-8008-exec-1] Method not found: com.smb.erp.controller.BusinessPartnerController@61f009b2.edit_in_tab()
javax.el.MethodNotFoundException: Method not found: com.smb.erp.controller.BusinessPartnerController@61f009b2.edit_in_tab()
	at org.apache.el.util.ReflectionUtil.getMethod(ReflectionUtil.java:291)
	at org.apache.el.parser.AstValue.invoke(AstValue.java:240)
	at org.apache.el.MethodExpressionImpl.invoke(MethodExpressionImpl.java:267)
	at javax.faces.event.MethodExpressionActionListener.processAction(MethodExpressionActionListener.java:126)
	at javax.faces.event.ActionEvent.processListener(ActionEvent.java:72)
	at javax.faces.component.UIComponentBase.broadcast(UIComponentBase.java:490)
	at javax.faces.component.UICommand.broadcast(UICommand.java:211)
	at javax.faces.component.UIData.broadcast(UIData.java:1127)
	at javax.faces.component.UIViewRoot.broadcastEvents(UIViewRoot.java:847)
	at javax.faces.component.UIViewRoot.processApplication(UIViewRoot.java:1396)
	at com.sun.faces.lifecycle.InvokeApplicationPhase.execute(InvokeApplicationPhase.java:58)
	at com.sun.faces.lifecycle.Phase.doPhase(Phase.java:76)
	at com.sun.faces.lifecycle.LifecycleImpl.execute(LifecycleImpl.java:177)
	at javax.faces.webapp.FacesServlet.executeLifecyle(FacesServlet.java:707)
	at javax.faces.webapp.FacesServlet.service(FacesServlet.java:451)
	at org.apache.catalina.core.ApplicationFilterChain.internalDoFilter(ApplicationFilterChain.java:231)
	at org.apache.catalina.core.ApplicationFilterChain.doFilter(ApplicationFilterChain.java:166)
	at org.apache.tomcat.websocket.server.WsFilter.doFilter(WsFilter.java:53)
	at org.apache.catalina.core.ApplicationFilterChain.internalDoFilter(ApplicationFilterChain.java:193)
	at org.apache.catalina.core.ApplicationFilterChain.doFilter(ApplicationFilterChain.java:166)
	at org.springframework.orm.jpa.support.OpenEntityManagerInViewFilter.doFilterInternal(OpenEntityManagerInViewFilter.java:186)
	at org.springframework.web.filter.OncePerRequestFilter.doFilter(OncePerRequestFilter.java:119)
	at org.apache.catalina.core.ApplicationFilterChain.internalDoFilter(ApplicationFilterChain.java:193)
	at org.apache.catalina.core.ApplicationFilterChain.doFilter(ApplicationFilterChain.java:166)
	at org.springframework.web.filter.RequestContextFilter.doFilterInternal(RequestContextFilter.java:100)
	at org.springframework.web.filter.OncePerRequestFilter.doFilter(OncePerRequestFilter.java:119)
	at org.apache.catalina.core.ApplicationFilterChain.internalDoFilter(ApplicationFilterChain.java:193)
	at org.apache.catalina.core.ApplicationFilterChain.doFilter(ApplicationFilterChain.java:166)
	at org.springframework.web.filter.FormContentFilter.doFilterInternal(FormContentFilter.java:93)
	at org.springframework.web.filter.OncePerRequestFilter.doFilter(OncePerRequestFilter.java:119)
	at org.apache.catalina.core.ApplicationFilterChain.internalDoFilter(ApplicationFilterChain.java:193)
	at org.apache.catalina.core.ApplicationFilterChain.doFilter(ApplicationFilterChain.java:166)
	at org.springframework.web.filter.CharacterEncodingFilter.doFilterInternal(CharacterEncodingFilter.java:201)
	at org.springframework.web.filter.OncePerRequestFilter.doFilter(OncePerRequestFilter.java:119)
	at org.apache.catalina.core.ApplicationFilterChain.internalDoFilter(ApplicationFilterChain.java:193)
	at org.apache.catalina.core.ApplicationFilterChain.doFilter(ApplicationFilterChain.java:166)
	at org.apache.catalina.core.StandardWrapperValve.invoke(StandardWrapperValve.java:202)
	at org.apache.catalina.core.StandardContextValve.invoke(StandardContextValve.java:96)
	at org.apache.catalina.authenticator.AuthenticatorBase.invoke(AuthenticatorBase.java:541)
	at org.apache.catalina.core.StandardHostValve.invoke(StandardHostValve.java:139)
	at org.apache.catalina.valves.ErrorReportValve.invoke(ErrorReportValve.java:92)
	at org.apache.catalina.core.StandardEngineValve.invoke(StandardEngineValve.java:74)
	at org.apache.catalina.connector.CoyoteAdapter.service(CoyoteAdapter.java:343)
	at org.apache.coyote.http11.Http11Processor.service(Http11Processor.java:367)
	at org.apache.coyote.AbstractProcessorLight.process(AbstractProcessorLight.java:65)
	at org.apache.coyote.AbstractProtocol$ConnectionHandler.process(AbstractProtocol.java:860)
	at org.apache.tomcat.util.net.NioEndpoint$SocketProcessor.doRun(NioEndpoint.java:1598)
	at org.apache.tomcat.util.net.SocketProcessorBase.run(SocketProcessorBase.java:49)
	at java.util.concurrent.ThreadPoolExecutor.runWorker(ThreadPoolExecutor.java:1149)
	at java.util.concurrent.ThreadPoolExecutor$Worker.run(ThreadPoolExecutor.java:624)
	at org.apache.tomcat.util.threads.TaskThread$WrappingRunnable.run(TaskThread.java:61)
	at java.lang.Thread.run(Thread.java:748)
2020-05-07 13:13:25,620 ERROR com.sun.faces.context.ExceptionHandlerImpl [http-nio-8008-exec-1] JSF1073: javax.faces.FacesException caught during processing of INVOKE_APPLICATION 5 : UIComponent-ClientId=, Message=Method not found: com.smb.erp.controller.BusinessPartnerController@61f009b2.edit_in_tab()
2020-05-07 13:13:25,653 ERROR com.sun.faces.context.ExceptionHandlerImpl [http-nio-8008-exec-1] Method not found: com.smb.erp.controller.BusinessPartnerController@61f009b2.edit_in_tab()
javax.faces.FacesException: Method not found: com.smb.erp.controller.BusinessPartnerController@61f009b2.edit_in_tab()
	at com.sun.faces.lifecycle.InvokeApplicationPhase.execute(InvokeApplicationPhase.java:66)
	at com.sun.faces.lifecycle.Phase.doPhase(Phase.java:76)
	at com.sun.faces.lifecycle.LifecycleImpl.execute(LifecycleImpl.java:177)
	at javax.faces.webapp.FacesServlet.executeLifecyle(FacesServlet.java:707)
	at javax.faces.webapp.FacesServlet.service(FacesServlet.java:451)
	at org.apache.catalina.core.ApplicationFilterChain.internalDoFilter(ApplicationFilterChain.java:231)
	at org.apache.catalina.core.ApplicationFilterChain.doFilter(ApplicationFilterChain.java:166)
	at org.apache.tomcat.websocket.server.WsFilter.doFilter(WsFilter.java:53)
	at org.apache.catalina.core.ApplicationFilterChain.internalDoFilter(ApplicationFilterChain.java:193)
	at org.apache.catalina.core.ApplicationFilterChain.doFilter(ApplicationFilterChain.java:166)
	at org.springframework.orm.jpa.support.OpenEntityManagerInViewFilter.doFilterInternal(OpenEntityManagerInViewFilter.java:186)
	at org.springframework.web.filter.OncePerRequestFilter.doFilter(OncePerRequestFilter.java:119)
	at org.apache.catalina.core.ApplicationFilterChain.internalDoFilter(ApplicationFilterChain.java:193)
	at org.apache.catalina.core.ApplicationFilterChain.doFilter(ApplicationFilterChain.java:166)
	at org.springframework.web.filter.RequestContextFilter.doFilterInternal(RequestContextFilter.java:100)
	at org.springframework.web.filter.OncePerRequestFilter.doFilter(OncePerRequestFilter.java:119)
	at org.apache.catalina.core.ApplicationFilterChain.internalDoFilter(ApplicationFilterChain.java:193)
	at org.apache.catalina.core.ApplicationFilterChain.doFilter(ApplicationFilterChain.java:166)
	at org.springframework.web.filter.FormContentFilter.doFilterInternal(FormContentFilter.java:93)
	at org.springframework.web.filter.OncePerRequestFilter.doFilter(OncePerRequestFilter.java:119)
	at org.apache.catalina.core.ApplicationFilterChain.internalDoFilter(ApplicationFilterChain.java:193)
	at org.apache.catalina.core.ApplicationFilterChain.doFilter(ApplicationFilterChain.java:166)
	at org.springframework.web.filter.CharacterEncodingFilter.doFilterInternal(CharacterEncodingFilter.java:201)
	at org.springframework.web.filter.OncePerRequestFilter.doFilter(OncePerRequestFilter.java:119)
	at org.apache.catalina.core.ApplicationFilterChain.internalDoFilter(ApplicationFilterChain.java:193)
	at org.apache.catalina.core.ApplicationFilterChain.doFilter(ApplicationFilterChain.java:166)
	at org.apache.catalina.core.StandardWrapperValve.invoke(StandardWrapperValve.java:202)
	at org.apache.catalina.core.StandardContextValve.invoke(StandardContextValve.java:96)
	at org.apache.catalina.authenticator.AuthenticatorBase.invoke(AuthenticatorBase.java:541)
	at org.apache.catalina.core.StandardHostValve.invoke(StandardHostValve.java:139)
	at org.apache.catalina.valves.ErrorReportValve.invoke(ErrorReportValve.java:92)
	at org.apache.catalina.core.StandardEngineValve.invoke(StandardEngineValve.java:74)
	at org.apache.catalina.connector.CoyoteAdapter.service(CoyoteAdapter.java:343)
	at org.apache.coyote.http11.Http11Processor.service(Http11Processor.java:367)
	at org.apache.coyote.AbstractProcessorLight.process(AbstractProcessorLight.java:65)
	at org.apache.coyote.AbstractProtocol$ConnectionHandler.process(AbstractProtocol.java:860)
	at org.apache.tomcat.util.net.NioEndpoint$SocketProcessor.doRun(NioEndpoint.java:1598)
	at org.apache.tomcat.util.net.SocketProcessorBase.run(SocketProcessorBase.java:49)
	at java.util.concurrent.ThreadPoolExecutor.runWorker(ThreadPoolExecutor.java:1149)
	at java.util.concurrent.ThreadPoolExecutor$Worker.run(ThreadPoolExecutor.java:624)
	at org.apache.tomcat.util.threads.TaskThread$WrappingRunnable.run(TaskThread.java:61)
	at java.lang.Thread.run(Thread.java:748)
Caused by: javax.el.MethodNotFoundException: Method not found: com.smb.erp.controller.BusinessPartnerController@61f009b2.edit_in_tab()
	at org.apache.el.util.ReflectionUtil.getMethod(ReflectionUtil.java:291)
	at org.apache.el.parser.AstValue.invoke(AstValue.java:240)
	at org.apache.el.MethodExpressionImpl.invoke(MethodExpressionImpl.java:267)
	at javax.faces.event.MethodExpressionActionListener.processAction(MethodExpressionActionListener.java:126)
	at javax.faces.event.ActionEvent.processListener(ActionEvent.java:72)
	at javax.faces.component.UIComponentBase.broadcast(UIComponentBase.java:490)
	at javax.faces.component.UICommand.broadcast(UICommand.java:211)
	at javax.faces.component.UIData.broadcast(UIData.java:1127)
	at javax.faces.component.UIViewRoot.broadcastEvents(UIViewRoot.java:847)
	at javax.faces.component.UIViewRoot.processApplication(UIViewRoot.java:1396)
	at com.sun.faces.lifecycle.InvokeApplicationPhase.execute(InvokeApplicationPhase.java:58)
	... 41 common frames omitted
2020-05-07 13:17:47,357 ERROR com.sun.faces.application.view.FaceletViewHandlingStrategy [http-nio-8008-exec-4] Error Rendering View[/busdoc/editbusdocinfo.xhtml]
org.primefaces.expression.ComponentNotFoundException: Cannot find component for expression "pref" referenced from "mainform:j_idt86".
	at org.primefaces.expression.SearchExpressionFacade.cannotFindComponent(SearchExpressionFacade.java:720)
	at org.primefaces.expression.SearchExpressionFacade.resolveComponent(SearchExpressionFacade.java:476)
	at org.primefaces.expression.SearchExpressionFacade.resolveComponent(SearchExpressionFacade.java:421)
	at org.primefaces.component.outputlabel.OutputLabelRenderer.encodeEnd(OutputLabelRenderer.java:131)
	at javax.faces.component.UIComponentBase.encodeEnd(UIComponentBase.java:595)
	at javax.faces.component.UIComponent.encodeAll(UIComponent.java:1654)
	at org.primefaces.component.panelgrid.PanelGridRenderer.encodeGridBody(PanelGridRenderer.java:274)
	at org.primefaces.component.panelgrid.PanelGridRenderer.encodeGridLayout(PanelGridRenderer.java:100)
	at org.primefaces.component.panelgrid.PanelGridRenderer.encodeEnd(PanelGridRenderer.java:50)
	at javax.faces.component.UIComponentBase.encodeEnd(UIComponentBase.java:595)
	at org.primefaces.renderkit.CoreRenderer.renderChild(CoreRenderer.java:87)
	at org.primefaces.renderkit.CoreRenderer.renderChildren(CoreRenderer.java:69)
	at org.primefaces.component.fieldset.FieldsetRenderer.encodeContent(FieldsetRenderer.java:110)
	at org.primefaces.component.fieldset.FieldsetRenderer.encodeMarkup(FieldsetRenderer.java:92)
	at org.primefaces.component.fieldset.FieldsetRenderer.encodeEnd(FieldsetRenderer.java:57)
	at javax.faces.component.UIComponentBase.encodeEnd(UIComponentBase.java:595)
	at javax.faces.component.UIComponent.encodeAll(UIComponent.java:1654)
	at javax.faces.render.Renderer.encodeChildren(Renderer.java:152)
	at javax.faces.component.UIComponentBase.encodeChildren(UIComponentBase.java:566)
	at javax.faces.component.UIComponent.encodeAll(UIComponent.java:1647)
	at javax.faces.component.UIComponent.encodeAll(UIComponent.java:1650)
	at javax.faces.component.UIComponent.encodeAll(UIComponent.java:1650)
	at com.sun.faces.application.view.FaceletViewHandlingStrategy.renderView(FaceletViewHandlingStrategy.java:468)
	at com.sun.faces.application.view.MultiViewHandler.renderView(MultiViewHandler.java:170)
	at com.sun.faces.lifecycle.RenderResponsePhase.execute(RenderResponsePhase.java:102)
	at com.sun.faces.lifecycle.Phase.doPhase(Phase.java:76)
	at com.sun.faces.lifecycle.LifecycleImpl.render(LifecycleImpl.java:199)
	at javax.faces.webapp.FacesServlet.executeLifecyle(FacesServlet.java:708)
	at javax.faces.webapp.FacesServlet.service(FacesServlet.java:451)
	at org.apache.catalina.core.ApplicationFilterChain.internalDoFilter(ApplicationFilterChain.java:231)
	at org.apache.catalina.core.ApplicationFilterChain.doFilter(ApplicationFilterChain.java:166)
	at org.apache.tomcat.websocket.server.WsFilter.doFilter(WsFilter.java:53)
	at org.apache.catalina.core.ApplicationFilterChain.internalDoFilter(ApplicationFilterChain.java:193)
	at org.apache.catalina.core.ApplicationFilterChain.doFilter(ApplicationFilterChain.java:166)
	at org.springframework.orm.jpa.support.OpenEntityManagerInViewFilter.doFilterInternal(OpenEntityManagerInViewFilter.java:186)
	at org.springframework.web.filter.OncePerRequestFilter.doFilter(OncePerRequestFilter.java:119)
	at org.apache.catalina.core.ApplicationFilterChain.internalDoFilter(ApplicationFilterChain.java:193)
	at org.apache.catalina.core.ApplicationFilterChain.doFilter(ApplicationFilterChain.java:166)
	at org.springframework.web.filter.RequestContextFilter.doFilterInternal(RequestContextFilter.java:100)
	at org.springframework.web.filter.OncePerRequestFilter.doFilter(OncePerRequestFilter.java:119)
	at org.apache.catalina.core.ApplicationFilterChain.internalDoFilter(ApplicationFilterChain.java:193)
	at org.apache.catalina.core.ApplicationFilterChain.doFilter(ApplicationFilterChain.java:166)
	at org.springframework.web.filter.FormContentFilter.doFilterInternal(FormContentFilter.java:93)
	at org.springframework.web.filter.OncePerRequestFilter.doFilter(OncePerRequestFilter.java:119)
	at org.apache.catalina.core.ApplicationFilterChain.internalDoFilter(ApplicationFilterChain.java:193)
	at org.apache.catalina.core.ApplicationFilterChain.doFilter(ApplicationFilterChain.java:166)
	at org.springframework.web.filter.CharacterEncodingFilter.doFilterInternal(CharacterEncodingFilter.java:201)
	at org.springframework.web.filter.OncePerRequestFilter.doFilter(OncePerRequestFilter.java:119)
	at org.apache.catalina.core.ApplicationFilterChain.internalDoFilter(ApplicationFilterChain.java:193)
	at org.apache.catalina.core.ApplicationFilterChain.doFilter(ApplicationFilterChain.java:166)
	at org.apache.catalina.core.StandardWrapperValve.invoke(StandardWrapperValve.java:202)
	at org.apache.catalina.core.StandardContextValve.invoke(StandardContextValve.java:96)
	at org.apache.catalina.authenticator.AuthenticatorBase.invoke(AuthenticatorBase.java:541)
	at org.apache.catalina.core.StandardHostValve.invoke(StandardHostValve.java:139)
	at org.apache.catalina.valves.ErrorReportValve.invoke(ErrorReportValve.java:92)
	at org.apache.catalina.core.StandardEngineValve.invoke(StandardEngineValve.java:74)
	at org.apache.catalina.connector.CoyoteAdapter.service(CoyoteAdapter.java:343)
	at org.apache.coyote.http11.Http11Processor.service(Http11Processor.java:367)
	at org.apache.coyote.AbstractProcessorLight.process(AbstractProcessorLight.java:65)
	at org.apache.coyote.AbstractProtocol$ConnectionHandler.process(AbstractProtocol.java:860)
	at org.apache.tomcat.util.net.NioEndpoint$SocketProcessor.doRun(NioEndpoint.java:1598)
	at org.apache.tomcat.util.net.SocketProcessorBase.run(SocketProcessorBase.java:49)
	at java.util.concurrent.ThreadPoolExecutor.runWorker(ThreadPoolExecutor.java:1149)
	at java.util.concurrent.ThreadPoolExecutor$Worker.run(ThreadPoolExecutor.java:624)
	at org.apache.tomcat.util.threads.TaskThread$WrappingRunnable.run(TaskThread.java:61)
	at java.lang.Thread.run(Thread.java:748)
2020-05-07 13:17:47,415 ERROR com.sun.faces.context.ExceptionHandlerImpl [http-nio-8008-exec-4] JSF1073: org.primefaces.expression.ComponentNotFoundException caught during processing of RENDER_RESPONSE 6 : UIComponent-ClientId=, Message=Cannot find component for expression "pref" referenced from "mainform:j_idt86".
2020-05-07 13:17:47,447 ERROR com.sun.faces.context.ExceptionHandlerImpl [http-nio-8008-exec-4] Cannot find component for expression "pref" referenced from "mainform:j_idt86".
org.primefaces.expression.ComponentNotFoundException: Cannot find component for expression "pref" referenced from "mainform:j_idt86".
	at org.primefaces.expression.SearchExpressionFacade.cannotFindComponent(SearchExpressionFacade.java:720)
	at org.primefaces.expression.SearchExpressionFacade.resolveComponent(SearchExpressionFacade.java:476)
	at org.primefaces.expression.SearchExpressionFacade.resolveComponent(SearchExpressionFacade.java:421)
	at org.primefaces.component.outputlabel.OutputLabelRenderer.encodeEnd(OutputLabelRenderer.java:131)
	at javax.faces.component.UIComponentBase.encodeEnd(UIComponentBase.java:595)
	at javax.faces.component.UIComponent.encodeAll(UIComponent.java:1654)
	at org.primefaces.component.panelgrid.PanelGridRenderer.encodeGridBody(PanelGridRenderer.java:274)
	at org.primefaces.component.panelgrid.PanelGridRenderer.encodeGridLayout(PanelGridRenderer.java:100)
	at org.primefaces.component.panelgrid.PanelGridRenderer.encodeEnd(PanelGridRenderer.java:50)
	at javax.faces.component.UIComponentBase.encodeEnd(UIComponentBase.java:595)
	at org.primefaces.renderkit.CoreRenderer.renderChild(CoreRenderer.java:87)
	at org.primefaces.renderkit.CoreRenderer.renderChildren(CoreRenderer.java:69)
	at org.primefaces.component.fieldset.FieldsetRenderer.encodeContent(FieldsetRenderer.java:110)
	at org.primefaces.component.fieldset.FieldsetRenderer.encodeMarkup(FieldsetRenderer.java:92)
	at org.primefaces.component.fieldset.FieldsetRenderer.encodeEnd(FieldsetRenderer.java:57)
	at javax.faces.component.UIComponentBase.encodeEnd(UIComponentBase.java:595)
	at javax.faces.component.UIComponent.encodeAll(UIComponent.java:1654)
	at javax.faces.render.Renderer.encodeChildren(Renderer.java:152)
	at javax.faces.component.UIComponentBase.encodeChildren(UIComponentBase.java:566)
	at javax.faces.component.UIComponent.encodeAll(UIComponent.java:1647)
	at javax.faces.component.UIComponent.encodeAll(UIComponent.java:1650)
	at javax.faces.component.UIComponent.encodeAll(UIComponent.java:1650)
	at com.sun.faces.application.view.FaceletViewHandlingStrategy.renderView(FaceletViewHandlingStrategy.java:468)
	at com.sun.faces.application.view.MultiViewHandler.renderView(MultiViewHandler.java:170)
	at com.sun.faces.lifecycle.RenderResponsePhase.execute(RenderResponsePhase.java:102)
	at com.sun.faces.lifecycle.Phase.doPhase(Phase.java:76)
	at com.sun.faces.lifecycle.LifecycleImpl.render(LifecycleImpl.java:199)
	at javax.faces.webapp.FacesServlet.executeLifecyle(FacesServlet.java:708)
	at javax.faces.webapp.FacesServlet.service(FacesServlet.java:451)
	at org.apache.catalina.core.ApplicationFilterChain.internalDoFilter(ApplicationFilterChain.java:231)
	at org.apache.catalina.core.ApplicationFilterChain.doFilter(ApplicationFilterChain.java:166)
	at org.apache.tomcat.websocket.server.WsFilter.doFilter(WsFilter.java:53)
	at org.apache.catalina.core.ApplicationFilterChain.internalDoFilter(ApplicationFilterChain.java:193)
	at org.apache.catalina.core.ApplicationFilterChain.doFilter(ApplicationFilterChain.java:166)
	at org.springframework.orm.jpa.support.OpenEntityManagerInViewFilter.doFilterInternal(OpenEntityManagerInViewFilter.java:186)
	at org.springframework.web.filter.OncePerRequestFilter.doFilter(OncePerRequestFilter.java:119)
	at org.apache.catalina.core.ApplicationFilterChain.internalDoFilter(ApplicationFilterChain.java:193)
	at org.apache.catalina.core.ApplicationFilterChain.doFilter(ApplicationFilterChain.java:166)
	at org.springframework.web.filter.RequestContextFilter.doFilterInternal(RequestContextFilter.java:100)
	at org.springframework.web.filter.OncePerRequestFilter.doFilter(OncePerRequestFilter.java:119)
	at org.apache.catalina.core.ApplicationFilterChain.internalDoFilter(ApplicationFilterChain.java:193)
	at org.apache.catalina.core.ApplicationFilterChain.doFilter(ApplicationFilterChain.java:166)
	at org.springframework.web.filter.FormContentFilter.doFilterInternal(FormContentFilter.java:93)
	at org.springframework.web.filter.OncePerRequestFilter.doFilter(OncePerRequestFilter.java:119)
	at org.apache.catalina.core.ApplicationFilterChain.internalDoFilter(ApplicationFilterChain.java:193)
	at org.apache.catalina.core.ApplicationFilterChain.doFilter(ApplicationFilterChain.java:166)
	at org.springframework.web.filter.CharacterEncodingFilter.doFilterInternal(CharacterEncodingFilter.java:201)
	at org.springframework.web.filter.OncePerRequestFilter.doFilter(OncePerRequestFilter.java:119)
	at org.apache.catalina.core.ApplicationFilterChain.internalDoFilter(ApplicationFilterChain.java:193)
	at org.apache.catalina.core.ApplicationFilterChain.doFilter(ApplicationFilterChain.java:166)
	at org.apache.catalina.core.StandardWrapperValve.invoke(StandardWrapperValve.java:202)
	at org.apache.catalina.core.StandardContextValve.invoke(StandardContextValve.java:96)
	at org.apache.catalina.authenticator.AuthenticatorBase.invoke(AuthenticatorBase.java:541)
	at org.apache.catalina.core.StandardHostValve.invoke(StandardHostValve.java:139)
	at org.apache.catalina.valves.ErrorReportValve.invoke(ErrorReportValve.java:92)
	at org.apache.catalina.core.StandardEngineValve.invoke(StandardEngineValve.java:74)
	at org.apache.catalina.connector.CoyoteAdapter.service(CoyoteAdapter.java:343)
	at org.apache.coyote.http11.Http11Processor.service(Http11Processor.java:367)
	at org.apache.coyote.AbstractProcessorLight.process(AbstractProcessorLight.java:65)
	at org.apache.coyote.AbstractProtocol$ConnectionHandler.process(AbstractProtocol.java:860)
	at org.apache.tomcat.util.net.NioEndpoint$SocketProcessor.doRun(NioEndpoint.java:1598)
	at org.apache.tomcat.util.net.SocketProcessorBase.run(SocketProcessorBase.java:49)
	at java.util.concurrent.ThreadPoolExecutor.runWorker(ThreadPoolExecutor.java:1149)
	at java.util.concurrent.ThreadPoolExecutor$Worker.run(ThreadPoolExecutor.java:624)
	at org.apache.tomcat.util.threads.TaskThread$WrappingRunnable.run(TaskThread.java:61)
	at java.lang.Thread.run(Thread.java:748)
2020-05-07 13:18:11,811 ERROR com.sun.faces.util.Util [http-nio-8008-exec-2] JSF1007: Duplicate component ID mainform:dtype found in view.
2020-05-07 13:18:11,841 ERROR com.sun.faces.util.Util [http-nio-8008-exec-2] +id: j_id1
 type: javax.faces.component.UIViewRoot@7bcc634e
  +id: javax_faces_location_HEAD
   type: com.sun.faces.component.ComponentResourceContainer@765db7f
    +id: j_id2
     type: javax.faces.component.UIOutput@55459b17
    +id: j_id3
     type: javax.faces.component.UIOutput@467d271e
    +id: j_id4
     type: javax.faces.component.UIOutput@48649f2d
    +id: j_id5
     type: javax.faces.component.UIOutput@61f30b7d
    +id: j_id6
     type: javax.faces.component.UIOutput@1897b977
    +id: j_idt109
     type: javax.faces.component.UIOutput@1ae3845e
    +id: j_idt110
     type: javax.faces.component.UIOutput@11931422
    +id: j_idt111
     type: javax.faces.component.UIOutput@5dd96610
    +id: j_idt112
     type: javax.faces.component.UIOutput@2a4bbcdb
    +id: j_idt113
     type: javax.faces.component.UIOutput@2c8c1cb8
  +id: j_idt1
   type: <html xmlns="http://www.w3.org/1999/xhtml">

    
  +id: j_idt2
   type: javax.faces.component.UIOutput@587c874f
    +id: j_idt3
     type: 
            <meta http-equiv="X-UA-Compatible" content="IE=edge"/>
            <meta http-equiv="Content-Type" content="text/html; charset=UTF-8"/>
            <meta name="viewport" content="width=device-width, initial-scale=1.0, maximum-scale=1.0, user-scalable=0"/>
            <meta name="apple-mobile-web-app-capable" content="yes"/>
        
    +id: j_idt4
     type: 
        <title>
    +id: j_idt5
     type: 
        ${busDocInfoController.title}
    
    +id: j_idt6
     type: </title>
        
    +id: j_idt7
     type: javax.faces.component.UIOutput@7e80c717
    +id: j_idt8
     type: javax.faces.component.UIOutput@7806c466
    +id: j_idt9
     type: 
        <script type="text/javascript">
            //<![CDATA[
            function openLeftMenu() {
                document.getElementById("leftMenu").style.display = "block";
            }

            function closeLeftMenu() {
                document.getElementById("leftMenu").style.display = "none";
            }

            function openRightMenu() {
                document.getElementById("rightMenu").style.display = "block";
            }

            function closeRightMenu() {
                document.getElementById("rightMenu").style.display = "none";
            }
            //]]>
        </script>
    
  +id: j_idt10
   type: javax.faces.component.html.HtmlBody@60c80e3b
    +id: j_idt11
     type: org.primefaces.component.ajaxstatus.AjaxStatus@5c32bb92
      +id: j_idt12
       type: 
                <i class="fa fa-circle-o-notch fa-spin ajax-loader" aria-hidden="true"/>
            
      +id: j_idt13
       type: javax.faces.component.html.HtmlOutputText@24f2677c
    +id: growl
     type: org.primefaces.component.growl.Growl@6a99a270
    +id: j_idt14
     type: 

        <div class="layout-wrapper #{guestPreferences.busdocMenuLayout != 'static' ? guestPreferences.busdocMenuLayout : null}">
            
    +id: j_idt15
     type: javax.faces.component.html.HtmlForm@4a00d0ce
      +id: j_idt16
       type: 
        <div id="layout-megamenu" class="ui-g-12 layout-megamenu #{guestPreferences.darkMegaMenu ? 'layout-megamenu-dark' : ''} #{guestPreferences.gradientMegaMenu ? 'layout-megamenu-gradient' : ''}">
            <div class="ui-g-12 ui-md-6 ui-lg-3 layout-megamenu-submenu">
                <h4>System Reports</h4>
                <ul>
                    <li>
                        <a href="#">
                            <i class="fa fa-fw fa-th-list"/>
                            <span>System Logs</span>
                        </a>
                    </li>
                    <li>
                        <a href="#">
                            <i class="fa fa-fw fa-server"/>
                            <span>Back-up Server</span>
                        </a>
                    </li>
                    <li>
                        <a href="#">
                            <i class="fa fa-fw fa-users"/>
                            <span>Conversions</span>
                        </a>
        
                    </li>
                    <li>
                        <a href="#">
                            <i class="fa fa-fw fa-database"/>
                            <span>Storage Logs</span>
                        </a>
        
                    </li>
                </ul>
            </div>
            <div class="ui-g-12 ui-md-6 ui-lg-3 layout-megamenu-submenu">
                <h4>Finance Reports</h4>
                <ul>
                    <li>
                        <a href="#">
                            <i class="fa fa-fw fa-file-text-o"/>
                            <span>Annual Reports</span>
                        </a>
                    </li>
                    <li>
                        <a href="#">
                            <i class="fa fa-fw fa-dollar"/>
                            <span>Revenue Reports</span>
                        </a>
                    </li>
                    <li>
                        <a href="#">
                            <i class="fa fa-fw fa-user-o"/>
                            <span>HR Reports</span>
                        </a>
                    </li>
                    <li>
                        <a href="#">
                            <i class="fa fa-fw fa-bar-chart"/>
                            <span>Finance Margin</span>
                        </a>
                    </li>
                </ul>
            </div>
            <div class="ui-g-12 ui-md-6 ui-lg-3 layout-megamenu-submenu">
                <h4>Settings</h4>
                <ul>
                    <li>
                        <a href="#">
                            <i class="fa fa-fw fa-envelope-o"/>
                            <span>E-mail Notifications</span>
                        </a>
                    </li>
                    <li>
                        <a href="#">
                            <i class="fa fa-fw fa-mobile"/>
                            <span>Sms Alerts</span>
                        </a>
                    </li>
                    <li>
                        <a href="#">
                            <i class="fa fa-fw fa-globe"/>
                            <span>Site Tracking</span>
                        </a>
                    </li>
                </ul>
            </div>
            <div class="ui-g-12 ui-md-6 ui-lg-3 layout-megamenu-submenu">
                <div class="content-img">
                    
      +id: j_idt17
       type: org.primefaces.component.graphicimage.GraphicImage@3a70c37
      +id: j_idt18
       type: 
        
                    <div class="img-megamenu">
                        <span class="ui-g-12 img-header">California</span>
                        <span class="ui-g-12 img-subheader">Application Template</span>
                    </div>
                    
      +id: j_idt19
       type: org.primefaces.component.commandbutton.CommandButton@345952b8
      +id: j_idt20
       type: 
                </div>
            </div>
        </div>
    
    +id: j_idt21
     type: 

    <div class="layout-topbar">
        
    +id: j_idt22
     type: javax.faces.component.html.HtmlOutcomeTargetLink@13f4ec61
      +id: j_idt23
       type: org.primefaces.component.graphicimage.GraphicImage@5fbed871
    +id: j_idt24
     type: 

    </div>

    +id: j_idt25
     type: 

    <div class="w3-sidebar w3-bar-block w3-card w3-animate-left" style="display:none; width: 50%; z-index: 10000;" id="leftMenu">
        <div style="height: 32px">
            <a href="javascript:void(0)" class="fa fa-times" onclick="closeLeftMenu()" style="position: absolute; right: 0px; width: 32px; padding: 10px"/>
        </div>
        
    +id: menuform
     type: javax.faces.component.html.HtmlForm@64c3a105
      +id: j_idt26
       type: org.primefaces.component.panel.Panel@1a71e3b7
        +id: j_id2
         type: javax.faces.component.UIPanel@37fd38ac
          +id: j_idt27
           type: javax.faces.component.html.HtmlCommandLink@2ed2837c
            +id: j_idt28
             type: javax.faces.component.html.HtmlOutputText@706bb87
          +id: j_idt29
           type: javax.faces.component.html.HtmlCommandLink@7e34f9eb
            +id: j_idt30
             type: javax.faces.component.html.HtmlOutputText@6b4dd1c1
        +id: j_idt31
         type: org.primefaces.component.outputlabel.OutputLabel@51be66b7
        +id: pcriteria
         type: org.primefaces.component.inputtext.InputText@63562584
        +id: j_idt32
         type: org.primefaces.component.commandbutton.CommandButton@3af463a4
        +id: prodtable
         type: org.primefaces.component.datatable.DataTable@3fb26ee2
          +id: j_idt33
           type: org.primefaces.component.column.Column@1d1b3c7d
          +id: j_idt34
           type: org.primefaces.component.column.Column@4f33405f
            +id: j_idt35
             type: javax.faces.component.html.HtmlOutputText@56c3e35e
          +id: j_idt36
           type: org.primefaces.component.column.Column@7aaa521a
            +id: j_idt37
             type: javax.faces.component.html.HtmlOutputText@3e9661e6
          +id: j_idt38
           type: org.primefaces.component.column.Column@6b72efd3
            +id: j_idt39
             type: javax.faces.component.html.HtmlOutputText@22e238f0
          +id: j_idt40
           type: org.primefaces.component.column.Column@a709434
            +id: j_idt41
             type: javax.faces.component.html.HtmlOutputText@7645dcd
          +id: j_idt42
           type: org.primefaces.component.column.Column@7b143685
            +id: j_idt43
             type: javax.faces.component.html.HtmlOutputText@4882b4af
    +id: j_idt44
     type: 
    </div>

    +id: j_idt45
     type: 


    <div id="layout-right-sidebar">
        
    +id: j_idt46
     type: org.primefaces.component.tabview.TabView@46dd58bf
      +id: j_idt47
       type: org.primefaces.component.tabview.Tab@63f2ff9c
        +id: j_idt48
         type: 
                    <i class="fa fa-cog"/>
                
        +id: j_idt49
         type: 
                <div class="submenu-title">
                  <span>Settings</span>
                </div>
                <div class="submenu-content settings">
                    <ul>
                        <li>
                          <div class="order-settings ui-g-12">
                            <i class="fa fa-plus"/>
                            <span>NEW ORDERS</span>
                          </div>
                        </li>
                        <li>
                          <div class="sales-settings ui-g-12">
                            <i class="fa fa-line-chart"/>
                            <span>TOTAL SALES</span>
                          </div>
                        </li>
                        <li>
                          <div class="shipment-settings ui-g-12">
                            <i class="fa fa-ship"/>
                            <span>PENDING SHIPMENTS</span>
                          </div>
                        </li>
                        <li>
                          <div class="visitors-settings ui-g-12">
                            <i class="fa fa-user-circle"/>
                            <span>UNIQUE VISITORS</span>
                          </div>
                        </li>
                        <li>
                          <div class="history-settings ui-g-12">
                            <i class="fa fa-history"/>
                            <span>SALES HISTORY</span>
                          </div>
                        </li>
                        <li>
                          <div class="leads-settings ui-g-12">
                            <i class="fa fa-handshake-o"/>
                            <span>ALL LEADS</span>
                          </div>
                        </li>
                    </ul>
                </div>
            
      +id: j_idt50
       type: org.primefaces.component.tabview.Tab@39084d79
        +id: j_idt51
         type: 
                    <i class="fa fa-inbox"/>
                
        +id: j_idt52
         type: 
                <div class="submenu-title">
                  <span>Inbox</span>
                </div>
                <div class="submenu-content messages">
                    <ul>
                        <li>
                          <div>
                            
        +id: j_idt53
         type: org.primefaces.component.graphicimage.GraphicImage@6472a13b
        +id: j_idt54
         type: 
                            <span class="time-stamp">1m</span>
                          </div>
                            <span class="messager-name">John Swisher</span>
                            <span class="message-text">Ab nobis, magnam sunt eum. Laudantium</span>
                        </li>
                        <li>
                          <div>
                            
        +id: j_idt55
         type: org.primefaces.component.graphicimage.GraphicImage@484615aa
        +id: j_idt56
         type: 
                            <span class="time-stamp">33m</span>
                          </div>
                            <span class="messager-name">Warren Shaw</span>
                            <span class="message-text">Ab nobis, magnam sunt eum. Laudantium</span>
                        </li>
                        <li>
                          <div>
                            
        +id: j_idt57
         type: org.primefaces.component.graphicimage.GraphicImage@3cbc0d21
        +id: j_idt58
         type: 
                            <span class="time-stamp">2h</span>
                          </div>
                            <span class="messager-name">Brenda Soto</span>
                            <span class="message-text">Ab nobis, magnam sunt eum. Laudantium</span>
                        </li>
                        <li>
                          <div>
                            
        +id: j_idt59
         type: org.primefaces.component.graphicimage.GraphicImage@47a4fc4a
        +id: j_idt60
         type: 
                            <span class="time-stamp">1d</span>
                          </div>
                            <span class="messager-name">Arlene Welch</span>
                            <span class="message-text">Ab nobis, magnam sunt eum. Laudantium</span>
                        </li>
                    </ul>
                </div>
            
      +id: j_idt61
       type: org.primefaces.component.tabview.Tab@362ee6fc
        +id: j_idt62
         type: 
                    <i class="fa fa-calendar"/>
                
        +id: j_idt63
         type: 
                <div class="submenu-title">
                  <span>Events</span>
                </div>
                <div class="submenu-content events">
                    <ul>
                        <li>
                            <div class="calendar-event-date">
                                <span class="date">21</span>
                                <span class="date">OCT</span>
                            </div>
                            <div class="calendar-event-detail">
                                <span class="calendar-event-title">Project Meeting</span>
                                <i class="material-icons  fa fa-map-marker"/>
                                <span class="calendar-event-location">Chicago</span>
                            </div>
                        </li>

                        <li>
                            <div class="calendar-event-date">
                                <span class="date">13</span>
                                <span class="date">NOV</span>
                            </div>
                            <div class="calendar-event-detail">
                                <span class="calendar-event-title">Presentation 1</span>
                                <i class="material-icons fa fa-map-marker"/>
                                <span class="calendar-event-location">New York</span>
                            </div>
                        </li>
                        <li>
                            <div class="calendar-event-date">
                                <span class="date">01</span>
                                <span class="date">DEC</span>
                            </div>
                            <div class="calendar-event-detail">
                                <span class="calendar-event-title">Presentation 2</span>
                                <i class="material-icons fa fa-map-marker"/>
                                <span class="calendar-event-location">New York</span>
                            </div>
                        </li>
                        <li>
                            <div class="calendar-event-date">
                                <span class="date">25</span>
                                <span class="date">DEC</span>
                            </div>
                            <div class="calendar-event-detail">
                                <span class="calendar-event-title">New Year Party</span>
                                <i class="material-icons fa fa-map-marker"/>
                                <span class="calendar-event-location">San Francisco</span>
                            </div>
                        </li>
                    </ul>
                </div>
            
    +id: j_idt64
     type: 
    </div>


    +id: j_idt65
     type: 

            <div class="layout-main">
                
    +id: mainform
     type: javax.faces.component.html.HtmlForm@4ebd4ed6
      +id: j_idt66
       type: 

                    <div class="route-bar">
                        <div class="route-bar-breadcrumb">
                            <i class="fa fa-home"/> <span>/ </span>
                            
      +id: j_idt67
       type: 
                        </div>

                        
      +id: j_idt68
       type: 

    <ul class="route-bar-menu">
        
      +id: j_idt69
       type: 
        <li>
            
      +id: j_idt70
       type: org.primefaces.component.commandbutton.CommandButton@12349725
      +id: j_idt71
       type: 
        </li>
        <li>
            
      +id: j_idt72
       type: org.primefaces.component.commandbutton.CommandButton@72927f85
      +id: j_idt73
       type: 
        </li>
    
      +id: j_idt74
       type: 
    </ul>

    
      +id: j_idt75
       type: org.primefaces.component.tooltip.Tooltip@33ca7e2d
      +id: j_idt76
       type: 
                    </div>

                    <div class="w3-container">
                        <div class="layout-main-content">
                            <script type="text/javascript">
                                var myEvent = window.attachEvent || window.addEventListener;
                                var chkevent = window.attachEvent ? 'onbeforeunload' : 'beforeunload'; /// make IE7, IE8 compitable

                                myEvent(chkevent, function (e) { // For >=IE7, Chrome, Firefox
                                    var confirmationMessage = 'Are you sure to leave the page?';  // a space
                                    (e || window.event).returnValue = confirmationMessage;
                                    return confirmationMessage;
                                });
                            </script> 
                            
      +id: j_idt77
       type: 
        <div class="ui-fluid">
            <div class="ui-g">
                <!-- Left Side -->
                <div class="ui-g-12 ui-lg-6">
                    
      +id: j_idt78
       type: org.primefaces.component.fieldset.Fieldset@17a55d7c
        +id: j_idt79
         type: org.primefaces.component.panelgrid.PanelGrid@219e6d12
          +id: j_idt80
           type: org.primefaces.component.outputlabel.OutputLabel@409140f3
          +id: docid
           type: org.primefaces.component.inputtext.InputText@204a75da
          +id: j_idt81
           type: org.primefaces.component.outputlabel.OutputLabel@1d398212
          +id: name
           type: org.primefaces.component.inputtext.InputText@4f9d8a5a
          +id: j_idt82
           type: org.primefaces.component.outputlabel.OutputLabel@541cd82
          +id: dtype  <===============
           type: org.primefaces.component.selectonemenu.SelectOneMenu@76d68c55
            +id: j_idt83
             type: javax.faces.component.UISelectItems@272eb98f
          +id: j_idt84
           type: org.primefaces.component.outputlabel.OutputLabel@442386a
          +id: dtype  <===============
           type: org.primefaces.component.selectonemenu.SelectOneMenu@f64c8bd
            +id: j_idt85
             type: javax.faces.component.UISelectItems@4d125920
          +id: j_idt86
           type: org.primefaces.component.outputlabel.OutputLabel@1f2263cc
          +id: pref
           type: org.primefaces.component.inputtext.InputText@ab6892a
          +id: j_idt87
           type: org.primefaces.component.outputlabel.OutputLabel@23be89e1
          +id: suf
           type: org.primefaces.component.inputtext.InputText@7c3a0fef
      +id: j_idt88
       type: 
                </div>

                <div class="ui-g-12 ui-lg-6">
                    <!-- Right Side -->
                    
      +id: j_idt89
       type: org.primefaces.component.fieldset.Fieldset@700a3fa7
        +id: j_idt90
         type: org.primefaces.component.panelgrid.PanelGrid@4e4b1755
      +id: j_idt91
       type: 

                </div>
            </div>
        </div>
    
      +id: j_idt92
       type: 
                        </div>
                    </div>

                
    +id: j_idt93
     type: 

        <div class="ui-fluid">
            <div class="ui-g">
                
    +id: ProductSearchDlg
     type: org.primefaces.component.dialog.Dialog@196d7efc
      +id: productsearchform
       type: javax.faces.component.html.HtmlForm@35844f49
        +id: j_idt94
         type: org.primefaces.component.outputlabel.OutputLabel@67b40648
        +id: pcriteria
         type: org.primefaces.component.inputtext.InputText@66ad6386
        +id: j_idt95
         type: org.primefaces.component.commandbutton.CommandButton@54569b20
        +id: prodtable
         type: org.primefaces.component.datatable.DataTable@139741a4
          +id: j_idt96
           type: org.primefaces.component.column.Column@1eabb103
          +id: j_idt97
           type: org.primefaces.component.column.Column@3368bae7
            +id: j_idt98
             type: javax.faces.component.html.HtmlOutputText@5387b831
          +id: j_idt99
           type: org.primefaces.component.column.Column@7a345984
            +id: j_idt100
             type: javax.faces.component.html.HtmlOutputText@3954cc68
          +id: j_idt101
           type: org.primefaces.component.column.Column@4f1de627
            +id: j_idt102
             type: javax.faces.component.html.HtmlOutputText@21b599c5
          +id: j_idt103
           type: org.primefaces.component.column.Column@79150c0e
            +id: j_idt104
             type: javax.faces.component.html.HtmlOutputText@663da8c8
          +id: j_idt105
           type: org.primefaces.component.column.Column@46b146f6
            +id: j_idt106
             type: javax.faces.component.html.HtmlOutputText@4bc78454
    +id: j_idt107
     type: 
            </div>
        </div>
    
    +id: j_idt108
     type: 
            </div>
        </div>

        
  +id: j_idt114
   type: 

</html>

2020-05-07 13:18:11,919 ERROR com.sun.faces.application.view.FaceletViewHandlingStrategy [http-nio-8008-exec-2] Error Rendering View[/busdoc/editbusdocinfo.xhtml]
java.lang.IllegalStateException: Component ID mainform:dtype has already been found in the view.  
	at com.sun.faces.util.Util.checkIdUniqueness(Util.java:1288)
	at com.sun.faces.util.Util.checkIdUniqueness(Util.java:1272)
	at com.sun.faces.util.Util.checkIdUniqueness(Util.java:1272)
	at com.sun.faces.util.Util.checkIdUniqueness(Util.java:1272)
	at com.sun.faces.util.Util.checkIdUniqueness(Util.java:1272)
	at com.sun.faces.application.view.FaceletPartialStateManagementStrategy.saveView(FaceletPartialStateManagementStrategy.java:453)
	at com.sun.faces.application.StateManagerImpl.saveView(StateManagerImpl.java:64)
	at com.sun.faces.application.view.WriteBehindStateWriter.getState(WriteBehindStateWriter.java:310)
	at com.sun.faces.application.view.WriteBehindStateWriter.flushToWriter(WriteBehindStateWriter.java:204)
	at com.sun.faces.application.view.FaceletViewHandlingStrategy.renderView(FaceletViewHandlingStrategy.java:484)
	at com.sun.faces.application.view.MultiViewHandler.renderView(MultiViewHandler.java:170)
	at com.sun.faces.lifecycle.RenderResponsePhase.execute(RenderResponsePhase.java:102)
	at com.sun.faces.lifecycle.Phase.doPhase(Phase.java:76)
	at com.sun.faces.lifecycle.LifecycleImpl.render(LifecycleImpl.java:199)
	at javax.faces.webapp.FacesServlet.executeLifecyle(FacesServlet.java:708)
	at javax.faces.webapp.FacesServlet.service(FacesServlet.java:451)
	at org.apache.catalina.core.ApplicationFilterChain.internalDoFilter(ApplicationFilterChain.java:231)
	at org.apache.catalina.core.ApplicationFilterChain.doFilter(ApplicationFilterChain.java:166)
	at org.apache.tomcat.websocket.server.WsFilter.doFilter(WsFilter.java:53)
	at org.apache.catalina.core.ApplicationFilterChain.internalDoFilter(ApplicationFilterChain.java:193)
	at org.apache.catalina.core.ApplicationFilterChain.doFilter(ApplicationFilterChain.java:166)
	at org.springframework.orm.jpa.support.OpenEntityManagerInViewFilter.doFilterInternal(OpenEntityManagerInViewFilter.java:186)
	at org.springframework.web.filter.OncePerRequestFilter.doFilter(OncePerRequestFilter.java:119)
	at org.apache.catalina.core.ApplicationFilterChain.internalDoFilter(ApplicationFilterChain.java:193)
	at org.apache.catalina.core.ApplicationFilterChain.doFilter(ApplicationFilterChain.java:166)
	at org.springframework.web.filter.RequestContextFilter.doFilterInternal(RequestContextFilter.java:100)
	at org.springframework.web.filter.OncePerRequestFilter.doFilter(OncePerRequestFilter.java:119)
	at org.apache.catalina.core.ApplicationFilterChain.internalDoFilter(ApplicationFilterChain.java:193)
	at org.apache.catalina.core.ApplicationFilterChain.doFilter(ApplicationFilterChain.java:166)
	at org.springframework.web.filter.FormContentFilter.doFilterInternal(FormContentFilter.java:93)
	at org.springframework.web.filter.OncePerRequestFilter.doFilter(OncePerRequestFilter.java:119)
	at org.apache.catalina.core.ApplicationFilterChain.internalDoFilter(ApplicationFilterChain.java:193)
	at org.apache.catalina.core.ApplicationFilterChain.doFilter(ApplicationFilterChain.java:166)
	at org.springframework.web.filter.CharacterEncodingFilter.doFilterInternal(CharacterEncodingFilter.java:201)
	at org.springframework.web.filter.OncePerRequestFilter.doFilter(OncePerRequestFilter.java:119)
	at org.apache.catalina.core.ApplicationFilterChain.internalDoFilter(ApplicationFilterChain.java:193)
	at org.apache.catalina.core.ApplicationFilterChain.doFilter(ApplicationFilterChain.java:166)
	at org.apache.catalina.core.StandardWrapperValve.invoke(StandardWrapperValve.java:202)
	at org.apache.catalina.core.StandardContextValve.invoke(StandardContextValve.java:96)
	at org.apache.catalina.authenticator.AuthenticatorBase.invoke(AuthenticatorBase.java:541)
	at org.apache.catalina.core.StandardHostValve.invoke(StandardHostValve.java:139)
	at org.apache.catalina.valves.ErrorReportValve.invoke(ErrorReportValve.java:92)
	at org.apache.catalina.core.StandardEngineValve.invoke(StandardEngineValve.java:74)
	at org.apache.catalina.connector.CoyoteAdapter.service(CoyoteAdapter.java:343)
	at org.apache.coyote.http11.Http11Processor.service(Http11Processor.java:367)
	at org.apache.coyote.AbstractProcessorLight.process(AbstractProcessorLight.java:65)
	at org.apache.coyote.AbstractProtocol$ConnectionHandler.process(AbstractProtocol.java:860)
	at org.apache.tomcat.util.net.NioEndpoint$SocketProcessor.doRun(NioEndpoint.java:1598)
	at org.apache.tomcat.util.net.SocketProcessorBase.run(SocketProcessorBase.java:49)
	at java.util.concurrent.ThreadPoolExecutor.runWorker(ThreadPoolExecutor.java:1149)
	at java.util.concurrent.ThreadPoolExecutor$Worker.run(ThreadPoolExecutor.java:624)
	at org.apache.tomcat.util.threads.TaskThread$WrappingRunnable.run(TaskThread.java:61)
	at java.lang.Thread.run(Thread.java:748)
2020-05-07 13:18:11,968 ERROR com.sun.faces.context.ExceptionHandlerImpl [http-nio-8008-exec-2] JSF1073: java.lang.IllegalStateException caught during processing of RENDER_RESPONSE 6 : UIComponent-ClientId=, Message=Component ID mainform:dtype has already been found in the view.  
2020-05-07 13:18:11,996 ERROR com.sun.faces.context.ExceptionHandlerImpl [http-nio-8008-exec-2] Component ID mainform:dtype has already been found in the view.  
java.lang.IllegalStateException: Component ID mainform:dtype has already been found in the view.  
	at com.sun.faces.util.Util.checkIdUniqueness(Util.java:1288)
	at com.sun.faces.util.Util.checkIdUniqueness(Util.java:1272)
	at com.sun.faces.util.Util.checkIdUniqueness(Util.java:1272)
	at com.sun.faces.util.Util.checkIdUniqueness(Util.java:1272)
	at com.sun.faces.util.Util.checkIdUniqueness(Util.java:1272)
	at com.sun.faces.application.view.FaceletPartialStateManagementStrategy.saveView(FaceletPartialStateManagementStrategy.java:453)
	at com.sun.faces.application.StateManagerImpl.saveView(StateManagerImpl.java:64)
	at com.sun.faces.application.view.WriteBehindStateWriter.getState(WriteBehindStateWriter.java:310)
	at com.sun.faces.application.view.WriteBehindStateWriter.flushToWriter(WriteBehindStateWriter.java:204)
	at com.sun.faces.application.view.FaceletViewHandlingStrategy.renderView(FaceletViewHandlingStrategy.java:484)
	at com.sun.faces.application.view.MultiViewHandler.renderView(MultiViewHandler.java:170)
	at com.sun.faces.lifecycle.RenderResponsePhase.execute(RenderResponsePhase.java:102)
	at com.sun.faces.lifecycle.Phase.doPhase(Phase.java:76)
	at com.sun.faces.lifecycle.LifecycleImpl.render(LifecycleImpl.java:199)
	at javax.faces.webapp.FacesServlet.executeLifecyle(FacesServlet.java:708)
	at javax.faces.webapp.FacesServlet.service(FacesServlet.java:451)
	at org.apache.catalina.core.ApplicationFilterChain.internalDoFilter(ApplicationFilterChain.java:231)
	at org.apache.catalina.core.ApplicationFilterChain.doFilter(ApplicationFilterChain.java:166)
	at org.apache.tomcat.websocket.server.WsFilter.doFilter(WsFilter.java:53)
	at org.apache.catalina.core.ApplicationFilterChain.internalDoFilter(ApplicationFilterChain.java:193)
	at org.apache.catalina.core.ApplicationFilterChain.doFilter(ApplicationFilterChain.java:166)
	at org.springframework.orm.jpa.support.OpenEntityManagerInViewFilter.doFilterInternal(OpenEntityManagerInViewFilter.java:186)
	at org.springframework.web.filter.OncePerRequestFilter.doFilter(OncePerRequestFilter.java:119)
	at org.apache.catalina.core.ApplicationFilterChain.internalDoFilter(ApplicationFilterChain.java:193)
	at org.apache.catalina.core.ApplicationFilterChain.doFilter(ApplicationFilterChain.java:166)
	at org.springframework.web.filter.RequestContextFilter.doFilterInternal(RequestContextFilter.java:100)
	at org.springframework.web.filter.OncePerRequestFilter.doFilter(OncePerRequestFilter.java:119)
	at org.apache.catalina.core.ApplicationFilterChain.internalDoFilter(ApplicationFilterChain.java:193)
	at org.apache.catalina.core.ApplicationFilterChain.doFilter(ApplicationFilterChain.java:166)
	at org.springframework.web.filter.FormContentFilter.doFilterInternal(FormContentFilter.java:93)
	at org.springframework.web.filter.OncePerRequestFilter.doFilter(OncePerRequestFilter.java:119)
	at org.apache.catalina.core.ApplicationFilterChain.internalDoFilter(ApplicationFilterChain.java:193)
	at org.apache.catalina.core.ApplicationFilterChain.doFilter(ApplicationFilterChain.java:166)
	at org.springframework.web.filter.CharacterEncodingFilter.doFilterInternal(CharacterEncodingFilter.java:201)
	at org.springframework.web.filter.OncePerRequestFilter.doFilter(OncePerRequestFilter.java:119)
	at org.apache.catalina.core.ApplicationFilterChain.internalDoFilter(ApplicationFilterChain.java:193)
	at org.apache.catalina.core.ApplicationFilterChain.doFilter(ApplicationFilterChain.java:166)
	at org.apache.catalina.core.StandardWrapperValve.invoke(StandardWrapperValve.java:202)
	at org.apache.catalina.core.StandardContextValve.invoke(StandardContextValve.java:96)
	at org.apache.catalina.authenticator.AuthenticatorBase.invoke(AuthenticatorBase.java:541)
	at org.apache.catalina.core.StandardHostValve.invoke(StandardHostValve.java:139)
	at org.apache.catalina.valves.ErrorReportValve.invoke(ErrorReportValve.java:92)
	at org.apache.catalina.core.StandardEngineValve.invoke(StandardEngineValve.java:74)
	at org.apache.catalina.connector.CoyoteAdapter.service(CoyoteAdapter.java:343)
	at org.apache.coyote.http11.Http11Processor.service(Http11Processor.java:367)
	at org.apache.coyote.AbstractProcessorLight.process(AbstractProcessorLight.java:65)
	at org.apache.coyote.AbstractProtocol$ConnectionHandler.process(AbstractProtocol.java:860)
	at org.apache.tomcat.util.net.NioEndpoint$SocketProcessor.doRun(NioEndpoint.java:1598)
	at org.apache.tomcat.util.net.SocketProcessorBase.run(SocketProcessorBase.java:49)
	at java.util.concurrent.ThreadPoolExecutor.runWorker(ThreadPoolExecutor.java:1149)
	at java.util.concurrent.ThreadPoolExecutor$Worker.run(ThreadPoolExecutor.java:624)
	at org.apache.tomcat.util.threads.TaskThread$WrappingRunnable.run(TaskThread.java:61)
	at java.lang.Thread.run(Thread.java:748)
2020-05-07 13:31:24,690 INFO org.springframework.boot.StartupInfoLogger [main] Starting SmbErpApplication on FatemaLaptop with PID 6540 (D:\Projects\SmbErp\target\classes started by FatemaLaptop in D:\Projects\SmbErp)
2020-05-07 13:31:24,785 INFO org.springframework.boot.SpringApplication [main] No active profile set, falling back to default profiles: default
2020-05-07 13:31:25,350 INFO org.springframework.data.repository.config.RepositoryConfigurationDelegate [main] Bootstrapping Spring Data JPA repositories in DEFAULT mode.
2020-05-07 13:31:25,567 INFO org.springframework.data.repository.config.RepositoryConfigurationDelegate [main] Finished Spring Data repository scanning in 154ms. Found 21 JPA repository interfaces.
2020-05-07 13:31:26,060 INFO org.springframework.context.support.PostProcessorRegistrationDelegate$BeanPostProcessorChecker [main] Bean 'org.springframework.transaction.annotation.ProxyTransactionManagementConfiguration' of type [org.springframework.transaction.annotation.ProxyTransactionManagementConfiguration] is not eligible for getting processed by all BeanPostProcessors (for example: not eligible for auto-proxying)
2020-05-07 13:31:26,126 INFO org.springframework.context.support.PostProcessorRegistrationDelegate$BeanPostProcessorChecker [main] Bean 'org.joinfaces.autoconfigure.javaxfaces.JsfBeansAutoConfiguration$Jsf2_3AutoConfiguration' of type [org.joinfaces.autoconfigure.javaxfaces.JsfBeansAutoConfiguration$Jsf2_3AutoConfiguration] is not eligible for getting processed by all BeanPostProcessors (for example: not eligible for auto-proxying)
2020-05-07 13:31:26,168 INFO org.springframework.context.support.PostProcessorRegistrationDelegate$BeanPostProcessorChecker [main] Bean 'org.joinfaces.autoconfigure.javaxfaces.JsfBeansAutoConfiguration' of type [org.joinfaces.autoconfigure.javaxfaces.JsfBeansAutoConfiguration] is not eligible for getting processed by all BeanPostProcessors (for example: not eligible for auto-proxying)
2020-05-07 13:31:26,427 INFO org.springframework.boot.web.embedded.tomcat.TomcatWebServer [main] Tomcat initialized with port(s): 8008 (http)
2020-05-07 13:31:26,465 INFO org.apache.juli.logging.DirectJDKLog [main] Initializing ProtocolHandler ["http-nio-8008"]
2020-05-07 13:31:26,521 INFO org.apache.juli.logging.DirectJDKLog [main] Starting service [Tomcat]
2020-05-07 13:31:26,559 INFO org.apache.juli.logging.DirectJDKLog [main] Starting Servlet engine: [Apache Tomcat/9.0.30]
2020-05-07 13:31:27,017 INFO org.apache.juli.logging.DirectJDKLog [main] At least one JAR was scanned for TLDs yet contained no TLDs. Enable debug logging for this logger for a complete list of JARs that were scanned but no TLDs were found in them. Skipping unneeded JARs during scanning can improve startup time and JSP compilation time.
2020-05-07 13:31:27,095 INFO org.apache.juli.logging.DirectJDKLog [main] Initializing Spring embedded WebApplicationContext
2020-05-07 13:31:27,158 INFO org.springframework.boot.web.servlet.context.ServletWebServerApplicationContext [main] Root WebApplicationContext: initialization completed in 2244 ms
2020-05-07 13:31:28,516 INFO org.joinfaces.autoconfigure.servlet.initializer.ServletContainerInitializerRegistrationBean [main] Resolving classes for com.sun.faces.config.FacesInitializer took 1.2251616s
2020-05-07 13:31:28,583 INFO com.sun.faces.config.ConfigureListener [main] Initializing Mojarra |version.string| for context ''
2020-05-07 13:31:28,819 INFO com.sun.faces.spi.InjectionProviderFactory [main] JSF1048: PostConstruct/PreDestroy annotations present.  ManagedBeans methods marked with these annotations will have said annotations processed.
2020-05-07 13:31:29,305 INFO org.primefaces.webapp.PostConstructApplicationEventListener [main] Running on PrimeFaces 7.0
2020-05-07 13:31:29,340 INFO org.primefaces.extensions.application.PostConstructApplicationEventListener [main] Running on PrimeFaces Extensions 7.0.3
2020-05-07 13:31:29,506 INFO org.hibernate.jpa.internal.util.LogHelper [main] HHH000204: Processing PersistenceUnitInfo [name: default]
2020-05-07 13:31:29,603 INFO org.hibernate.Version [main] HHH000412: Hibernate Core {5.4.10.Final}
2020-05-07 13:31:29,737 INFO org.hibernate.annotations.common.reflection.java.JavaReflectionManager [main] HCANN000001: Hibernate Commons Annotations {5.1.0.Final}
2020-05-07 13:31:29,932 INFO com.zaxxer.hikari.HikariDataSource [main] HikariPool-1 - Starting...
2020-05-07 13:31:30,019 INFO com.zaxxer.hikari.HikariDataSource [main] HikariPool-1 - Start completed.
2020-05-07 13:31:30,080 INFO org.hibernate.dialect.Dialect [main] HHH000400: Using dialect: org.hibernate.dialect.MySQL57Dialect
2020-05-07 13:31:30,375 WARN org.springframework.context.support.AbstractApplicationContext [main] Exception encountered during context initialization - cancelling refresh attempt: org.springframework.beans.factory.BeanCreationException: Error creating bean with name 'entityManagerFactory' defined in class path resource [org/springframework/boot/autoconfigure/orm/jpa/HibernateJpaConfiguration.class]: Invocation of init method failed; nested exception is org.hibernate.AnnotationException: @OneToOne or @ManyToOne on com.smb.erp.entity.BusDoc.busdocinfo references an unknown entity: com.smb.erp.entity.BusDocInfo
2020-05-07 13:31:30,410 INFO com.zaxxer.hikari.HikariDataSource [main] HikariPool-1 - Shutdown initiated...
2020-05-07 13:31:30,451 INFO com.zaxxer.hikari.HikariDataSource [main] HikariPool-1 - Shutdown completed.
2020-05-07 13:31:30,499 INFO org.apache.juli.logging.DirectJDKLog [main] Stopping service [Tomcat]
2020-05-07 13:31:30,620 WARN org.apache.juli.logging.DirectJDKLog [main] The web application [ROOT] appears to have started a thread named [ForkJoinPool.commonPool-worker-1] but has failed to stop it. This is very likely to create a memory leak. Stack trace of thread:
 sun.misc.Unsafe.park(Native Method)
 java.util.concurrent.ForkJoinPool.awaitWork(ForkJoinPool.java:1824)
 java.util.concurrent.ForkJoinPool.runWorker(ForkJoinPool.java:1693)
 java.util.concurrent.ForkJoinWorkerThread.run(ForkJoinWorkerThread.java:157)
2020-05-07 13:31:30,659 WARN org.apache.juli.logging.DirectJDKLog [main] The web application [ROOT] appears to have started a thread named [ForkJoinPool.commonPool-worker-2] but has failed to stop it. This is very likely to create a memory leak. Stack trace of thread:
 sun.misc.Unsafe.park(Native Method)
 java.util.concurrent.ForkJoinPool.awaitWork(ForkJoinPool.java:1824)
 java.util.concurrent.ForkJoinPool.runWorker(ForkJoinPool.java:1693)
 java.util.concurrent.ForkJoinWorkerThread.run(ForkJoinWorkerThread.java:157)
2020-05-07 13:31:30,706 WARN org.apache.juli.logging.DirectJDKLog [main] The web application [ROOT] appears to have started a thread named [ForkJoinPool.commonPool-worker-4] but has failed to stop it. This is very likely to create a memory leak. Stack trace of thread:
 sun.misc.Unsafe.park(Native Method)
 java.util.concurrent.ForkJoinPool.awaitWork(ForkJoinPool.java:1824)
 java.util.concurrent.ForkJoinPool.runWorker(ForkJoinPool.java:1693)
 java.util.concurrent.ForkJoinWorkerThread.run(ForkJoinWorkerThread.java:157)
2020-05-07 13:31:30,744 WARN org.apache.juli.logging.DirectJDKLog [main] The web application [ROOT] appears to have started a thread named [ForkJoinPool.commonPool-worker-5] but has failed to stop it. This is very likely to create a memory leak. Stack trace of thread:
 sun.misc.Unsafe.park(Native Method)
 java.util.concurrent.ForkJoinPool.awaitWork(ForkJoinPool.java:1824)
 java.util.concurrent.ForkJoinPool.runWorker(ForkJoinPool.java:1693)
 java.util.concurrent.ForkJoinWorkerThread.run(ForkJoinWorkerThread.java:157)
2020-05-07 13:31:30,798 WARN org.apache.juli.logging.DirectJDKLog [main] The web application [ROOT] appears to have started a thread named [ForkJoinPool.commonPool-worker-6] but has failed to stop it. This is very likely to create a memory leak. Stack trace of thread:
 sun.misc.Unsafe.park(Native Method)
 java.util.concurrent.ForkJoinPool.awaitWork(ForkJoinPool.java:1824)
 java.util.concurrent.ForkJoinPool.runWorker(ForkJoinPool.java:1693)
 java.util.concurrent.ForkJoinWorkerThread.run(ForkJoinWorkerThread.java:157)
2020-05-07 13:31:30,858 WARN org.apache.juli.logging.DirectJDKLog [main] The web application [ROOT] appears to have started a thread named [ForkJoinPool.commonPool-worker-7] but has failed to stop it. This is very likely to create a memory leak. Stack trace of thread:
 sun.misc.Unsafe.park(Native Method)
 java.util.concurrent.ForkJoinPool.awaitWork(ForkJoinPool.java:1824)
 java.util.concurrent.ForkJoinPool.runWorker(ForkJoinPool.java:1693)
 java.util.concurrent.ForkJoinWorkerThread.run(ForkJoinWorkerThread.java:157)
2020-05-07 13:31:30,917 INFO org.springframework.boot.autoconfigure.logging.ConditionEvaluationReportLoggingListener [main] 

Error starting ApplicationContext. To display the conditions report re-run your application with 'debug' enabled.
2020-05-07 13:31:30,965 ERROR org.springframework.boot.SpringApplication [main] Application run failed
org.springframework.beans.factory.BeanCreationException: Error creating bean with name 'entityManagerFactory' defined in class path resource [org/springframework/boot/autoconfigure/orm/jpa/HibernateJpaConfiguration.class]: Invocation of init method failed; nested exception is org.hibernate.AnnotationException: @OneToOne or @ManyToOne on com.smb.erp.entity.BusDoc.busdocinfo references an unknown entity: com.smb.erp.entity.BusDocInfo
	at org.springframework.beans.factory.support.AbstractAutowireCapableBeanFactory.initializeBean(AbstractAutowireCapableBeanFactory.java:1796)
	at org.springframework.beans.factory.support.AbstractAutowireCapableBeanFactory.doCreateBean(AbstractAutowireCapableBeanFactory.java:595)
	at org.springframework.beans.factory.support.AbstractAutowireCapableBeanFactory.createBean(AbstractAutowireCapableBeanFactory.java:517)
	at org.springframework.beans.factory.support.AbstractBeanFactory.lambda$doGetBean$0(AbstractBeanFactory.java:323)
	at org.springframework.beans.factory.support.DefaultSingletonBeanRegistry.getSingleton(DefaultSingletonBeanRegistry.java:222)
	at org.springframework.beans.factory.support.AbstractBeanFactory.doGetBean(AbstractBeanFactory.java:321)
	at org.springframework.beans.factory.support.AbstractBeanFactory.getBean(AbstractBeanFactory.java:202)
	at org.springframework.context.support.AbstractApplicationContext.getBean(AbstractApplicationContext.java:1108)
	at org.springframework.context.support.AbstractApplicationContext.finishBeanFactoryInitialization(AbstractApplicationContext.java:868)
	at org.springframework.context.support.AbstractApplicationContext.refresh(AbstractApplicationContext.java:550)
	at org.springframework.boot.web.servlet.context.ServletWebServerApplicationContext.refresh(ServletWebServerApplicationContext.java:141)
	at org.springframework.boot.SpringApplication.refresh(SpringApplication.java:747)
	at org.springframework.boot.SpringApplication.refreshContext(SpringApplication.java:397)
	at org.springframework.boot.SpringApplication.run(SpringApplication.java:315)
	at org.springframework.boot.SpringApplication.run(SpringApplication.java:1226)
	at org.springframework.boot.SpringApplication.run(SpringApplication.java:1215)
	at com.smb.erp.SmbErpApplication.main(SmbErpApplication.java:10)
Caused by: org.hibernate.AnnotationException: @OneToOne or @ManyToOne on com.smb.erp.entity.BusDoc.busdocinfo references an unknown entity: com.smb.erp.entity.BusDocInfo
	at org.hibernate.cfg.ToOneFkSecondPass.doSecondPass(ToOneFkSecondPass.java:97)
	at org.hibernate.boot.internal.InFlightMetadataCollectorImpl.processEndOfQueue(InFlightMetadataCollectorImpl.java:1814)
	at org.hibernate.boot.internal.InFlightMetadataCollectorImpl.processFkSecondPassesInOrder(InFlightMetadataCollectorImpl.java:1758)
	at org.hibernate.boot.internal.InFlightMetadataCollectorImpl.processSecondPasses(InFlightMetadataCollectorImpl.java:1646)
	at org.hibernate.boot.model.process.spi.MetadataBuildingProcess.complete(MetadataBuildingProcess.java:286)
	at org.hibernate.jpa.boot.internal.EntityManagerFactoryBuilderImpl.metadata(EntityManagerFactoryBuilderImpl.java:1202)
	at org.hibernate.jpa.boot.internal.EntityManagerFactoryBuilderImpl.build(EntityManagerFactoryBuilderImpl.java:1233)
	at org.springframework.orm.jpa.vendor.SpringHibernateJpaPersistenceProvider.createContainerEntityManagerFactory(SpringHibernateJpaPersistenceProvider.java:58)
	at org.springframework.orm.jpa.LocalContainerEntityManagerFactoryBean.createNativeEntityManagerFactory(LocalContainerEntityManagerFactoryBean.java:365)
	at org.springframework.orm.jpa.AbstractEntityManagerFactoryBean.buildNativeEntityManagerFactory(AbstractEntityManagerFactoryBean.java:391)
	at org.springframework.orm.jpa.AbstractEntityManagerFactoryBean.afterPropertiesSet(AbstractEntityManagerFactoryBean.java:378)
	at org.springframework.orm.jpa.LocalContainerEntityManagerFactoryBean.afterPropertiesSet(LocalContainerEntityManagerFactoryBean.java:341)
	at org.springframework.beans.factory.support.AbstractAutowireCapableBeanFactory.invokeInitMethods(AbstractAutowireCapableBeanFactory.java:1855)
	at org.springframework.beans.factory.support.AbstractAutowireCapableBeanFactory.initializeBean(AbstractAutowireCapableBeanFactory.java:1792)
	... 16 common frames omitted
2020-05-07 13:32:17,470 INFO org.springframework.boot.StartupInfoLogger [main] Starting SmbErpApplication on FatemaLaptop with PID 18668 (D:\Projects\SmbErp\target\classes started by FatemaLaptop in D:\Projects\SmbErp)
2020-05-07 13:32:17,554 INFO org.springframework.boot.SpringApplication [main] No active profile set, falling back to default profiles: default
2020-05-07 13:32:18,315 INFO org.springframework.data.repository.config.RepositoryConfigurationDelegate [main] Bootstrapping Spring Data JPA repositories in DEFAULT mode.
2020-05-07 13:32:18,526 INFO org.springframework.data.repository.config.RepositoryConfigurationDelegate [main] Finished Spring Data repository scanning in 161ms. Found 21 JPA repository interfaces.
2020-05-07 13:32:19,276 INFO org.springframework.context.support.PostProcessorRegistrationDelegate$BeanPostProcessorChecker [main] Bean 'org.springframework.transaction.annotation.ProxyTransactionManagementConfiguration' of type [org.springframework.transaction.annotation.ProxyTransactionManagementConfiguration] is not eligible for getting processed by all BeanPostProcessors (for example: not eligible for auto-proxying)
2020-05-07 13:32:19,342 INFO org.springframework.context.support.PostProcessorRegistrationDelegate$BeanPostProcessorChecker [main] Bean 'org.joinfaces.autoconfigure.javaxfaces.JsfBeansAutoConfiguration$Jsf2_3AutoConfiguration' of type [org.joinfaces.autoconfigure.javaxfaces.JsfBeansAutoConfiguration$Jsf2_3AutoConfiguration] is not eligible for getting processed by all BeanPostProcessors (for example: not eligible for auto-proxying)
2020-05-07 13:32:19,385 INFO org.springframework.context.support.PostProcessorRegistrationDelegate$BeanPostProcessorChecker [main] Bean 'org.joinfaces.autoconfigure.javaxfaces.JsfBeansAutoConfiguration' of type [org.joinfaces.autoconfigure.javaxfaces.JsfBeansAutoConfiguration] is not eligible for getting processed by all BeanPostProcessors (for example: not eligible for auto-proxying)
2020-05-07 13:32:19,792 INFO org.springframework.boot.web.embedded.tomcat.TomcatWebServer [main] Tomcat initialized with port(s): 8008 (http)
2020-05-07 13:32:19,859 INFO org.apache.juli.logging.DirectJDKLog [main] Initializing ProtocolHandler ["http-nio-8008"]
2020-05-07 13:32:19,924 INFO org.apache.juli.logging.DirectJDKLog [main] Starting service [Tomcat]
2020-05-07 13:32:19,965 INFO org.apache.juli.logging.DirectJDKLog [main] Starting Servlet engine: [Apache Tomcat/9.0.30]
2020-05-07 13:32:20,595 INFO org.apache.juli.logging.DirectJDKLog [main] At least one JAR was scanned for TLDs yet contained no TLDs. Enable debug logging for this logger for a complete list of JARs that were scanned but no TLDs were found in them. Skipping unneeded JARs during scanning can improve startup time and JSP compilation time.
2020-05-07 13:32:20,650 INFO org.apache.juli.logging.DirectJDKLog [main] Initializing Spring embedded WebApplicationContext
2020-05-07 13:32:20,685 INFO org.springframework.boot.web.servlet.context.ServletWebServerApplicationContext [main] Root WebApplicationContext: initialization completed in 3030 ms
2020-05-07 13:32:22,626 INFO org.joinfaces.autoconfigure.servlet.initializer.ServletContainerInitializerRegistrationBean [main] Resolving classes for com.sun.faces.config.FacesInitializer took 1.7634425s
2020-05-07 13:32:22,715 INFO com.sun.faces.config.ConfigureListener [main] Initializing Mojarra |version.string| for context ''
2020-05-07 13:32:23,085 INFO com.sun.faces.spi.InjectionProviderFactory [main] JSF1048: PostConstruct/PreDestroy annotations present.  ManagedBeans methods marked with these annotations will have said annotations processed.
2020-05-07 13:32:23,877 INFO org.primefaces.webapp.PostConstructApplicationEventListener [main] Running on PrimeFaces 7.0
2020-05-07 13:32:23,912 INFO org.primefaces.extensions.application.PostConstructApplicationEventListener [main] Running on PrimeFaces Extensions 7.0.3
2020-05-07 13:32:24,132 INFO org.hibernate.jpa.internal.util.LogHelper [main] HHH000204: Processing PersistenceUnitInfo [name: default]
2020-05-07 13:32:24,265 INFO org.hibernate.Version [main] HHH000412: Hibernate Core {5.4.10.Final}
2020-05-07 13:32:24,486 INFO org.hibernate.annotations.common.reflection.java.JavaReflectionManager [main] HCANN000001: Hibernate Commons Annotations {5.1.0.Final}
2020-05-07 13:32:24,650 INFO com.zaxxer.hikari.HikariDataSource [main] HikariPool-1 - Starting...
2020-05-07 13:32:24,783 INFO com.zaxxer.hikari.HikariDataSource [main] HikariPool-1 - Start completed.
2020-05-07 13:32:24,870 INFO org.hibernate.dialect.Dialect [main] HHH000400: Using dialect: org.hibernate.dialect.MySQL57Dialect
2020-05-07 13:32:27,215 INFO org.hibernate.engine.transaction.jta.platform.internal.JtaPlatformInitiator [main] HHH000490: Using JtaPlatform implementation: [org.hibernate.engine.transaction.jta.platform.internal.NoJtaPlatform]
2020-05-07 13:32:27,398 INFO org.springframework.orm.jpa.AbstractEntityManagerFactoryBean [main] Initialized JPA EntityManagerFactory for persistence unit 'default'
2020-05-07 13:32:28,060 WARN org.hibernate.dialect.function.TemplateRenderer [main] HHH000174: Function template anticipated 4 arguments, but 1 arguments encountered
2020-05-07 13:32:29,115 INFO org.springframework.scheduling.concurrent.ExecutorConfigurationSupport [main] Initializing ExecutorService 'applicationTaskExecutor'
2020-05-07 13:32:29,576 INFO org.apache.juli.logging.DirectJDKLog [main] Starting ProtocolHandler ["http-nio-8008"]
2020-05-07 13:32:29,673 INFO org.springframework.boot.web.embedded.tomcat.TomcatWebServer [main] Tomcat started on port(s): 8008 (http) with context path ''
2020-05-07 13:32:29,708 INFO org.springframework.boot.StartupInfoLogger [main] Started SmbErpApplication in 14.014 seconds (JVM running for 14.726)
2020-05-07 13:34:15,636 INFO org.springframework.boot.StartupInfoLogger [main] Starting SmbErpApplication on FatemaLaptop with PID 18104 (D:\Projects\SmbErp\target\classes started by FatemaLaptop in D:\Projects\SmbErp)
2020-05-07 13:34:15,716 INFO org.springframework.boot.SpringApplication [main] No active profile set, falling back to default profiles: default
2020-05-07 13:34:16,470 INFO org.springframework.data.repository.config.RepositoryConfigurationDelegate [main] Bootstrapping Spring Data JPA repositories in DEFAULT mode.
2020-05-07 13:34:16,700 INFO org.springframework.data.repository.config.RepositoryConfigurationDelegate [main] Finished Spring Data repository scanning in 183ms. Found 21 JPA repository interfaces.
2020-05-07 13:34:17,435 INFO org.springframework.context.support.PostProcessorRegistrationDelegate$BeanPostProcessorChecker [main] Bean 'org.springframework.transaction.annotation.ProxyTransactionManagementConfiguration' of type [org.springframework.transaction.annotation.ProxyTransactionManagementConfiguration] is not eligible for getting processed by all BeanPostProcessors (for example: not eligible for auto-proxying)
2020-05-07 13:34:17,497 INFO org.springframework.context.support.PostProcessorRegistrationDelegate$BeanPostProcessorChecker [main] Bean 'org.joinfaces.autoconfigure.javaxfaces.JsfBeansAutoConfiguration$Jsf2_3AutoConfiguration' of type [org.joinfaces.autoconfigure.javaxfaces.JsfBeansAutoConfiguration$Jsf2_3AutoConfiguration] is not eligible for getting processed by all BeanPostProcessors (for example: not eligible for auto-proxying)
2020-05-07 13:34:17,536 INFO org.springframework.context.support.PostProcessorRegistrationDelegate$BeanPostProcessorChecker [main] Bean 'org.joinfaces.autoconfigure.javaxfaces.JsfBeansAutoConfiguration' of type [org.joinfaces.autoconfigure.javaxfaces.JsfBeansAutoConfiguration] is not eligible for getting processed by all BeanPostProcessors (for example: not eligible for auto-proxying)
2020-05-07 13:34:17,879 INFO org.springframework.boot.web.embedded.tomcat.TomcatWebServer [main] Tomcat initialized with port(s): 8008 (http)
2020-05-07 13:34:17,920 INFO org.apache.juli.logging.DirectJDKLog [main] Initializing ProtocolHandler ["http-nio-8008"]
2020-05-07 13:34:17,963 INFO org.apache.juli.logging.DirectJDKLog [main] Starting service [Tomcat]
2020-05-07 13:34:17,997 INFO org.apache.juli.logging.DirectJDKLog [main] Starting Servlet engine: [Apache Tomcat/9.0.30]
2020-05-07 13:34:18,576 INFO org.apache.juli.logging.DirectJDKLog [main] At least one JAR was scanned for TLDs yet contained no TLDs. Enable debug logging for this logger for a complete list of JARs that were scanned but no TLDs were found in them. Skipping unneeded JARs during scanning can improve startup time and JSP compilation time.
2020-05-07 13:34:18,625 INFO org.apache.juli.logging.DirectJDKLog [main] Initializing Spring embedded WebApplicationContext
2020-05-07 13:34:18,672 INFO org.springframework.boot.web.servlet.context.ServletWebServerApplicationContext [main] Root WebApplicationContext: initialization completed in 2875 ms
2020-05-07 13:34:20,719 INFO org.joinfaces.autoconfigure.servlet.initializer.ServletContainerInitializerRegistrationBean [main] Resolving classes for com.sun.faces.config.FacesInitializer took 1.8308417s
2020-05-07 13:34:20,805 INFO com.sun.faces.config.ConfigureListener [main] Initializing Mojarra |version.string| for context ''
2020-05-07 13:34:21,205 INFO com.sun.faces.spi.InjectionProviderFactory [main] JSF1048: PostConstruct/PreDestroy annotations present.  ManagedBeans methods marked with these annotations will have said annotations processed.
2020-05-07 13:34:21,935 INFO org.primefaces.webapp.PostConstructApplicationEventListener [main] Running on PrimeFaces 7.0
2020-05-07 13:34:21,972 INFO org.primefaces.extensions.application.PostConstructApplicationEventListener [main] Running on PrimeFaces Extensions 7.0.3
2020-05-07 13:34:22,220 INFO org.hibernate.jpa.internal.util.LogHelper [main] HHH000204: Processing PersistenceUnitInfo [name: default]
2020-05-07 13:34:22,370 INFO org.hibernate.Version [main] HHH000412: Hibernate Core {5.4.10.Final}
2020-05-07 13:34:22,579 INFO org.hibernate.annotations.common.reflection.java.JavaReflectionManager [main] HCANN000001: Hibernate Commons Annotations {5.1.0.Final}
2020-05-07 13:34:22,770 INFO com.zaxxer.hikari.HikariDataSource [main] HikariPool-1 - Starting...
2020-05-07 13:34:22,880 INFO com.zaxxer.hikari.HikariDataSource [main] HikariPool-1 - Start completed.
2020-05-07 13:34:22,955 INFO org.hibernate.dialect.Dialect [main] HHH000400: Using dialect: org.hibernate.dialect.MySQL57Dialect
2020-05-07 13:34:25,190 INFO org.hibernate.engine.transaction.jta.platform.internal.JtaPlatformInitiator [main] HHH000490: Using JtaPlatform implementation: [org.hibernate.engine.transaction.jta.platform.internal.NoJtaPlatform]
2020-05-07 13:34:25,397 INFO org.springframework.orm.jpa.AbstractEntityManagerFactoryBean [main] Initialized JPA EntityManagerFactory for persistence unit 'default'
2020-05-07 13:34:26,078 WARN org.hibernate.dialect.function.TemplateRenderer [main] HHH000174: Function template anticipated 4 arguments, but 1 arguments encountered
2020-05-07 13:34:27,095 INFO org.springframework.scheduling.concurrent.ExecutorConfigurationSupport [main] Initializing ExecutorService 'applicationTaskExecutor'
2020-05-07 13:34:27,496 INFO org.apache.juli.logging.DirectJDKLog [main] Starting ProtocolHandler ["http-nio-8008"]
2020-05-07 13:34:27,564 INFO org.springframework.boot.web.embedded.tomcat.TomcatWebServer [main] Tomcat started on port(s): 8008 (http) with context path ''
2020-05-07 13:34:27,603 INFO org.springframework.boot.StartupInfoLogger [main] Started SmbErpApplication in 13.744 seconds (JVM running for 14.269)
2020-05-07 13:41:55,766 INFO org.apache.juli.logging.DirectJDKLog [http-nio-8008-exec-8] Initializing Spring DispatcherServlet 'dispatcherServlet'
2020-05-07 13:41:55,808 INFO org.springframework.web.servlet.FrameworkServlet [http-nio-8008-exec-8] Initializing Servlet 'dispatcherServlet'
2020-05-07 13:41:55,855 INFO org.springframework.web.servlet.FrameworkServlet [http-nio-8008-exec-8] Completed initialization in 8 ms
